nohup: ignoring input
device: cuda:0
`torch_dtype` is deprecated! Use `dtype` instead!
Loading weights:   0%|          | 0/434 [00:00<?, ?it/s]Loading weights:   0%|          | 1/434 [00:00<05:48,  1.24it/s]Loading weights:  17%|█▋        | 75/434 [00:00<00:03, 106.27it/s]Loading weights:  25%|██▍       | 107/434 [00:01<00:02, 129.14it/s]Loading weights:  31%|███       | 134/434 [00:01<00:02, 138.10it/s]Loading weights:  36%|███▌      | 157/434 [00:01<00:01, 138.89it/s]Loading weights:  41%|████      | 177/434 [00:01<00:01, 134.90it/s]Loading weights:  45%|████▍     | 195/434 [00:01<00:01, 128.66it/s]Loading weights:  50%|█████     | 219/434 [00:01<00:01, 139.04it/s]Loading weights:  56%|█████▌    | 243/434 [00:02<00:01, 145.22it/s]Loading weights:  60%|█████▉    | 259/434 [00:02<00:01, 143.58it/s]Loading weights:  64%|██████▍   | 279/434 [00:02<00:01, 142.58it/s]Loading weights:  70%|██████▉   | 303/434 [00:02<00:00, 145.97it/s]Loading weights:  75%|███████▌  | 327/434 [00:02<00:00, 143.31it/s]Loading weights:  81%|████████  | 351/434 [00:02<00:00, 142.97it/s]Loading weights:  86%|████████▋ | 375/434 [00:02<00:00, 150.48it/s]Loading weights:  92%|█████████▏| 399/434 [00:03<00:00, 142.19it/s]Loading weights:  97%|█████████▋| 423/434 [00:03<00:00, 149.72it/s]Loading weights: 100%|██████████| 434/434 [00:03<00:00, 132.09it/s]
trainable params: 14,966,784 || all params: 3,100,905,472 || trainable%: 0.4827

=== Epoch 1/3 ===
step 10/11358 (0.1%) | loss 3.5289 | lr 3.53e-06 | ETA 876.0min
step 20/11358 (0.2%) | loss 3.1491 | lr 7.05e-06 | ETA 854.1min
step 30/11358 (0.3%) | loss 2.8141 | lr 1.06e-05 | ETA 855.4min
step 40/11358 (0.4%) | loss 2.3172 | lr 1.41e-05 | ETA 854.1min
step 50/11358 (0.4%) | loss 2.1425 | lr 1.76e-05 | ETA 853.9min
step 60/11358 (0.5%) | loss 2.1312 | lr 2.12e-05 | ETA 856.4min
step 70/11358 (0.6%) | loss 2.0925 | lr 2.47e-05 | ETA 855.4min
step 80/11358 (0.7%) | loss 1.9926 | lr 2.82e-05 | ETA 858.3min
step 90/11358 (0.8%) | loss 2.1338 | lr 3.17e-05 | ETA 854.4min
step 100/11358 (0.9%) | loss 1.9518 | lr 3.53e-05 | ETA 853.9min
step 110/11358 (1.0%) | loss 2.0693 | lr 3.88e-05 | ETA 853.1min
step 120/11358 (1.1%) | loss 2.1454 | lr 4.23e-05 | ETA 852.7min
step 130/11358 (1.1%) | loss 2.0260 | lr 4.59e-05 | ETA 851.7min
step 140/11358 (1.2%) | loss 2.0022 | lr 4.94e-05 | ETA 855.2min
step 150/11358 (1.3%) | loss 2.0198 | lr 5.29e-05 | ETA 850.9min
step 160/11358 (1.4%) | loss 2.1465 | lr 5.64e-05 | ETA 850.2min
step 170/11358 (1.5%) | loss 2.1138 | lr 6.00e-05 | ETA 850.9min
step 180/11358 (1.6%) | loss 2.0919 | lr 6.35e-05 | ETA 849.6min
step 190/11358 (1.7%) | loss 1.9784 | lr 6.70e-05 | ETA 851.0min
step 200/11358 (1.8%) | loss 2.2547 | lr 7.05e-05 | ETA 846.0min
step 210/11358 (1.8%) | loss 2.1082 | lr 7.41e-05 | ETA 843.8min
step 220/11358 (1.9%) | loss 2.1011 | lr 7.76e-05 | ETA 846.0min
step 230/11358 (2.0%) | loss 2.0263 | lr 8.11e-05 | ETA 844.2min
step 240/11358 (2.1%) | loss 2.1833 | lr 8.47e-05 | ETA 845.8min
step 250/11358 (2.2%) | loss 2.0140 | lr 8.82e-05 | ETA 843.7min
step 260/11358 (2.3%) | loss 2.0459 | lr 9.17e-05 | ETA 841.2min
step 270/11358 (2.4%) | loss 2.1229 | lr 9.52e-05 | ETA 840.9min
step 280/11358 (2.5%) | loss 2.0240 | lr 9.88e-05 | ETA 839.9min
step 290/11358 (2.6%) | loss 2.1647 | lr 1.02e-04 | ETA 839.7min
step 300/11358 (2.6%) | loss 1.9886 | lr 1.06e-04 | ETA 841.9min
step 310/11358 (2.7%) | loss 1.9973 | lr 1.09e-04 | ETA 838.3min
step 320/11358 (2.8%) | loss 2.1588 | lr 1.13e-04 | ETA 838.4min
step 330/11358 (2.9%) | loss 2.0425 | lr 1.16e-04 | ETA 840.2min
step 340/11358 (3.0%) | loss 2.1067 | lr 1.20e-04 | ETA 840.4min
step 350/11358 (3.1%) | loss 2.1377 | lr 1.23e-04 | ETA 834.9min
step 360/11358 (3.2%) | loss 1.9939 | lr 1.27e-04 | ETA 842.3min
step 370/11358 (3.3%) | loss 1.8937 | lr 1.31e-04 | ETA 834.3min
step 380/11358 (3.3%) | loss 1.7762 | lr 1.34e-04 | ETA 834.0min
step 390/11358 (3.4%) | loss 1.9385 | lr 1.38e-04 | ETA 831.9min
step 400/11358 (3.5%) | loss 1.8839 | lr 1.41e-04 | ETA 831.2min
step 410/11358 (3.6%) | loss 2.0824 | lr 1.45e-04 | ETA 831.3min
step 420/11358 (3.7%) | loss 1.9110 | lr 1.48e-04 | ETA 834.6min
step 430/11358 (3.8%) | loss 2.3133 | lr 1.52e-04 | ETA 829.6min
step 440/11358 (3.9%) | loss 1.9656 | lr 1.55e-04 | ETA 827.2min
step 450/11358 (4.0%) | loss 1.8345 | lr 1.59e-04 | ETA 829.1min
step 460/11358 (4.1%) | loss 2.1014 | lr 1.62e-04 | ETA 826.5min
step 470/11358 (4.1%) | loss 2.0061 | lr 1.66e-04 | ETA 831.1min
step 480/11358 (4.2%) | loss 2.1273 | lr 1.69e-04 | ETA 823.5min
step 490/11358 (4.3%) | loss 1.9953 | lr 1.73e-04 | ETA 824.2min
step 500/11358 (4.4%) | loss 2.0494 | lr 1.76e-04 | ETA 822.2min
eval loss: 1.9792
best model saved (loss=1.9792)
step 510/11358 (4.5%) | loss 1.8855 | lr 1.80e-04 | ETA 825.2min
step 520/11358 (4.6%) | loss 2.3059 | lr 1.83e-04 | ETA 826.3min
step 530/11358 (4.7%) | loss 1.8615 | lr 1.87e-04 | ETA 821.6min
step 540/11358 (4.8%) | loss 1.8886 | lr 1.90e-04 | ETA 821.3min
step 550/11358 (4.8%) | loss 1.8859 | lr 1.94e-04 | ETA 820.3min
step 560/11358 (4.9%) | loss 1.9945 | lr 1.98e-04 | ETA 820.2min
step 570/11358 (5.0%) | loss 1.8430 | lr 2.00e-04 | ETA 820.0min
step 580/11358 (5.1%) | loss 2.0548 | lr 2.00e-04 | ETA 816.7min
step 590/11358 (5.2%) | loss 2.1052 | lr 2.00e-04 | ETA 817.7min
step 600/11358 (5.3%) | loss 2.0441 | lr 2.00e-04 | ETA 816.4min
step 610/11358 (5.4%) | loss 2.0620 | lr 2.00e-04 | ETA 815.7min
step 620/11358 (5.5%) | loss 2.0348 | lr 2.00e-04 | ETA 815.2min
step 630/11358 (5.5%) | loss 2.1107 | lr 2.00e-04 | ETA 818.5min
step 640/11358 (5.6%) | loss 2.1438 | lr 2.00e-04 | ETA 813.5min
step 650/11358 (5.7%) | loss 2.1228 | lr 2.00e-04 | ETA 815.3min
step 660/11358 (5.8%) | loss 1.8761 | lr 2.00e-04 | ETA 811.1min
step 670/11358 (5.9%) | loss 2.0156 | lr 2.00e-04 | ETA 811.0min
step 680/11358 (6.0%) | loss 2.0485 | lr 2.00e-04 | ETA 814.2min
step 690/11358 (6.1%) | loss 2.2131 | lr 2.00e-04 | ETA 809.6min
step 700/11358 (6.2%) | loss 1.8663 | lr 2.00e-04 | ETA 809.3min
step 710/11358 (6.3%) | loss 1.9714 | lr 2.00e-04 | ETA 809.9min
step 720/11358 (6.3%) | loss 1.8380 | lr 2.00e-04 | ETA 807.3min
step 730/11358 (6.4%) | loss 1.8669 | lr 2.00e-04 | ETA 805.4min
step 740/11358 (6.5%) | loss 2.1995 | lr 2.00e-04 | ETA 804.6min
step 750/11358 (6.6%) | loss 2.0008 | lr 2.00e-04 | ETA 803.9min
step 760/11358 (6.7%) | loss 1.9280 | lr 2.00e-04 | ETA 806.2min
step 770/11358 (6.8%) | loss 2.0889 | lr 2.00e-04 | ETA 804.1min
step 780/11358 (6.9%) | loss 1.9764 | lr 2.00e-04 | ETA 805.4min
step 790/11358 (7.0%) | loss 2.1132 | lr 2.00e-04 | ETA 805.2min
step 800/11358 (7.0%) | loss 2.0028 | lr 2.00e-04 | ETA 805.4min
step 810/11358 (7.1%) | loss 2.0512 | lr 2.00e-04 | ETA 801.7min
step 820/11358 (7.2%) | loss 2.0912 | lr 2.00e-04 | ETA 800.3min
step 830/11358 (7.3%) | loss 1.8547 | lr 2.00e-04 | ETA 800.1min
step 840/11358 (7.4%) | loss 1.9393 | lr 2.00e-04 | ETA 798.9min
step 850/11358 (7.5%) | loss 1.9908 | lr 2.00e-04 | ETA 800.6min
step 860/11358 (7.6%) | loss 2.0489 | lr 2.00e-04 | ETA 796.1min
step 870/11358 (7.7%) | loss 1.9479 | lr 2.00e-04 | ETA 796.5min
step 880/11358 (7.7%) | loss 1.8372 | lr 2.00e-04 | ETA 795.5min
step 890/11358 (7.8%) | loss 1.8795 | lr 2.00e-04 | ETA 794.2min
step 900/11358 (7.9%) | loss 1.9803 | lr 2.00e-04 | ETA 793.7min
step 910/11358 (8.0%) | loss 1.9924 | lr 2.00e-04 | ETA 796.7min
step 920/11358 (8.1%) | loss 2.0943 | lr 1.99e-04 | ETA 794.4min
step 930/11358 (8.2%) | loss 1.9523 | lr 1.99e-04 | ETA 791.9min
step 940/11358 (8.3%) | loss 2.0793 | lr 1.99e-04 | ETA 793.2min
step 950/11358 (8.4%) | loss 1.9018 | lr 1.99e-04 | ETA 790.0min
step 960/11358 (8.5%) | loss 1.9794 | lr 1.99e-04 | ETA 792.6min
step 970/11358 (8.5%) | loss 2.0329 | lr 1.99e-04 | ETA 789.0min
step 980/11358 (8.6%) | loss 1.8423 | lr 1.99e-04 | ETA 788.0min
step 990/11358 (8.7%) | loss 1.8876 | lr 1.99e-04 | ETA 787.0min
step 1000/11358 (8.8%) | loss 1.8454 | lr 1.99e-04 | ETA 785.5min
eval loss: 1.9599
best model saved (loss=1.9599)
step 1010/11358 (8.9%) | loss 1.9474 | lr 1.99e-04 | ETA 786.8min
step 1020/11358 (9.0%) | loss 1.8723 | lr 1.99e-04 | ETA 787.8min
step 1030/11358 (9.1%) | loss 2.0077 | lr 1.99e-04 | ETA 786.1min
step 1040/11358 (9.2%) | loss 1.9734 | lr 1.99e-04 | ETA 786.2min
step 1050/11358 (9.2%) | loss 1.9820 | lr 1.99e-04 | ETA 780.6min
step 1060/11358 (9.3%) | loss 1.9906 | lr 1.99e-04 | ETA 782.0min
step 1070/11358 (9.4%) | loss 1.8900 | lr 1.99e-04 | ETA 785.4min
step 1080/11358 (9.5%) | loss 1.8195 | lr 1.99e-04 | ETA 779.5min
step 1090/11358 (9.6%) | loss 2.0568 | lr 1.99e-04 | ETA 779.0min
step 1100/11358 (9.7%) | loss 1.8148 | lr 1.99e-04 | ETA 778.0min
step 1110/11358 (9.8%) | loss 2.0320 | lr 1.99e-04 | ETA 778.0min
step 1120/11358 (9.9%) | loss 1.9334 | lr 1.99e-04 | ETA 774.3min
step 1130/11358 (9.9%) | loss 2.1015 | lr 1.99e-04 | ETA 777.6min
step 1140/11358 (10.0%) | loss 1.8854 | lr 1.99e-04 | ETA 775.0min
step 1150/11358 (10.1%) | loss 1.8915 | lr 1.99e-04 | ETA 772.5min
step 1160/11358 (10.2%) | loss 1.8471 | lr 1.99e-04 | ETA 773.6min
step 1170/11358 (10.3%) | loss 2.0867 | lr 1.98e-04 | ETA 767.5min
step 1180/11358 (10.4%) | loss 1.9296 | lr 1.98e-04 | ETA 774.6min
step 1190/11358 (10.5%) | loss 2.1041 | lr 1.98e-04 | ETA 774.2min
step 1200/11358 (10.6%) | loss 2.0178 | lr 1.98e-04 | ETA 771.7min
step 1210/11358 (10.7%) | loss 1.8961 | lr 1.98e-04 | ETA 768.8min
step 1220/11358 (10.7%) | loss 2.0905 | lr 1.98e-04 | ETA 769.4min
step 1230/11358 (10.8%) | loss 1.9292 | lr 1.98e-04 | ETA 770.3min
step 1240/11358 (10.9%) | loss 1.7561 | lr 1.98e-04 | ETA 771.8min
step 1250/11358 (11.0%) | loss 2.1424 | lr 1.98e-04 | ETA 769.1min
step 1260/11358 (11.1%) | loss 1.9724 | lr 1.98e-04 | ETA 766.2min
step 1270/11358 (11.2%) | loss 1.9123 | lr 1.98e-04 | ETA 764.4min
step 1280/11358 (11.3%) | loss 2.1454 | lr 1.98e-04 | ETA 762.9min
step 1290/11358 (11.4%) | loss 1.7639 | lr 1.98e-04 | ETA 763.4min
step 1300/11358 (11.4%) | loss 1.7951 | lr 1.98e-04 | ETA 766.6min
step 1310/11358 (11.5%) | loss 2.0582 | lr 1.98e-04 | ETA 763.0min
step 1320/11358 (11.6%) | loss 2.0581 | lr 1.98e-04 | ETA 764.1min
step 1330/11358 (11.7%) | loss 2.0562 | lr 1.98e-04 | ETA 763.0min
step 1340/11358 (11.8%) | loss 1.8887 | lr 1.97e-04 | ETA 761.9min
step 1350/11358 (11.9%) | loss 2.1043 | lr 1.97e-04 | ETA 763.4min
step 1360/11358 (12.0%) | loss 2.0839 | lr 1.97e-04 | ETA 757.8min
step 1370/11358 (12.1%) | loss 1.9313 | lr 1.97e-04 | ETA 758.2min
step 1380/11358 (12.2%) | loss 1.8750 | lr 1.97e-04 | ETA 758.2min
step 1390/11358 (12.2%) | loss 1.9705 | lr 1.97e-04 | ETA 757.6min
step 1400/11358 (12.3%) | loss 1.9684 | lr 1.97e-04 | ETA 756.6min
step 1410/11358 (12.4%) | loss 1.9864 | lr 1.97e-04 | ETA 759.5min
step 1420/11358 (12.5%) | loss 1.9236 | lr 1.97e-04 | ETA 756.4min
step 1430/11358 (12.6%) | loss 1.9602 | lr 1.97e-04 | ETA 752.9min
step 1440/11358 (12.7%) | loss 1.9663 | lr 1.97e-04 | ETA 754.5min
step 1450/11358 (12.8%) | loss 1.9229 | lr 1.97e-04 | ETA 753.1min
step 1460/11358 (12.9%) | loss 1.8816 | lr 1.97e-04 | ETA 755.9min
step 1470/11358 (12.9%) | loss 2.0266 | lr 1.97e-04 | ETA 751.5min
step 1480/11358 (13.0%) | loss 1.9118 | lr 1.96e-04 | ETA 750.9min
step 1490/11358 (13.1%) | loss 1.9937 | lr 1.96e-04 | ETA 747.7min
step 1500/11358 (13.2%) | loss 2.1254 | lr 1.96e-04 | ETA 750.4min
eval loss: 1.9449
best model saved (loss=1.9449)
step 1510/11358 (13.3%) | loss 2.0744 | lr 1.96e-04 | ETA 747.9min
step 1520/11358 (13.4%) | loss 2.0056 | lr 1.96e-04 | ETA 748.2min
step 1530/11358 (13.5%) | loss 1.9960 | lr 1.96e-04 | ETA 747.8min
step 1540/11358 (13.6%) | loss 2.0015 | lr 1.96e-04 | ETA 745.9min
step 1550/11358 (13.6%) | loss 2.0185 | lr 1.96e-04 | ETA 745.5min
step 1560/11358 (13.7%) | loss 1.9021 | lr 1.96e-04 | ETA 745.4min
step 1570/11358 (13.8%) | loss 1.9793 | lr 1.96e-04 | ETA 745.6min
step 1580/11358 (13.9%) | loss 1.9051 | lr 1.96e-04 | ETA 742.4min
step 1590/11358 (14.0%) | loss 1.7889 | lr 1.96e-04 | ETA 742.9min
step 1600/11358 (14.1%) | loss 2.1038 | lr 1.96e-04 | ETA 738.8min
step 1610/11358 (14.2%) | loss 2.0177 | lr 1.95e-04 | ETA 740.0min
step 1620/11358 (14.3%) | loss 2.0294 | lr 1.95e-04 | ETA 739.7min
step 1630/11358 (14.4%) | loss 1.9483 | lr 1.95e-04 | ETA 741.5min
step 1640/11358 (14.4%) | loss 1.8683 | lr 1.95e-04 | ETA 736.3min
step 1650/11358 (14.5%) | loss 2.0208 | lr 1.95e-04 | ETA 736.4min
step 1660/11358 (14.6%) | loss 1.9408 | lr 1.95e-04 | ETA 736.9min
step 1670/11358 (14.7%) | loss 2.0310 | lr 1.95e-04 | ETA 735.6min
step 1680/11358 (14.8%) | loss 1.9953 | lr 1.95e-04 | ETA 736.2min
step 1690/11358 (14.9%) | loss 1.9718 | lr 1.95e-04 | ETA 734.1min
step 1700/11358 (15.0%) | loss 2.0253 | lr 1.95e-04 | ETA 735.2min
step 1710/11358 (15.1%) | loss 2.1190 | lr 1.95e-04 | ETA 734.3min
step 1720/11358 (15.1%) | loss 2.0264 | lr 1.94e-04 | ETA 732.9min
step 1730/11358 (15.2%) | loss 2.1310 | lr 1.94e-04 | ETA 731.7min
step 1740/11358 (15.3%) | loss 1.9262 | lr 1.94e-04 | ETA 732.7min
step 1750/11358 (15.4%) | loss 1.8675 | lr 1.94e-04 | ETA 730.6min
step 1760/11358 (15.5%) | loss 1.9706 | lr 1.94e-04 | ETA 728.8min
step 1770/11358 (15.6%) | loss 1.8992 | lr 1.94e-04 | ETA 727.2min
step 1780/11358 (15.7%) | loss 1.8531 | lr 1.94e-04 | ETA 726.8min
step 1790/11358 (15.8%) | loss 1.9750 | lr 1.94e-04 | ETA 728.0min
step 1800/11358 (15.8%) | loss 1.9175 | lr 1.94e-04 | ETA 727.6min
step 1810/11358 (15.9%) | loss 2.0139 | lr 1.94e-04 | ETA 724.8min
step 1820/11358 (16.0%) | loss 1.9725 | lr 1.93e-04 | ETA 723.6min
step 1830/11358 (16.1%) | loss 2.1207 | lr 1.93e-04 | ETA 724.2min
step 1840/11358 (16.2%) | loss 1.9126 | lr 1.93e-04 | ETA 722.4min
step 1850/11358 (16.3%) | loss 2.0311 | lr 1.93e-04 | ETA 724.1min
step 1860/11358 (16.4%) | loss 2.0700 | lr 1.93e-04 | ETA 720.4min
step 1870/11358 (16.5%) | loss 2.0445 | lr 1.93e-04 | ETA 721.4min
step 1880/11358 (16.6%) | loss 1.8126 | lr 1.93e-04 | ETA 719.9min
step 1890/11358 (16.6%) | loss 1.9274 | lr 1.93e-04 | ETA 721.2min
step 1900/11358 (16.7%) | loss 1.9265 | lr 1.93e-04 | ETA 718.9min
step 1910/11358 (16.8%) | loss 1.9605 | lr 1.92e-04 | ETA 720.5min
step 1920/11358 (16.9%) | loss 1.9050 | lr 1.92e-04 | ETA 717.7min
step 1930/11358 (17.0%) | loss 1.8356 | lr 1.92e-04 | ETA 716.9min
step 1940/11358 (17.1%) | loss 1.8984 | lr 1.92e-04 | ETA 716.3min
step 1950/11358 (17.2%) | loss 1.9498 | lr 1.92e-04 | ETA 713.5min
step 1960/11358 (17.3%) | loss 1.8641 | lr 1.92e-04 | ETA 717.8min
step 1970/11358 (17.3%) | loss 1.9041 | lr 1.92e-04 | ETA 713.1min
step 1980/11358 (17.4%) | loss 2.0387 | lr 1.92e-04 | ETA 712.4min
step 1990/11358 (17.5%) | loss 2.1260 | lr 1.92e-04 | ETA 711.8min
step 2000/11358 (17.6%) | loss 1.9239 | lr 1.91e-04 | ETA 710.0min
eval loss: 1.9462
no improvement (1/5)
step 2010/11358 (17.7%) | loss 2.1792 | lr 1.91e-04 | ETA 712.2min
step 2020/11358 (17.8%) | loss 1.8888 | lr 1.91e-04 | ETA 712.9min
step 2030/11358 (17.9%) | loss 2.0328 | lr 1.91e-04 | ETA 708.6min
step 2040/11358 (18.0%) | loss 2.1989 | lr 1.91e-04 | ETA 708.5min
step 2050/11358 (18.0%) | loss 2.0938 | lr 1.91e-04 | ETA 709.0min
step 2060/11358 (18.1%) | loss 1.9672 | lr 1.91e-04 | ETA 705.5min
step 2070/11358 (18.2%) | loss 1.8943 | lr 1.91e-04 | ETA 705.1min
step 2080/11358 (18.3%) | loss 1.9879 | lr 1.90e-04 | ETA 707.2min
step 2090/11358 (18.4%) | loss 2.0872 | lr 1.90e-04 | ETA 706.1min
step 2100/11358 (18.5%) | loss 1.9979 | lr 1.90e-04 | ETA 703.9min
step 2110/11358 (18.6%) | loss 2.0244 | lr 1.90e-04 | ETA 704.9min
step 2120/11358 (18.7%) | loss 1.9054 | lr 1.90e-04 | ETA 701.6min
step 2130/11358 (18.8%) | loss 1.9545 | lr 1.90e-04 | ETA 704.7min
step 2140/11358 (18.8%) | loss 1.9970 | lr 1.90e-04 | ETA 701.7min
step 2150/11358 (18.9%) | loss 1.8679 | lr 1.90e-04 | ETA 698.9min
step 2160/11358 (19.0%) | loss 1.8355 | lr 1.89e-04 | ETA 699.0min
step 2170/11358 (19.1%) | loss 1.9192 | lr 1.89e-04 | ETA 699.5min
step 2180/11358 (19.2%) | loss 2.0198 | lr 1.89e-04 | ETA 698.4min
step 2190/11358 (19.3%) | loss 2.0241 | lr 1.89e-04 | ETA 695.8min
step 2200/11358 (19.4%) | loss 1.8672 | lr 1.89e-04 | ETA 695.3min
step 2210/11358 (19.5%) | loss 1.9218 | lr 1.89e-04 | ETA 693.9min
step 2220/11358 (19.5%) | loss 2.0626 | lr 1.89e-04 | ETA 691.8min
step 2230/11358 (19.6%) | loss 2.0299 | lr 1.89e-04 | ETA 691.8min
step 2240/11358 (19.7%) | loss 2.0496 | lr 1.88e-04 | ETA 696.6min
step 2250/11358 (19.8%) | loss 1.8863 | lr 1.88e-04 | ETA 692.9min
step 2260/11358 (19.9%) | loss 2.0944 | lr 1.88e-04 | ETA 690.2min
step 2270/11358 (20.0%) | loss 2.0278 | lr 1.88e-04 | ETA 690.3min
step 2280/11358 (20.1%) | loss 1.8765 | lr 1.88e-04 | ETA 691.2min
step 2290/11358 (20.2%) | loss 1.9765 | lr 1.88e-04 | ETA 690.3min
step 2300/11358 (20.3%) | loss 1.9829 | lr 1.88e-04 | ETA 692.5min
step 2310/11358 (20.3%) | loss 2.1535 | lr 1.87e-04 | ETA 686.5min
step 2320/11358 (20.4%) | loss 2.1998 | lr 1.87e-04 | ETA 686.8min
step 2330/11358 (20.5%) | loss 1.8959 | lr 1.87e-04 | ETA 684.7min
step 2340/11358 (20.6%) | loss 1.9449 | lr 1.87e-04 | ETA 685.0min
step 2350/11358 (20.7%) | loss 2.0414 | lr 1.87e-04 | ETA 685.3min
step 2360/11358 (20.8%) | loss 1.9925 | lr 1.87e-04 | ETA 687.3min
step 2370/11358 (20.9%) | loss 1.8631 | lr 1.87e-04 | ETA 682.9min
step 2380/11358 (21.0%) | loss 2.2407 | lr 1.86e-04 | ETA 683.5min
step 2390/11358 (21.0%) | loss 1.8482 | lr 1.86e-04 | ETA 682.1min
step 2400/11358 (21.1%) | loss 1.8565 | lr 1.86e-04 | ETA 679.8min
step 2410/11358 (21.2%) | loss 1.8621 | lr 1.86e-04 | ETA 684.6min
step 2420/11358 (21.3%) | loss 1.8211 | lr 1.86e-04 | ETA 679.1min
step 2430/11358 (21.4%) | loss 2.0672 | lr 1.86e-04 | ETA 679.3min
step 2440/11358 (21.5%) | loss 1.9311 | lr 1.85e-04 | ETA 678.5min
step 2450/11358 (21.6%) | loss 1.9305 | lr 1.85e-04 | ETA 678.0min
step 2460/11358 (21.7%) | loss 1.8124 | lr 1.85e-04 | ETA 675.3min
step 2470/11358 (21.7%) | loss 2.0631 | lr 1.85e-04 | ETA 676.8min
step 2480/11358 (21.8%) | loss 1.9236 | lr 1.85e-04 | ETA 674.6min
step 2490/11358 (21.9%) | loss 2.0132 | lr 1.85e-04 | ETA 673.2min
step 2500/11358 (22.0%) | loss 2.1470 | lr 1.85e-04 | ETA 672.1min
eval loss: 1.9265
best model saved (loss=1.9265)
step 2510/11358 (22.1%) | loss 1.8170 | lr 1.84e-04 | ETA 672.6min
step 2520/11358 (22.2%) | loss 1.9928 | lr 1.84e-04 | ETA 671.6min
step 2530/11358 (22.3%) | loss 2.1537 | lr 1.84e-04 | ETA 674.1min
step 2540/11358 (22.4%) | loss 2.0948 | lr 1.84e-04 | ETA 669.3min
step 2550/11358 (22.5%) | loss 1.9569 | lr 1.84e-04 | ETA 667.6min
step 2560/11358 (22.5%) | loss 1.9329 | lr 1.84e-04 | ETA 669.3min
step 2570/11358 (22.6%) | loss 2.0061 | lr 1.83e-04 | ETA 667.3min
step 2580/11358 (22.7%) | loss 1.9496 | lr 1.83e-04 | ETA 670.2min
step 2590/11358 (22.8%) | loss 1.9512 | lr 1.83e-04 | ETA 667.3min
step 2600/11358 (22.9%) | loss 2.0724 | lr 1.83e-04 | ETA 665.3min
step 2610/11358 (23.0%) | loss 1.8200 | lr 1.83e-04 | ETA 664.5min
step 2620/11358 (23.1%) | loss 2.0324 | lr 1.83e-04 | ETA 662.8min
step 2630/11358 (23.2%) | loss 1.8408 | lr 1.82e-04 | ETA 661.9min
step 2640/11358 (23.2%) | loss 1.8118 | lr 1.82e-04 | ETA 664.7min
step 2650/11358 (23.3%) | loss 2.1272 | lr 1.82e-04 | ETA 660.9min
step 2660/11358 (23.4%) | loss 2.0112 | lr 1.82e-04 | ETA 661.2min
step 2670/11358 (23.5%) | loss 2.0385 | lr 1.82e-04 | ETA 661.8min
step 2680/11358 (23.6%) | loss 1.8939 | lr 1.82e-04 | ETA 660.0min
step 2690/11358 (23.7%) | loss 1.9196 | lr 1.81e-04 | ETA 662.8min
step 2700/11358 (23.8%) | loss 2.0204 | lr 1.81e-04 | ETA 656.8min
step 2710/11358 (23.9%) | loss 2.2408 | lr 1.81e-04 | ETA 658.3min
step 2720/11358 (23.9%) | loss 1.9979 | lr 1.81e-04 | ETA 654.9min
step 2730/11358 (24.0%) | loss 2.0053 | lr 1.81e-04 | ETA 653.4min
step 2740/11358 (24.1%) | loss 2.0829 | lr 1.81e-04 | ETA 655.4min
step 2750/11358 (24.2%) | loss 1.9812 | lr 1.80e-04 | ETA 659.6min
step 2760/11358 (24.3%) | loss 1.8464 | lr 1.80e-04 | ETA 655.0min
step 2770/11358 (24.4%) | loss 1.9246 | lr 1.80e-04 | ETA 654.1min
step 2780/11358 (24.5%) | loss 1.9310 | lr 1.80e-04 | ETA 651.7min
step 2790/11358 (24.6%) | loss 2.0143 | lr 1.80e-04 | ETA 650.2min
step 2800/11358 (24.7%) | loss 1.9853 | lr 1.80e-04 | ETA 651.2min
step 2810/11358 (24.7%) | loss 2.0410 | lr 1.79e-04 | ETA 650.8min
step 2820/11358 (24.8%) | loss 1.9165 | lr 1.79e-04 | ETA 649.0min
step 2830/11358 (24.9%) | loss 2.0020 | lr 1.79e-04 | ETA 648.4min
step 2840/11358 (25.0%) | loss 1.8383 | lr 1.79e-04 | ETA 646.2min
step 2850/11358 (25.1%) | loss 1.8376 | lr 1.79e-04 | ETA 646.6min
step 2860/11358 (25.2%) | loss 1.9145 | lr 1.79e-04 | ETA 645.3min
step 2870/11358 (25.3%) | loss 1.8009 | lr 1.78e-04 | ETA 645.1min
step 2880/11358 (25.4%) | loss 1.9156 | lr 1.78e-04 | ETA 644.2min
step 2890/11358 (25.4%) | loss 2.0254 | lr 1.78e-04 | ETA 642.5min
step 2900/11358 (25.5%) | loss 1.7822 | lr 1.78e-04 | ETA 643.7min
step 2910/11358 (25.6%) | loss 2.0585 | lr 1.78e-04 | ETA 641.4min
step 2920/11358 (25.7%) | loss 1.8468 | lr 1.77e-04 | ETA 641.9min
step 2930/11358 (25.8%) | loss 1.9274 | lr 1.77e-04 | ETA 638.6min
step 2940/11358 (25.9%) | loss 2.0055 | lr 1.77e-04 | ETA 637.7min
step 2950/11358 (26.0%) | loss 1.9846 | lr 1.77e-04 | ETA 638.6min
step 2960/11358 (26.1%) | loss 1.9713 | lr 1.77e-04 | ETA 639.2min
step 2970/11358 (26.1%) | loss 2.0704 | lr 1.77e-04 | ETA 640.9min
step 2980/11358 (26.2%) | loss 1.8948 | lr 1.76e-04 | ETA 637.9min
step 2990/11358 (26.3%) | loss 2.0604 | lr 1.76e-04 | ETA 637.5min
step 3000/11358 (26.4%) | loss 2.0646 | lr 1.76e-04 | ETA 635.9min
eval loss: 1.9223
best model saved (loss=1.9223)
step 3010/11358 (26.5%) | loss 1.9434 | lr 1.76e-04 | ETA 633.8min
step 3020/11358 (26.6%) | loss 1.8584 | lr 1.76e-04 | ETA 633.8min
step 3030/11358 (26.7%) | loss 2.0798 | lr 1.75e-04 | ETA 631.7min
step 3040/11358 (26.8%) | loss 1.8024 | lr 1.75e-04 | ETA 634.3min
step 3050/11358 (26.9%) | loss 1.9234 | lr 1.75e-04 | ETA 633.0min
step 3060/11358 (26.9%) | loss 1.8277 | lr 1.75e-04 | ETA 629.2min
step 3070/11358 (27.0%) | loss 1.9640 | lr 1.75e-04 | ETA 630.1min
step 3080/11358 (27.1%) | loss 2.0486 | lr 1.74e-04 | ETA 628.7min
step 3090/11358 (27.2%) | loss 1.9093 | lr 1.74e-04 | ETA 631.8min
step 3100/11358 (27.3%) | loss 1.9495 | lr 1.74e-04 | ETA 627.9min
step 3110/11358 (27.4%) | loss 1.8586 | lr 1.74e-04 | ETA 627.1min
step 3120/11358 (27.5%) | loss 1.8173 | lr 1.74e-04 | ETA 626.8min
step 3130/11358 (27.6%) | loss 1.9418 | lr 1.73e-04 | ETA 625.4min
step 3140/11358 (27.6%) | loss 2.0392 | lr 1.73e-04 | ETA 625.7min
step 3150/11358 (27.7%) | loss 1.9549 | lr 1.73e-04 | ETA 627.1min
step 3160/11358 (27.8%) | loss 1.9023 | lr 1.73e-04 | ETA 622.9min
step 3170/11358 (27.9%) | loss 2.0511 | lr 1.73e-04 | ETA 621.2min
step 3180/11358 (28.0%) | loss 1.9511 | lr 1.72e-04 | ETA 621.6min
step 3190/11358 (28.1%) | loss 1.8906 | lr 1.72e-04 | ETA 619.7min
step 3200/11358 (28.2%) | loss 1.9836 | lr 1.72e-04 | ETA 619.2min
step 3210/11358 (28.3%) | loss 2.1494 | lr 1.72e-04 | ETA 622.4min
step 3220/11358 (28.4%) | loss 2.0016 | lr 1.72e-04 | ETA 617.5min
step 3230/11358 (28.4%) | loss 1.9568 | lr 1.71e-04 | ETA 618.0min
step 3240/11358 (28.5%) | loss 2.0079 | lr 1.71e-04 | ETA 616.0min
step 3250/11358 (28.6%) | loss 2.0614 | lr 1.71e-04 | ETA 614.7min
step 3260/11358 (28.7%) | loss 1.9925 | lr 1.71e-04 | ETA 618.1min
step 3270/11358 (28.8%) | loss 1.9425 | lr 1.71e-04 | ETA 615.2min
step 3280/11358 (28.9%) | loss 1.9083 | lr 1.70e-04 | ETA 614.6min
step 3290/11358 (29.0%) | loss 2.0547 | lr 1.70e-04 | ETA 613.0min
step 3300/11358 (29.1%) | loss 1.8780 | lr 1.70e-04 | ETA 613.3min
step 3310/11358 (29.1%) | loss 1.7424 | lr 1.70e-04 | ETA 615.7min
step 3320/11358 (29.2%) | loss 1.9825 | lr 1.70e-04 | ETA 611.1min
step 3330/11358 (29.3%) | loss 2.1213 | lr 1.69e-04 | ETA 608.9min
step 3340/11358 (29.4%) | loss 1.9548 | lr 1.69e-04 | ETA 608.6min
step 3350/11358 (29.5%) | loss 2.1174 | lr 1.69e-04 | ETA 609.1min
step 3360/11358 (29.6%) | loss 1.8878 | lr 1.69e-04 | ETA 607.9min
step 3370/11358 (29.7%) | loss 2.0071 | lr 1.69e-04 | ETA 610.6min
step 3380/11358 (29.8%) | loss 2.1487 | lr 1.68e-04 | ETA 607.8min
step 3390/11358 (29.8%) | loss 1.9791 | lr 1.68e-04 | ETA 606.1min
step 3400/11358 (29.9%) | loss 1.9046 | lr 1.68e-04 | ETA 604.6min
step 3410/11358 (30.0%) | loss 2.0222 | lr 1.68e-04 | ETA 602.3min
step 3420/11358 (30.1%) | loss 1.7919 | lr 1.67e-04 | ETA 604.5min
step 3430/11358 (30.2%) | loss 2.1086 | lr 1.67e-04 | ETA 602.4min
step 3440/11358 (30.3%) | loss 2.0328 | lr 1.67e-04 | ETA 601.6min
step 3450/11358 (30.4%) | loss 1.7681 | lr 1.67e-04 | ETA 601.6min
step 3460/11358 (30.5%) | loss 1.8392 | lr 1.67e-04 | ETA 601.6min
step 3470/11358 (30.6%) | loss 2.1060 | lr 1.66e-04 | ETA 599.1min
step 3480/11358 (30.6%) | loss 1.9231 | lr 1.66e-04 | ETA 602.0min
step 3490/11358 (30.7%) | loss 1.9175 | lr 1.66e-04 | ETA 596.4min
step 3500/11358 (30.8%) | loss 1.8241 | lr 1.66e-04 | ETA 595.2min
eval loss: 1.9179
best model saved (loss=1.9179)
step 3510/11358 (30.9%) | loss 1.8211 | lr 1.65e-04 | ETA 595.3min
step 3520/11358 (31.0%) | loss 1.9405 | lr 1.65e-04 | ETA 594.1min
step 3530/11358 (31.1%) | loss 1.8658 | lr 1.65e-04 | ETA 592.6min
step 3540/11358 (31.2%) | loss 1.9401 | lr 1.65e-04 | ETA 595.5min
step 3550/11358 (31.3%) | loss 1.8748 | lr 1.65e-04 | ETA 591.3min
step 3560/11358 (31.3%) | loss 1.8589 | lr 1.64e-04 | ETA 590.3min
step 3570/11358 (31.4%) | loss 1.8260 | lr 1.64e-04 | ETA 589.9min
step 3580/11358 (31.5%) | loss 1.9204 | lr 1.64e-04 | ETA 589.9min
step 3590/11358 (31.6%) | loss 1.8256 | lr 1.64e-04 | ETA 591.2min
step 3600/11358 (31.7%) | loss 2.0802 | lr 1.63e-04 | ETA 587.7min
step 3610/11358 (31.8%) | loss 1.8409 | lr 1.63e-04 | ETA 588.6min
step 3620/11358 (31.9%) | loss 1.9271 | lr 1.63e-04 | ETA 587.4min
step 3630/11358 (32.0%) | loss 1.9147 | lr 1.63e-04 | ETA 587.8min
step 3640/11358 (32.0%) | loss 1.9059 | lr 1.63e-04 | ETA 583.1min
step 3650/11358 (32.1%) | loss 1.8725 | lr 1.62e-04 | ETA 587.3min
step 3660/11358 (32.2%) | loss 2.1381 | lr 1.62e-04 | ETA 585.8min
step 3670/11358 (32.3%) | loss 1.9296 | lr 1.62e-04 | ETA 583.5min
step 3680/11358 (32.4%) | loss 1.9674 | lr 1.62e-04 | ETA 583.3min
step 3690/11358 (32.5%) | loss 2.1289 | lr 1.61e-04 | ETA 581.5min
step 3700/11358 (32.6%) | loss 2.0107 | lr 1.61e-04 | ETA 584.7min
step 3710/11358 (32.7%) | loss 1.8984 | lr 1.61e-04 | ETA 580.6min
step 3720/11358 (32.8%) | loss 1.9819 | lr 1.61e-04 | ETA 580.0min
step 3730/11358 (32.8%) | loss 1.9321 | lr 1.61e-04 | ETA 580.1min
step 3740/11358 (32.9%) | loss 2.0053 | lr 1.60e-04 | ETA 578.5min
step 3750/11358 (33.0%) | loss 2.0206 | lr 1.60e-04 | ETA 578.3min
step 3760/11358 (33.1%) | loss 1.8645 | lr 1.60e-04 | ETA 579.7min
step 3770/11358 (33.2%) | loss 1.8695 | lr 1.60e-04 | ETA 577.1min
step 3780/11358 (33.3%) | loss 2.0089 | lr 1.59e-04 | ETA 575.4min

=== Epoch 2/3 ===
step 3790/11358 (33.4%) | loss 1.6551 | lr 1.59e-04 | ETA 546.6min
step 3800/11358 (33.5%) | loss 1.8295 | lr 1.59e-04 | ETA 573.3min
step 3810/11358 (33.5%) | loss 1.8028 | lr 1.59e-04 | ETA 572.2min
step 3820/11358 (33.6%) | loss 1.5303 | lr 1.58e-04 | ETA 571.5min
step 3830/11358 (33.7%) | loss 1.8936 | lr 1.58e-04 | ETA 575.5min
step 3840/11358 (33.8%) | loss 1.6196 | lr 1.58e-04 | ETA 571.2min
step 3850/11358 (33.9%) | loss 1.5272 | lr 1.58e-04 | ETA 570.6min
step 3860/11358 (34.0%) | loss 1.7335 | lr 1.57e-04 | ETA 567.0min
step 3870/11358 (34.1%) | loss 1.6833 | lr 1.57e-04 | ETA 567.6min
step 3880/11358 (34.2%) | loss 1.8753 | lr 1.57e-04 | ETA 570.0min
step 3890/11358 (34.2%) | loss 2.0279 | lr 1.57e-04 | ETA 567.7min
step 3900/11358 (34.3%) | loss 1.7844 | lr 1.57e-04 | ETA 565.8min
step 3910/11358 (34.4%) | loss 1.7415 | lr 1.56e-04 | ETA 566.2min
step 3920/11358 (34.5%) | loss 1.7486 | lr 1.56e-04 | ETA 565.9min
step 3930/11358 (34.6%) | loss 1.6505 | lr 1.56e-04 | ETA 567.8min
step 3940/11358 (34.7%) | loss 1.8992 | lr 1.56e-04 | ETA 565.6min
step 3950/11358 (34.8%) | loss 1.7756 | lr 1.55e-04 | ETA 563.6min
step 3960/11358 (34.9%) | loss 1.7443 | lr 1.55e-04 | ETA 562.1min
step 3970/11358 (35.0%) | loss 1.8129 | lr 1.55e-04 | ETA 562.6min
step 3980/11358 (35.0%) | loss 1.6053 | lr 1.55e-04 | ETA 560.2min
step 3990/11358 (35.1%) | loss 1.8353 | lr 1.54e-04 | ETA 562.0min
step 4000/11358 (35.2%) | loss 1.7118 | lr 1.54e-04 | ETA 559.2min
eval loss: 1.9255
no improvement (1/5)
step 4010/11358 (35.3%) | loss 1.8051 | lr 1.54e-04 | ETA 558.9min
step 4020/11358 (35.4%) | loss 1.8458 | lr 1.54e-04 | ETA 557.0min
step 4030/11358 (35.5%) | loss 1.6372 | lr 1.53e-04 | ETA 553.4min
step 4040/11358 (35.6%) | loss 1.8255 | lr 1.53e-04 | ETA 555.2min
step 4050/11358 (35.7%) | loss 1.8208 | lr 1.53e-04 | ETA 557.5min
step 4060/11358 (35.7%) | loss 1.6865 | lr 1.53e-04 | ETA 555.3min
step 4070/11358 (35.8%) | loss 1.6956 | lr 1.52e-04 | ETA 553.8min
step 4080/11358 (35.9%) | loss 1.8194 | lr 1.52e-04 | ETA 554.4min
step 4090/11358 (36.0%) | loss 1.7562 | lr 1.52e-04 | ETA 552.3min
step 4100/11358 (36.1%) | loss 1.6530 | lr 1.52e-04 | ETA 553.3min
step 4110/11358 (36.2%) | loss 1.7924 | lr 1.51e-04 | ETA 550.8min
step 4120/11358 (36.3%) | loss 1.8239 | lr 1.51e-04 | ETA 548.4min
step 4130/11358 (36.4%) | loss 1.6980 | lr 1.51e-04 | ETA 550.4min
step 4140/11358 (36.5%) | loss 1.7481 | lr 1.51e-04 | ETA 550.3min
step 4150/11358 (36.5%) | loss 1.7543 | lr 1.50e-04 | ETA 547.7min
step 4160/11358 (36.6%) | loss 1.6970 | lr 1.50e-04 | ETA 547.9min
step 4170/11358 (36.7%) | loss 1.6651 | lr 1.50e-04 | ETA 545.8min
step 4180/11358 (36.8%) | loss 1.8541 | lr 1.50e-04 | ETA 545.4min
step 4190/11358 (36.9%) | loss 1.7635 | lr 1.49e-04 | ETA 543.6min
step 4200/11358 (37.0%) | loss 1.7208 | lr 1.49e-04 | ETA 544.2min
step 4210/11358 (37.1%) | loss 1.7792 | lr 1.49e-04 | ETA 542.8min
step 4220/11358 (37.2%) | loss 1.7779 | lr 1.49e-04 | ETA 544.5min
step 4230/11358 (37.2%) | loss 1.7110 | lr 1.48e-04 | ETA 541.1min
step 4240/11358 (37.3%) | loss 1.9104 | lr 1.48e-04 | ETA 538.4min
step 4250/11358 (37.4%) | loss 1.8081 | lr 1.48e-04 | ETA 541.7min
step 4260/11358 (37.5%) | loss 1.7106 | lr 1.48e-04 | ETA 539.0min
step 4270/11358 (37.6%) | loss 1.7181 | lr 1.47e-04 | ETA 538.2min
step 4280/11358 (37.7%) | loss 1.7830 | lr 1.47e-04 | ETA 538.9min
step 4290/11358 (37.8%) | loss 1.6392 | lr 1.47e-04 | ETA 535.3min
step 4300/11358 (37.9%) | loss 1.8033 | lr 1.47e-04 | ETA 537.3min
step 4310/11358 (37.9%) | loss 1.7098 | lr 1.46e-04 | ETA 535.3min
step 4320/11358 (38.0%) | loss 1.6521 | lr 1.46e-04 | ETA 534.9min
step 4330/11358 (38.1%) | loss 1.7202 | lr 1.46e-04 | ETA 536.8min
step 4340/11358 (38.2%) | loss 1.6915 | lr 1.45e-04 | ETA 533.8min
step 4350/11358 (38.3%) | loss 1.7093 | lr 1.45e-04 | ETA 531.6min
step 4360/11358 (38.4%) | loss 1.7425 | lr 1.45e-04 | ETA 530.2min
step 4370/11358 (38.5%) | loss 1.6511 | lr 1.45e-04 | ETA 531.1min
step 4380/11358 (38.6%) | loss 1.6924 | lr 1.44e-04 | ETA 530.2min
step 4390/11358 (38.7%) | loss 1.5811 | lr 1.44e-04 | ETA 530.7min
step 4400/11358 (38.7%) | loss 1.7167 | lr 1.44e-04 | ETA 528.4min
step 4410/11358 (38.8%) | loss 1.7585 | lr 1.44e-04 | ETA 527.8min
step 4420/11358 (38.9%) | loss 1.5577 | lr 1.43e-04 | ETA 527.2min
step 4430/11358 (39.0%) | loss 1.7755 | lr 1.43e-04 | ETA 524.8min
step 4440/11358 (39.1%) | loss 1.7431 | lr 1.43e-04 | ETA 526.1min
step 4450/11358 (39.2%) | loss 1.7699 | lr 1.43e-04 | ETA 524.7min
step 4460/11358 (39.3%) | loss 1.8022 | lr 1.42e-04 | ETA 523.8min
step 4470/11358 (39.4%) | loss 1.8060 | lr 1.42e-04 | ETA 523.8min
step 4480/11358 (39.4%) | loss 1.7060 | lr 1.42e-04 | ETA 521.1min
step 4490/11358 (39.5%) | loss 1.6669 | lr 1.42e-04 | ETA 523.3min
step 4500/11358 (39.6%) | loss 1.7424 | lr 1.41e-04 | ETA 520.0min
eval loss: 1.9241
no improvement (2/5)
step 4510/11358 (39.7%) | loss 1.6816 | lr 1.41e-04 | ETA 517.5min
step 4520/11358 (39.8%) | loss 2.0178 | lr 1.41e-04 | ETA 520.4min
step 4530/11358 (39.9%) | loss 1.8001 | lr 1.41e-04 | ETA 520.3min
step 4540/11358 (40.0%) | loss 1.8230 | lr 1.40e-04 | ETA 517.7min
step 4550/11358 (40.1%) | loss 1.7555 | lr 1.40e-04 | ETA 517.7min
step 4560/11358 (40.1%) | loss 1.8546 | lr 1.40e-04 | ETA 516.8min
step 4570/11358 (40.2%) | loss 1.6656 | lr 1.39e-04 | ETA 514.5min
step 4580/11358 (40.3%) | loss 1.7385 | lr 1.39e-04 | ETA 513.1min
step 4590/11358 (40.4%) | loss 1.7483 | lr 1.39e-04 | ETA 512.8min
step 4600/11358 (40.5%) | loss 1.7622 | lr 1.39e-04 | ETA 515.6min
step 4610/11358 (40.6%) | loss 1.6506 | lr 1.38e-04 | ETA 510.9min
step 4620/11358 (40.7%) | loss 1.6975 | lr 1.38e-04 | ETA 511.4min
step 4630/11358 (40.8%) | loss 1.6935 | lr 1.38e-04 | ETA 511.0min
step 4640/11358 (40.9%) | loss 1.9802 | lr 1.38e-04 | ETA 509.7min
step 4650/11358 (40.9%) | loss 1.7143 | lr 1.37e-04 | ETA 509.6min
step 4660/11358 (41.0%) | loss 1.6786 | lr 1.37e-04 | ETA 509.4min
step 4670/11358 (41.1%) | loss 1.7290 | lr 1.37e-04 | ETA 506.7min
step 4680/11358 (41.2%) | loss 1.6177 | lr 1.36e-04 | ETA 506.8min
step 4690/11358 (41.3%) | loss 1.8456 | lr 1.36e-04 | ETA 506.6min
step 4700/11358 (41.4%) | loss 1.8810 | lr 1.36e-04 | ETA 505.0min
step 4710/11358 (41.5%) | loss 1.7806 | lr 1.36e-04 | ETA 507.5min
step 4720/11358 (41.6%) | loss 1.6597 | lr 1.35e-04 | ETA 506.2min
step 4730/11358 (41.6%) | loss 1.6013 | lr 1.35e-04 | ETA 504.0min
step 4740/11358 (41.7%) | loss 1.7195 | lr 1.35e-04 | ETA 501.9min
step 4750/11358 (41.8%) | loss 1.8262 | lr 1.35e-04 | ETA 501.0min
step 4760/11358 (41.9%) | loss 1.8243 | lr 1.34e-04 | ETA 502.3min
step 4770/11358 (42.0%) | loss 1.8520 | lr 1.34e-04 | ETA 500.7min
step 4780/11358 (42.1%) | loss 1.8146 | lr 1.34e-04 | ETA 500.2min
step 4790/11358 (42.2%) | loss 1.7820 | lr 1.33e-04 | ETA 499.9min
step 4800/11358 (42.3%) | loss 1.7995 | lr 1.33e-04 | ETA 497.4min
step 4810/11358 (42.3%) | loss 1.7610 | lr 1.33e-04 | ETA 496.7min
step 4820/11358 (42.4%) | loss 1.7471 | lr 1.33e-04 | ETA 498.4min
step 4830/11358 (42.5%) | loss 1.7483 | lr 1.32e-04 | ETA 495.2min
step 4840/11358 (42.6%) | loss 1.5953 | lr 1.32e-04 | ETA 493.6min
step 4850/11358 (42.7%) | loss 1.5903 | lr 1.32e-04 | ETA 493.1min
step 4860/11358 (42.8%) | loss 1.7360 | lr 1.32e-04 | ETA 492.8min
step 4870/11358 (42.9%) | loss 1.9042 | lr 1.31e-04 | ETA 493.7min
step 4880/11358 (43.0%) | loss 1.8612 | lr 1.31e-04 | ETA 492.9min
step 4890/11358 (43.1%) | loss 1.5441 | lr 1.31e-04 | ETA 490.4min
step 4900/11358 (43.1%) | loss 1.7277 | lr 1.30e-04 | ETA 489.5min
step 4910/11358 (43.2%) | loss 1.7479 | lr 1.30e-04 | ETA 489.1min
step 4920/11358 (43.3%) | loss 1.6566 | lr 1.30e-04 | ETA 490.0min
step 4930/11358 (43.4%) | loss 1.7852 | lr 1.30e-04 | ETA 488.3min
step 4940/11358 (43.5%) | loss 1.8469 | lr 1.29e-04 | ETA 491.5min
step 4950/11358 (43.6%) | loss 1.6766 | lr 1.29e-04 | ETA 486.9min
step 4960/11358 (43.7%) | loss 1.7021 | lr 1.29e-04 | ETA 486.2min
step 4970/11358 (43.8%) | loss 1.8790 | lr 1.28e-04 | ETA 484.6min
step 4980/11358 (43.8%) | loss 1.7885 | lr 1.28e-04 | ETA 484.3min
step 4990/11358 (43.9%) | loss 1.6528 | lr 1.28e-04 | ETA 484.5min
step 5000/11358 (44.0%) | loss 1.7311 | lr 1.28e-04 | ETA 481.1min
eval loss: 1.9214
no improvement (3/5)
step 5010/11358 (44.1%) | loss 1.7568 | lr 1.27e-04 | ETA 481.9min
step 5020/11358 (44.2%) | loss 1.6629 | lr 1.27e-04 | ETA 482.2min
step 5030/11358 (44.3%) | loss 1.6504 | lr 1.27e-04 | ETA 480.4min
step 5040/11358 (44.4%) | loss 1.7577 | lr 1.27e-04 | ETA 480.4min
step 5050/11358 (44.5%) | loss 1.7904 | lr 1.26e-04 | ETA 481.5min
step 5060/11358 (44.6%) | loss 1.7609 | lr 1.26e-04 | ETA 478.3min
step 5070/11358 (44.6%) | loss 1.6655 | lr 1.26e-04 | ETA 477.7min
step 5080/11358 (44.7%) | loss 2.0703 | lr 1.25e-04 | ETA 477.1min
step 5090/11358 (44.8%) | loss 1.4438 | lr 1.25e-04 | ETA 476.2min
step 5100/11358 (44.9%) | loss 1.8543 | lr 1.25e-04 | ETA 476.7min
step 5110/11358 (45.0%) | loss 1.7371 | lr 1.25e-04 | ETA 477.2min
step 5120/11358 (45.1%) | loss 1.9767 | lr 1.24e-04 | ETA 475.5min
step 5130/11358 (45.2%) | loss 1.5895 | lr 1.24e-04 | ETA 473.6min
step 5140/11358 (45.3%) | loss 1.5479 | lr 1.24e-04 | ETA 471.3min
step 5150/11358 (45.3%) | loss 1.6427 | lr 1.23e-04 | ETA 470.5min
step 5160/11358 (45.4%) | loss 1.5436 | lr 1.23e-04 | ETA 472.3min
step 5170/11358 (45.5%) | loss 1.8884 | lr 1.23e-04 | ETA 469.9min
step 5180/11358 (45.6%) | loss 1.6361 | lr 1.23e-04 | ETA 469.6min
step 5190/11358 (45.7%) | loss 1.7209 | lr 1.22e-04 | ETA 469.8min
step 5200/11358 (45.8%) | loss 1.7051 | lr 1.22e-04 | ETA 466.7min
step 5210/11358 (45.9%) | loss 1.8146 | lr 1.22e-04 | ETA 466.0min
step 5220/11358 (46.0%) | loss 1.9552 | lr 1.21e-04 | ETA 468.0min
step 5230/11358 (46.0%) | loss 1.5881 | lr 1.21e-04 | ETA 464.1min
step 5240/11358 (46.1%) | loss 1.7688 | lr 1.21e-04 | ETA 464.4min
step 5250/11358 (46.2%) | loss 1.7420 | lr 1.21e-04 | ETA 464.0min
step 5260/11358 (46.3%) | loss 1.7127 | lr 1.20e-04 | ETA 464.1min
step 5270/11358 (46.4%) | loss 1.7534 | lr 1.20e-04 | ETA 463.8min
step 5280/11358 (46.5%) | loss 1.7311 | lr 1.20e-04 | ETA 461.4min
step 5290/11358 (46.6%) | loss 1.7145 | lr 1.19e-04 | ETA 460.6min
step 5300/11358 (46.7%) | loss 1.7132 | lr 1.19e-04 | ETA 459.4min
step 5310/11358 (46.8%) | loss 1.6946 | lr 1.19e-04 | ETA 459.0min
step 5320/11358 (46.8%) | loss 1.8496 | lr 1.19e-04 | ETA 460.6min
step 5330/11358 (46.9%) | loss 1.8462 | lr 1.18e-04 | ETA 457.8min
step 5340/11358 (47.0%) | loss 1.7806 | lr 1.18e-04 | ETA 458.1min
step 5350/11358 (47.1%) | loss 1.7765 | lr 1.18e-04 | ETA 456.9min
step 5360/11358 (47.2%) | loss 1.7879 | lr 1.17e-04 | ETA 456.9min
step 5370/11358 (47.3%) | loss 1.6688 | lr 1.17e-04 | ETA 454.8min
step 5380/11358 (47.4%) | loss 1.7623 | lr 1.17e-04 | ETA 456.0min
step 5390/11358 (47.5%) | loss 1.8811 | lr 1.17e-04 | ETA 453.7min
step 5400/11358 (47.5%) | loss 1.6261 | lr 1.16e-04 | ETA 453.5min
step 5410/11358 (47.6%) | loss 1.8541 | lr 1.16e-04 | ETA 452.5min
step 5420/11358 (47.7%) | loss 1.7567 | lr 1.16e-04 | ETA 451.1min
step 5430/11358 (47.8%) | loss 1.7662 | lr 1.15e-04 | ETA 452.5min
step 5440/11358 (47.9%) | loss 1.7364 | lr 1.15e-04 | ETA 450.0min
step 5450/11358 (48.0%) | loss 1.6189 | lr 1.15e-04 | ETA 448.3min
step 5460/11358 (48.1%) | loss 1.7162 | lr 1.15e-04 | ETA 446.7min
step 5470/11358 (48.2%) | loss 1.7675 | lr 1.14e-04 | ETA 446.2min
step 5480/11358 (48.2%) | loss 1.7293 | lr 1.14e-04 | ETA 446.4min
step 5490/11358 (48.3%) | loss 1.7248 | lr 1.14e-04 | ETA 447.5min
step 5500/11358 (48.4%) | loss 1.6989 | lr 1.13e-04 | ETA 445.2min
eval loss: 1.9259
no improvement (4/5)
step 5510/11358 (48.5%) | loss 1.7374 | lr 1.13e-04 | ETA 444.1min
step 5520/11358 (48.6%) | loss 1.8112 | lr 1.13e-04 | ETA 444.5min
step 5530/11358 (48.7%) | loss 1.5357 | lr 1.13e-04 | ETA 441.2min
step 5540/11358 (48.8%) | loss 1.8713 | lr 1.12e-04 | ETA 442.7min
step 5550/11358 (48.9%) | loss 1.6253 | lr 1.12e-04 | ETA 444.8min
step 5560/11358 (49.0%) | loss 1.7779 | lr 1.12e-04 | ETA 440.7min
step 5570/11358 (49.0%) | loss 1.7484 | lr 1.11e-04 | ETA 439.3min
step 5580/11358 (49.1%) | loss 1.6066 | lr 1.11e-04 | ETA 438.4min
step 5590/11358 (49.2%) | loss 1.7359 | lr 1.11e-04 | ETA 438.4min
step 5600/11358 (49.3%) | loss 1.6948 | lr 1.11e-04 | ETA 439.2min
step 5610/11358 (49.4%) | loss 1.7873 | lr 1.10e-04 | ETA 436.9min
step 5620/11358 (49.5%) | loss 1.6217 | lr 1.10e-04 | ETA 436.7min
step 5630/11358 (49.6%) | loss 1.8236 | lr 1.10e-04 | ETA 436.1min
step 5640/11358 (49.7%) | loss 1.7213 | lr 1.09e-04 | ETA 436.3min
step 5650/11358 (49.7%) | loss 1.7348 | lr 1.09e-04 | ETA 434.9min
step 5660/11358 (49.8%) | loss 1.7922 | lr 1.09e-04 | ETA 434.3min
step 5670/11358 (49.9%) | loss 1.7418 | lr 1.09e-04 | ETA 433.8min
step 5680/11358 (50.0%) | loss 1.6898 | lr 1.08e-04 | ETA 430.5min
step 5690/11358 (50.1%) | loss 1.8259 | lr 1.08e-04 | ETA 431.1min
step 5700/11358 (50.2%) | loss 1.7880 | lr 1.08e-04 | ETA 430.6min
step 5710/11358 (50.3%) | loss 1.8207 | lr 1.07e-04 | ETA 430.5min
step 5720/11358 (50.4%) | loss 1.7662 | lr 1.07e-04 | ETA 431.9min
step 5730/11358 (50.4%) | loss 1.6079 | lr 1.07e-04 | ETA 427.9min
step 5740/11358 (50.5%) | loss 1.8013 | lr 1.06e-04 | ETA 427.1min
step 5750/11358 (50.6%) | loss 1.7457 | lr 1.06e-04 | ETA 427.6min
step 5760/11358 (50.7%) | loss 1.5334 | lr 1.06e-04 | ETA 424.5min
step 5770/11358 (50.8%) | loss 1.6861 | lr 1.06e-04 | ETA 426.6min
step 5780/11358 (50.9%) | loss 1.6511 | lr 1.05e-04 | ETA 424.2min
step 5790/11358 (51.0%) | loss 1.6785 | lr 1.05e-04 | ETA 424.1min
step 5800/11358 (51.1%) | loss 1.7161 | lr 1.05e-04 | ETA 422.3min
step 5810/11358 (51.2%) | loss 1.7410 | lr 1.04e-04 | ETA 421.2min
step 5820/11358 (51.2%) | loss 1.8995 | lr 1.04e-04 | ETA 420.4min
step 5830/11358 (51.3%) | loss 1.7514 | lr 1.04e-04 | ETA 422.5min
step 5840/11358 (51.4%) | loss 1.7807 | lr 1.04e-04 | ETA 418.8min
step 5850/11358 (51.5%) | loss 1.7029 | lr 1.03e-04 | ETA 417.7min
step 5860/11358 (51.6%) | loss 1.7265 | lr 1.03e-04 | ETA 416.7min
step 5870/11358 (51.7%) | loss 1.8163 | lr 1.03e-04 | ETA 417.1min
step 5880/11358 (51.8%) | loss 1.8593 | lr 1.02e-04 | ETA 418.6min
step 5890/11358 (51.9%) | loss 1.8311 | lr 1.02e-04 | ETA 415.1min
step 5900/11358 (51.9%) | loss 1.8672 | lr 1.02e-04 | ETA 415.2min
step 5910/11358 (52.0%) | loss 1.8442 | lr 1.02e-04 | ETA 414.3min
step 5920/11358 (52.1%) | loss 1.6745 | lr 1.01e-04 | ETA 413.9min
step 5930/11358 (52.2%) | loss 1.6172 | lr 1.01e-04 | ETA 414.1min
step 5940/11358 (52.3%) | loss 1.8002 | lr 1.01e-04 | ETA 411.9min
step 5950/11358 (52.4%) | loss 1.7468 | lr 1.00e-04 | ETA 410.8min
step 5960/11358 (52.5%) | loss 1.8299 | lr 1.00e-04 | ETA 409.8min
step 5970/11358 (52.6%) | loss 1.7245 | lr 9.98e-05 | ETA 409.4min
step 5980/11358 (52.7%) | loss 1.6530 | lr 9.95e-05 | ETA 408.9min
step 5990/11358 (52.7%) | loss 1.6046 | lr 9.92e-05 | ETA 410.3min
step 6000/11358 (52.8%) | loss 1.7868 | lr 9.89e-05 | ETA 405.9min
eval loss: 1.9075
best model saved (loss=1.9075)
step 6010/11358 (52.9%) | loss 1.7136 | lr 9.86e-05 | ETA 406.9min
step 6020/11358 (53.0%) | loss 1.7612 | lr 9.83e-05 | ETA 405.7min
step 6030/11358 (53.1%) | loss 1.7666 | lr 9.80e-05 | ETA 404.9min
step 6040/11358 (53.2%) | loss 1.5989 | lr 9.77e-05 | ETA 404.9min
step 6050/11358 (53.3%) | loss 1.6864 | lr 9.75e-05 | ETA 406.0min
step 6060/11358 (53.4%) | loss 1.5472 | lr 9.72e-05 | ETA 403.0min
step 6070/11358 (53.4%) | loss 1.5904 | lr 9.69e-05 | ETA 401.3min
step 6080/11358 (53.5%) | loss 1.7360 | lr 9.66e-05 | ETA 401.2min
step 6090/11358 (53.6%) | loss 1.7340 | lr 9.63e-05 | ETA 398.9min
step 6100/11358 (53.7%) | loss 1.7433 | lr 9.60e-05 | ETA 400.3min
step 6110/11358 (53.8%) | loss 1.9594 | lr 9.57e-05 | ETA 400.9min
step 6120/11358 (53.9%) | loss 1.7930 | lr 9.54e-05 | ETA 398.6min
step 6130/11358 (54.0%) | loss 1.8831 | lr 9.51e-05 | ETA 397.1min
step 6140/11358 (54.1%) | loss 1.7895 | lr 9.48e-05 | ETA 396.3min
step 6150/11358 (54.1%) | loss 1.8132 | lr 9.45e-05 | ETA 395.6min
step 6160/11358 (54.2%) | loss 1.8082 | lr 9.43e-05 | ETA 396.9min
step 6170/11358 (54.3%) | loss 1.7284 | lr 9.40e-05 | ETA 395.0min
step 6180/11358 (54.4%) | loss 1.6532 | lr 9.37e-05 | ETA 392.6min
step 6190/11358 (54.5%) | loss 1.8514 | lr 9.34e-05 | ETA 392.1min
step 6200/11358 (54.6%) | loss 1.9201 | lr 9.31e-05 | ETA 391.7min
step 6210/11358 (54.7%) | loss 1.5166 | lr 9.28e-05 | ETA 392.9min
step 6220/11358 (54.8%) | loss 1.7116 | lr 9.25e-05 | ETA 392.7min
step 6230/11358 (54.9%) | loss 1.8199 | lr 9.22e-05 | ETA 389.2min
step 6240/11358 (54.9%) | loss 1.8032 | lr 9.19e-05 | ETA 388.3min
step 6250/11358 (55.0%) | loss 1.8709 | lr 9.16e-05 | ETA 388.5min
step 6260/11358 (55.1%) | loss 1.9205 | lr 9.13e-05 | ETA 387.5min
step 6270/11358 (55.2%) | loss 1.5721 | lr 9.11e-05 | ETA 386.7min
step 6280/11358 (55.3%) | loss 1.6325 | lr 9.08e-05 | ETA 387.7min
step 6290/11358 (55.4%) | loss 1.6517 | lr 9.05e-05 | ETA 384.8min
step 6300/11358 (55.5%) | loss 1.7327 | lr 9.02e-05 | ETA 384.0min
step 6310/11358 (55.6%) | loss 1.8729 | lr 8.99e-05 | ETA 383.1min
step 6320/11358 (55.6%) | loss 1.7664 | lr 8.96e-05 | ETA 382.7min
step 6330/11358 (55.7%) | loss 1.8427 | lr 8.93e-05 | ETA 384.3min
step 6340/11358 (55.8%) | loss 1.6620 | lr 8.90e-05 | ETA 381.2min
step 6350/11358 (55.9%) | loss 1.6529 | lr 8.87e-05 | ETA 380.0min
step 6360/11358 (56.0%) | loss 1.7463 | lr 8.85e-05 | ETA 380.1min
step 6370/11358 (56.1%) | loss 1.7697 | lr 8.82e-05 | ETA 378.7min
step 6380/11358 (56.2%) | loss 1.8300 | lr 8.79e-05 | ETA 378.4min
step 6390/11358 (56.3%) | loss 1.6902 | lr 8.76e-05 | ETA 379.2min
step 6400/11358 (56.3%) | loss 1.8661 | lr 8.73e-05 | ETA 377.2min
step 6410/11358 (56.4%) | loss 1.7041 | lr 8.70e-05 | ETA 376.1min
step 6420/11358 (56.5%) | loss 1.7625 | lr 8.67e-05 | ETA 374.2min
step 6430/11358 (56.6%) | loss 1.7905 | lr 8.64e-05 | ETA 375.2min
step 6440/11358 (56.7%) | loss 1.6943 | lr 8.61e-05 | ETA 375.4min
step 6450/11358 (56.8%) | loss 1.7404 | lr 8.59e-05 | ETA 372.5min
step 6460/11358 (56.9%) | loss 1.5351 | lr 8.56e-05 | ETA 371.8min
step 6470/11358 (57.0%) | loss 1.7725 | lr 8.53e-05 | ETA 371.9min
step 6480/11358 (57.1%) | loss 1.7946 | lr 8.50e-05 | ETA 371.8min
step 6490/11358 (57.1%) | loss 1.6797 | lr 8.47e-05 | ETA 371.2min
step 6500/11358 (57.2%) | loss 1.9336 | lr 8.44e-05 | ETA 369.7min
eval loss: 1.8993
best model saved (loss=1.8993)
step 6510/11358 (57.3%) | loss 1.6924 | lr 8.41e-05 | ETA 368.5min
step 6520/11358 (57.4%) | loss 1.7595 | lr 8.38e-05 | ETA 368.3min
step 6530/11358 (57.5%) | loss 1.7761 | lr 8.36e-05 | ETA 366.9min
step 6540/11358 (57.6%) | loss 1.6294 | lr 8.33e-05 | ETA 367.5min
step 6550/11358 (57.7%) | loss 1.7276 | lr 8.30e-05 | ETA 366.2min
step 6560/11358 (57.8%) | loss 1.6807 | lr 8.27e-05 | ETA 364.3min
step 6570/11358 (57.8%) | loss 1.9005 | lr 8.24e-05 | ETA 363.6min
step 6580/11358 (57.9%) | loss 1.7874 | lr 8.21e-05 | ETA 363.9min
step 6590/11358 (58.0%) | loss 1.7730 | lr 8.18e-05 | ETA 362.7min
step 6600/11358 (58.1%) | loss 1.7709 | lr 8.15e-05 | ETA 362.5min
step 6610/11358 (58.2%) | loss 1.7466 | lr 8.13e-05 | ETA 360.2min
step 6620/11358 (58.3%) | loss 1.6964 | lr 8.10e-05 | ETA 359.6min
step 6630/11358 (58.4%) | loss 1.8449 | lr 8.07e-05 | ETA 359.1min
step 6640/11358 (58.5%) | loss 1.6640 | lr 8.04e-05 | ETA 358.9min
step 6650/11358 (58.5%) | loss 1.8231 | lr 8.01e-05 | ETA 357.9min
step 6660/11358 (58.6%) | loss 1.7832 | lr 7.98e-05 | ETA 358.4min
step 6670/11358 (58.7%) | loss 1.5032 | lr 7.95e-05 | ETA 356.7min
step 6680/11358 (58.8%) | loss 1.7053 | lr 7.93e-05 | ETA 355.0min
step 6690/11358 (58.9%) | loss 1.6870 | lr 7.90e-05 | ETA 354.3min
step 6700/11358 (59.0%) | loss 1.8253 | lr 7.87e-05 | ETA 353.2min
step 6710/11358 (59.1%) | loss 1.7533 | lr 7.84e-05 | ETA 354.0min
step 6720/11358 (59.2%) | loss 1.7703 | lr 7.81e-05 | ETA 352.1min
step 6730/11358 (59.3%) | loss 1.7567 | lr 7.78e-05 | ETA 351.9min
step 6740/11358 (59.3%) | loss 1.8076 | lr 7.76e-05 | ETA 351.2min
step 6750/11358 (59.4%) | loss 1.7955 | lr 7.73e-05 | ETA 350.5min
step 6760/11358 (59.5%) | loss 1.7041 | lr 7.70e-05 | ETA 349.5min
step 6770/11358 (59.6%) | loss 1.6651 | lr 7.67e-05 | ETA 349.7min
step 6780/11358 (59.7%) | loss 1.7104 | lr 7.64e-05 | ETA 348.1min
step 6790/11358 (59.8%) | loss 1.7928 | lr 7.61e-05 | ETA 347.9min
step 6800/11358 (59.9%) | loss 1.5677 | lr 7.59e-05 | ETA 346.2min
step 6810/11358 (60.0%) | loss 1.5337 | lr 7.56e-05 | ETA 346.3min
step 6820/11358 (60.0%) | loss 1.6890 | lr 7.53e-05 | ETA 346.5min
step 6830/11358 (60.1%) | loss 1.7796 | lr 7.50e-05 | ETA 343.1min
step 6840/11358 (60.2%) | loss 1.6335 | lr 7.47e-05 | ETA 343.6min
step 6850/11358 (60.3%) | loss 1.7269 | lr 7.44e-05 | ETA 342.4min
step 6860/11358 (60.4%) | loss 1.5089 | lr 7.42e-05 | ETA 341.6min
step 6870/11358 (60.5%) | loss 1.7515 | lr 7.39e-05 | ETA 342.4min
step 6880/11358 (60.6%) | loss 1.7389 | lr 7.36e-05 | ETA 339.8min
step 6890/11358 (60.7%) | loss 1.5852 | lr 7.33e-05 | ETA 339.7min
step 6900/11358 (60.8%) | loss 1.6855 | lr 7.30e-05 | ETA 337.8min
step 6910/11358 (60.8%) | loss 1.6520 | lr 7.28e-05 | ETA 339.7min
step 6920/11358 (60.9%) | loss 1.6001 | lr 7.25e-05 | ETA 337.4min
step 6930/11358 (61.0%) | loss 1.8703 | lr 7.22e-05 | ETA 337.3min
step 6940/11358 (61.1%) | loss 1.6993 | lr 7.19e-05 | ETA 336.5min
step 6950/11358 (61.2%) | loss 1.7139 | lr 7.16e-05 | ETA 334.8min
step 6960/11358 (61.3%) | loss 1.8035 | lr 7.14e-05 | ETA 335.0min
step 6970/11358 (61.4%) | loss 1.8743 | lr 7.11e-05 | ETA 334.2min
step 6980/11358 (61.5%) | loss 1.8085 | lr 7.08e-05 | ETA 333.1min
step 6990/11358 (61.5%) | loss 1.8006 | lr 7.05e-05 | ETA 332.4min
step 7000/11358 (61.6%) | loss 1.7907 | lr 7.03e-05 | ETA 330.5min
eval loss: 1.8971
best model saved (loss=1.8971)
step 7010/11358 (61.7%) | loss 1.7246 | lr 7.00e-05 | ETA 330.5min
step 7020/11358 (61.8%) | loss 1.8053 | lr 6.97e-05 | ETA 330.3min
step 7030/11358 (61.9%) | loss 1.8266 | lr 6.94e-05 | ETA 328.3min
step 7040/11358 (62.0%) | loss 1.6636 | lr 6.91e-05 | ETA 328.1min
step 7050/11358 (62.1%) | loss 1.7524 | lr 6.89e-05 | ETA 328.3min
step 7060/11358 (62.2%) | loss 1.6346 | lr 6.86e-05 | ETA 325.2min
step 7070/11358 (62.2%) | loss 1.7515 | lr 6.83e-05 | ETA 325.8min
step 7080/11358 (62.3%) | loss 1.7037 | lr 6.80e-05 | ETA 324.8min
step 7090/11358 (62.4%) | loss 1.5706 | lr 6.78e-05 | ETA 323.6min
step 7100/11358 (62.5%) | loss 1.6343 | lr 6.75e-05 | ETA 324.0min
step 7110/11358 (62.6%) | loss 1.7471 | lr 6.72e-05 | ETA 323.3min
step 7120/11358 (62.7%) | loss 1.8382 | lr 6.69e-05 | ETA 322.8min
step 7130/11358 (62.8%) | loss 1.7256 | lr 6.67e-05 | ETA 320.6min
step 7140/11358 (62.9%) | loss 1.6250 | lr 6.64e-05 | ETA 320.5min
step 7150/11358 (63.0%) | loss 1.6585 | lr 6.61e-05 | ETA 321.1min
step 7160/11358 (63.0%) | loss 1.8301 | lr 6.58e-05 | ETA 317.4min
step 7170/11358 (63.1%) | loss 1.6169 | lr 6.56e-05 | ETA 317.7min
step 7180/11358 (63.2%) | loss 1.7950 | lr 6.53e-05 | ETA 317.6min
step 7190/11358 (63.3%) | loss 1.6505 | lr 6.50e-05 | ETA 317.5min
step 7200/11358 (63.4%) | loss 1.6783 | lr 6.47e-05 | ETA 315.3min
step 7210/11358 (63.5%) | loss 1.7006 | lr 6.45e-05 | ETA 316.2min
step 7220/11358 (63.6%) | loss 1.8687 | lr 6.42e-05 | ETA 314.1min
step 7230/11358 (63.7%) | loss 1.9665 | lr 6.39e-05 | ETA 313.7min
step 7240/11358 (63.7%) | loss 1.8830 | lr 6.37e-05 | ETA 313.0min
step 7250/11358 (63.8%) | loss 1.9076 | lr 6.34e-05 | ETA 312.3min
step 7260/11358 (63.9%) | loss 1.6410 | lr 6.31e-05 | ETA 311.5min
step 7270/11358 (64.0%) | loss 1.7715 | lr 6.28e-05 | ETA 311.9min
step 7280/11358 (64.1%) | loss 1.4949 | lr 6.26e-05 | ETA 309.8min
step 7290/11358 (64.2%) | loss 1.7833 | lr 6.23e-05 | ETA 309.0min
step 7300/11358 (64.3%) | loss 1.6177 | lr 6.20e-05 | ETA 308.1min
step 7310/11358 (64.4%) | loss 1.5678 | lr 6.18e-05 | ETA 307.4min
step 7320/11358 (64.4%) | loss 1.6129 | lr 6.15e-05 | ETA 306.2min
step 7330/11358 (64.5%) | loss 1.6774 | lr 6.12e-05 | ETA 306.8min
step 7340/11358 (64.6%) | loss 1.6597 | lr 6.10e-05 | ETA 305.6min
step 7350/11358 (64.7%) | loss 1.7050 | lr 6.07e-05 | ETA 304.5min
step 7360/11358 (64.8%) | loss 1.7150 | lr 6.04e-05 | ETA 303.3min
step 7370/11358 (64.9%) | loss 1.6584 | lr 6.02e-05 | ETA 302.2min
step 7380/11358 (65.0%) | loss 1.7818 | lr 5.99e-05 | ETA 303.3min
step 7390/11358 (65.1%) | loss 1.5698 | lr 5.96e-05 | ETA 301.6min
step 7400/11358 (65.2%) | loss 1.8512 | lr 5.94e-05 | ETA 299.4min
step 7410/11358 (65.2%) | loss 1.7192 | lr 5.91e-05 | ETA 299.6min
step 7420/11358 (65.3%) | loss 1.7746 | lr 5.88e-05 | ETA 299.2min
step 7430/11358 (65.4%) | loss 1.7380 | lr 5.86e-05 | ETA 298.5min
step 7440/11358 (65.5%) | loss 1.7514 | lr 5.83e-05 | ETA 298.3min
step 7450/11358 (65.6%) | loss 1.6437 | lr 5.80e-05 | ETA 297.2min
step 7460/11358 (65.7%) | loss 1.6776 | lr 5.78e-05 | ETA 297.2min
step 7470/11358 (65.8%) | loss 1.8314 | lr 5.75e-05 | ETA 296.0min
step 7480/11358 (65.9%) | loss 1.7385 | lr 5.72e-05 | ETA 294.5min
step 7490/11358 (65.9%) | loss 1.7674 | lr 5.70e-05 | ETA 295.0min
step 7500/11358 (66.0%) | loss 1.8507 | lr 5.67e-05 | ETA 293.0min
eval loss: 1.8942
best model saved (loss=1.8942)
step 7510/11358 (66.1%) | loss 1.5384 | lr 5.65e-05 | ETA 291.6min
step 7520/11358 (66.2%) | loss 1.6365 | lr 5.62e-05 | ETA 291.5min
step 7530/11358 (66.3%) | loss 1.7652 | lr 5.59e-05 | ETA 290.6min
step 7540/11358 (66.4%) | loss 1.6435 | lr 5.57e-05 | ETA 290.2min
step 7550/11358 (66.5%) | loss 1.4534 | lr 5.54e-05 | ETA 289.5min
step 7560/11358 (66.6%) | loss 1.6566 | lr 5.52e-05 | ETA 288.6min
step 7570/11358 (66.6%) | loss 1.5891 | lr 5.49e-05 | ETA 288.1min

=== Epoch 3/3 ===
step 7580/11358 (66.7%) | loss 1.5081 | lr 5.46e-05 | ETA 272.3min
step 7590/11358 (66.8%) | loss 1.5194 | lr 5.44e-05 | ETA 287.2min
step 7600/11358 (66.9%) | loss 1.5586 | lr 5.41e-05 | ETA 285.7min
step 7610/11358 (67.0%) | loss 1.4055 | lr 5.39e-05 | ETA 284.5min
step 7620/11358 (67.1%) | loss 1.3446 | lr 5.36e-05 | ETA 285.6min
step 7630/11358 (67.2%) | loss 1.4053 | lr 5.33e-05 | ETA 282.6min
step 7640/11358 (67.3%) | loss 1.4369 | lr 5.31e-05 | ETA 281.6min
step 7650/11358 (67.4%) | loss 1.4006 | lr 5.28e-05 | ETA 281.2min
step 7660/11358 (67.4%) | loss 1.4941 | lr 5.26e-05 | ETA 281.4min
step 7670/11358 (67.5%) | loss 1.5017 | lr 5.23e-05 | ETA 281.4min
step 7680/11358 (67.6%) | loss 1.3921 | lr 5.21e-05 | ETA 279.5min
step 7690/11358 (67.7%) | loss 1.4291 | lr 5.18e-05 | ETA 278.8min
step 7700/11358 (67.8%) | loss 1.5577 | lr 5.15e-05 | ETA 277.8min
step 7710/11358 (67.9%) | loss 1.5400 | lr 5.13e-05 | ETA 277.4min
step 7720/11358 (68.0%) | loss 1.5659 | lr 5.10e-05 | ETA 277.7min
step 7730/11358 (68.1%) | loss 1.4293 | lr 5.08e-05 | ETA 275.9min
step 7740/11358 (68.1%) | loss 1.5164 | lr 5.05e-05 | ETA 274.2min
step 7750/11358 (68.2%) | loss 1.3757 | lr 5.03e-05 | ETA 274.3min
step 7760/11358 (68.3%) | loss 1.5699 | lr 5.00e-05 | ETA 273.7min
step 7770/11358 (68.4%) | loss 1.4578 | lr 4.98e-05 | ETA 272.6min
step 7780/11358 (68.5%) | loss 1.4680 | lr 4.95e-05 | ETA 272.9min
step 7790/11358 (68.6%) | loss 1.6202 | lr 4.93e-05 | ETA 271.1min
step 7800/11358 (68.7%) | loss 1.5807 | lr 4.90e-05 | ETA 270.3min
step 7810/11358 (68.8%) | loss 1.5243 | lr 4.88e-05 | ETA 270.3min
step 7820/11358 (68.9%) | loss 1.5006 | lr 4.85e-05 | ETA 268.4min
step 7830/11358 (68.9%) | loss 1.5318 | lr 4.83e-05 | ETA 269.2min
step 7840/11358 (69.0%) | loss 1.2294 | lr 4.80e-05 | ETA 267.3min
step 7850/11358 (69.1%) | loss 1.4822 | lr 4.78e-05 | ETA 266.7min
step 7860/11358 (69.2%) | loss 1.4176 | lr 4.75e-05 | ETA 265.4min
step 7870/11358 (69.3%) | loss 1.5435 | lr 4.73e-05 | ETA 264.0min
step 7880/11358 (69.4%) | loss 1.3783 | lr 4.70e-05 | ETA 263.4min
step 7890/11358 (69.5%) | loss 1.5150 | lr 4.68e-05 | ETA 264.8min
step 7900/11358 (69.6%) | loss 1.3755 | lr 4.65e-05 | ETA 262.7min
step 7910/11358 (69.6%) | loss 1.4704 | lr 4.63e-05 | ETA 261.7min
step 7920/11358 (69.7%) | loss 1.5533 | lr 4.60e-05 | ETA 261.5min
step 7930/11358 (69.8%) | loss 1.5548 | lr 4.58e-05 | ETA 260.7min
step 7940/11358 (69.9%) | loss 1.7038 | lr 4.56e-05 | ETA 260.1min
step 7950/11358 (70.0%) | loss 1.2399 | lr 4.53e-05 | ETA 259.6min
step 7960/11358 (70.1%) | loss 1.6137 | lr 4.51e-05 | ETA 257.2min
step 7970/11358 (70.2%) | loss 1.5454 | lr 4.48e-05 | ETA 257.3min
step 7980/11358 (70.3%) | loss 1.3137 | lr 4.46e-05 | ETA 257.2min
step 7990/11358 (70.3%) | loss 1.4375 | lr 4.43e-05 | ETA 256.1min
step 8000/11358 (70.4%) | loss 1.4509 | lr 4.41e-05 | ETA 256.4min
eval loss: 1.9797
no improvement (1/5)
step 8010/11358 (70.5%) | loss 1.3930 | lr 4.39e-05 | ETA 253.5min
step 8020/11358 (70.6%) | loss 1.4374 | lr 4.36e-05 | ETA 255.0min
step 8030/11358 (70.7%) | loss 1.4170 | lr 4.34e-05 | ETA 253.1min
step 8040/11358 (70.8%) | loss 1.5162 | lr 4.31e-05 | ETA 252.6min
step 8050/11358 (70.9%) | loss 1.4529 | lr 4.29e-05 | ETA 251.4min
step 8060/11358 (71.0%) | loss 1.4588 | lr 4.27e-05 | ETA 249.9min
step 8070/11358 (71.1%) | loss 1.6237 | lr 4.24e-05 | ETA 250.9min
step 8080/11358 (71.1%) | loss 1.6614 | lr 4.22e-05 | ETA 249.2min
step 8090/11358 (71.2%) | loss 1.4590 | lr 4.19e-05 | ETA 248.4min
step 8100/11358 (71.3%) | loss 1.5471 | lr 4.17e-05 | ETA 247.5min
step 8110/11358 (71.4%) | loss 1.4220 | lr 4.15e-05 | ETA 246.2min
step 8120/11358 (71.5%) | loss 1.4798 | lr 4.12e-05 | ETA 246.7min
step 8130/11358 (71.6%) | loss 1.4629 | lr 4.10e-05 | ETA 246.5min
step 8140/11358 (71.7%) | loss 1.3904 | lr 4.08e-05 | ETA 244.8min
step 8150/11358 (71.8%) | loss 1.4200 | lr 4.05e-05 | ETA 244.3min
step 8160/11358 (71.8%) | loss 1.4797 | lr 4.03e-05 | ETA 243.5min
step 8170/11358 (71.9%) | loss 1.4673 | lr 4.01e-05 | ETA 242.4min
step 8180/11358 (72.0%) | loss 1.4742 | lr 3.98e-05 | ETA 242.0min
step 8190/11358 (72.1%) | loss 1.3987 | lr 3.96e-05 | ETA 240.7min
step 8200/11358 (72.2%) | loss 1.3947 | lr 3.94e-05 | ETA 240.4min
step 8210/11358 (72.3%) | loss 1.4385 | lr 3.91e-05 | ETA 239.2min
step 8220/11358 (72.4%) | loss 1.5928 | lr 3.89e-05 | ETA 238.8min
step 8230/11358 (72.5%) | loss 1.6673 | lr 3.87e-05 | ETA 238.9min
step 8240/11358 (72.5%) | loss 1.2997 | lr 3.84e-05 | ETA 235.9min
step 8250/11358 (72.6%) | loss 1.3830 | lr 3.82e-05 | ETA 236.1min
step 8260/11358 (72.7%) | loss 1.4600 | lr 3.80e-05 | ETA 234.9min
step 8270/11358 (72.8%) | loss 1.4959 | lr 3.78e-05 | ETA 234.0min
step 8280/11358 (72.9%) | loss 1.4841 | lr 3.75e-05 | ETA 234.2min
step 8290/11358 (73.0%) | loss 1.6521 | lr 3.73e-05 | ETA 233.8min
step 8300/11358 (73.1%) | loss 1.5431 | lr 3.71e-05 | ETA 232.4min
step 8310/11358 (73.2%) | loss 1.5714 | lr 3.69e-05 | ETA 231.8min
step 8320/11358 (73.3%) | loss 1.5819 | lr 3.66e-05 | ETA 230.8min
step 8330/11358 (73.3%) | loss 1.6693 | lr 3.64e-05 | ETA 230.4min
step 8340/11358 (73.4%) | loss 1.6520 | lr 3.62e-05 | ETA 230.7min
step 8350/11358 (73.5%) | loss 1.5178 | lr 3.60e-05 | ETA 227.9min
step 8360/11358 (73.6%) | loss 1.3977 | lr 3.57e-05 | ETA 227.6min
step 8370/11358 (73.7%) | loss 1.4025 | lr 3.55e-05 | ETA 226.6min
step 8380/11358 (73.8%) | loss 1.4783 | lr 3.53e-05 | ETA 226.2min
step 8390/11358 (73.9%) | loss 1.6925 | lr 3.51e-05 | ETA 225.3min
step 8400/11358 (74.0%) | loss 1.4421 | lr 3.48e-05 | ETA 225.3min
step 8410/11358 (74.0%) | loss 1.4721 | lr 3.46e-05 | ETA 224.3min
step 8420/11358 (74.1%) | loss 1.5282 | lr 3.44e-05 | ETA 223.3min
step 8430/11358 (74.2%) | loss 1.3645 | lr 3.42e-05 | ETA 222.3min
step 8440/11358 (74.3%) | loss 1.4299 | lr 3.40e-05 | ETA 221.6min
step 8450/11358 (74.4%) | loss 1.5651 | lr 3.37e-05 | ETA 220.5min
step 8460/11358 (74.5%) | loss 1.4429 | lr 3.35e-05 | ETA 221.7min
step 8470/11358 (74.6%) | loss 1.5068 | lr 3.33e-05 | ETA 219.6min
step 8480/11358 (74.7%) | loss 1.5636 | lr 3.31e-05 | ETA 219.1min
step 8490/11358 (74.7%) | loss 1.6109 | lr 3.29e-05 | ETA 218.1min
step 8500/11358 (74.8%) | loss 1.5151 | lr 3.27e-05 | ETA 217.3min
eval loss: 1.9741
no improvement (2/5)
step 8510/11358 (74.9%) | loss 1.4165 | lr 3.24e-05 | ETA 216.6min
step 8520/11358 (75.0%) | loss 1.4737 | lr 3.22e-05 | ETA 215.9min
step 8530/11358 (75.1%) | loss 1.4410 | lr 3.20e-05 | ETA 215.5min
step 8540/11358 (75.2%) | loss 1.4145 | lr 3.18e-05 | ETA 213.5min
step 8550/11358 (75.3%) | loss 1.5863 | lr 3.16e-05 | ETA 212.8min
step 8560/11358 (75.4%) | loss 1.3879 | lr 3.14e-05 | ETA 212.6min
step 8570/11358 (75.5%) | loss 1.6429 | lr 3.12e-05 | ETA 211.5min
step 8580/11358 (75.5%) | loss 1.4585 | lr 3.10e-05 | ETA 210.9min
step 8590/11358 (75.6%) | loss 1.4563 | lr 3.08e-05 | ETA 210.2min
step 8600/11358 (75.7%) | loss 1.5309 | lr 3.05e-05 | ETA 209.4min
step 8610/11358 (75.8%) | loss 1.3509 | lr 3.03e-05 | ETA 208.5min
step 8620/11358 (75.9%) | loss 1.3826 | lr 3.01e-05 | ETA 207.4min
step 8630/11358 (76.0%) | loss 1.4255 | lr 2.99e-05 | ETA 206.9min
step 8640/11358 (76.1%) | loss 1.5004 | lr 2.97e-05 | ETA 207.8min
step 8650/11358 (76.2%) | loss 1.4928 | lr 2.95e-05 | ETA 205.8min
step 8660/11358 (76.2%) | loss 1.3773 | lr 2.93e-05 | ETA 204.4min
step 8670/11358 (76.3%) | loss 1.6231 | lr 2.91e-05 | ETA 204.3min
step 8680/11358 (76.4%) | loss 1.4633 | lr 2.89e-05 | ETA 203.2min
step 8690/11358 (76.5%) | loss 1.5066 | lr 2.87e-05 | ETA 203.3min
step 8700/11358 (76.6%) | loss 1.3672 | lr 2.85e-05 | ETA 202.2min
step 8710/11358 (76.7%) | loss 1.6074 | lr 2.83e-05 | ETA 201.5min
step 8720/11358 (76.8%) | loss 1.5713 | lr 2.81e-05 | ETA 200.5min
step 8730/11358 (76.9%) | loss 1.2537 | lr 2.79e-05 | ETA 199.0min
step 8740/11358 (77.0%) | loss 1.3678 | lr 2.77e-05 | ETA 199.7min
step 8750/11358 (77.0%) | loss 1.5356 | lr 2.75e-05 | ETA 198.2min
step 8760/11358 (77.1%) | loss 1.3447 | lr 2.73e-05 | ETA 197.0min
step 8770/11358 (77.2%) | loss 1.3676 | lr 2.71e-05 | ETA 196.4min
step 8780/11358 (77.3%) | loss 1.2599 | lr 2.69e-05 | ETA 196.0min
step 8790/11358 (77.4%) | loss 1.3365 | lr 2.67e-05 | ETA 195.6min
step 8800/11358 (77.5%) | loss 1.2609 | lr 2.65e-05 | ETA 194.7min
step 8810/11358 (77.6%) | loss 1.4581 | lr 2.63e-05 | ETA 192.9min
step 8820/11358 (77.7%) | loss 1.4723 | lr 2.61e-05 | ETA 192.2min
step 8830/11358 (77.7%) | loss 1.6161 | lr 2.59e-05 | ETA 192.1min
step 8840/11358 (77.8%) | loss 1.5681 | lr 2.57e-05 | ETA 191.0min
step 8850/11358 (77.9%) | loss 1.5026 | lr 2.55e-05 | ETA 191.3min
step 8860/11358 (78.0%) | loss 1.3935 | lr 2.53e-05 | ETA 189.6min
step 8870/11358 (78.1%) | loss 1.2407 | lr 2.51e-05 | ETA 188.3min
step 8880/11358 (78.2%) | loss 1.3716 | lr 2.49e-05 | ETA 187.7min
step 8890/11358 (78.3%) | loss 1.6254 | lr 2.47e-05 | ETA 187.7min
step 8900/11358 (78.4%) | loss 1.3751 | lr 2.45e-05 | ETA 186.3min
step 8910/11358 (78.4%) | loss 1.3579 | lr 2.43e-05 | ETA 186.5min
step 8920/11358 (78.5%) | loss 1.4925 | lr 2.41e-05 | ETA 185.2min
step 8930/11358 (78.6%) | loss 1.3497 | lr 2.40e-05 | ETA 184.0min
step 8940/11358 (78.7%) | loss 1.4520 | lr 2.38e-05 | ETA 183.3min
step 8950/11358 (78.8%) | loss 1.4383 | lr 2.36e-05 | ETA 182.7min
step 8960/11358 (78.9%) | loss 1.1663 | lr 2.34e-05 | ETA 182.1min
step 8970/11358 (79.0%) | loss 1.5505 | lr 2.32e-05 | ETA 182.0min
step 8980/11358 (79.1%) | loss 1.5218 | lr 2.30e-05 | ETA 180.4min
step 8990/11358 (79.2%) | loss 1.3851 | lr 2.28e-05 | ETA 179.8min
step 9000/11358 (79.2%) | loss 1.4369 | lr 2.27e-05 | ETA 178.9min
eval loss: 1.9905
no improvement (3/5)
step 9010/11358 (79.3%) | loss 1.4479 | lr 2.25e-05 | ETA 178.5min
step 9020/11358 (79.4%) | loss 1.2536 | lr 2.23e-05 | ETA 177.2min
step 9030/11358 (79.5%) | loss 1.5363 | lr 2.21e-05 | ETA 176.6min
step 9040/11358 (79.6%) | loss 1.4327 | lr 2.19e-05 | ETA 176.0min
step 9050/11358 (79.7%) | loss 1.3773 | lr 2.17e-05 | ETA 175.4min
step 9060/11358 (79.8%) | loss 1.4472 | lr 2.16e-05 | ETA 174.8min
step 9070/11358 (79.9%) | loss 1.5712 | lr 2.14e-05 | ETA 174.7min
step 9080/11358 (79.9%) | loss 1.5046 | lr 2.12e-05 | ETA 173.1min
step 9090/11358 (80.0%) | loss 1.3630 | lr 2.10e-05 | ETA 172.2min
step 9100/11358 (80.1%) | loss 1.5555 | lr 2.08e-05 | ETA 171.3min
step 9110/11358 (80.2%) | loss 1.3173 | lr 2.07e-05 | ETA 170.5min
step 9120/11358 (80.3%) | loss 1.5361 | lr 2.05e-05 | ETA 169.8min
step 9130/11358 (80.4%) | loss 1.3628 | lr 2.03e-05 | ETA 170.0min
step 9140/11358 (80.5%) | loss 1.5499 | lr 2.01e-05 | ETA 168.9min
step 9150/11358 (80.6%) | loss 1.6115 | lr 2.00e-05 | ETA 167.7min
step 9160/11358 (80.6%) | loss 1.5697 | lr 1.98e-05 | ETA 167.2min
step 9170/11358 (80.7%) | loss 1.3324 | lr 1.96e-05 | ETA 166.3min
step 9180/11358 (80.8%) | loss 1.3736 | lr 1.94e-05 | ETA 165.4min
step 9190/11358 (80.9%) | loss 1.3677 | lr 1.93e-05 | ETA 165.2min
step 9200/11358 (81.0%) | loss 1.6242 | lr 1.91e-05 | ETA 164.3min
step 9210/11358 (81.1%) | loss 1.4964 | lr 1.89e-05 | ETA 163.5min
step 9220/11358 (81.2%) | loss 1.4291 | lr 1.88e-05 | ETA 162.5min
step 9230/11358 (81.3%) | loss 1.5452 | lr 1.86e-05 | ETA 161.4min
step 9240/11358 (81.4%) | loss 1.4366 | lr 1.84e-05 | ETA 161.7min
step 9250/11358 (81.4%) | loss 1.2869 | lr 1.82e-05 | ETA 160.4min
step 9260/11358 (81.5%) | loss 1.4928 | lr 1.81e-05 | ETA 159.4min
step 9270/11358 (81.6%) | loss 1.4000 | lr 1.79e-05 | ETA 158.7min
step 9280/11358 (81.7%) | loss 1.4808 | lr 1.77e-05 | ETA 157.8min
step 9290/11358 (81.8%) | loss 1.5041 | lr 1.76e-05 | ETA 156.9min
step 9300/11358 (81.9%) | loss 1.3751 | lr 1.74e-05 | ETA 156.8min
step 9310/11358 (82.0%) | loss 1.3946 | lr 1.73e-05 | ETA 155.7min
step 9320/11358 (82.1%) | loss 1.5167 | lr 1.71e-05 | ETA 154.9min
step 9330/11358 (82.1%) | loss 1.3607 | lr 1.69e-05 | ETA 153.9min
step 9340/11358 (82.2%) | loss 1.4729 | lr 1.68e-05 | ETA 153.3min
step 9350/11358 (82.3%) | loss 1.5584 | lr 1.66e-05 | ETA 153.2min
step 9360/11358 (82.4%) | loss 1.4011 | lr 1.64e-05 | ETA 151.7min
step 9370/11358 (82.5%) | loss 1.5399 | lr 1.63e-05 | ETA 151.2min
step 9380/11358 (82.6%) | loss 1.4547 | lr 1.61e-05 | ETA 150.4min
step 9390/11358 (82.7%) | loss 1.2767 | lr 1.60e-05 | ETA 149.5min
step 9400/11358 (82.8%) | loss 1.4783 | lr 1.58e-05 | ETA 149.3min
step 9410/11358 (82.8%) | loss 1.5379 | lr 1.57e-05 | ETA 148.0min
step 9420/11358 (82.9%) | loss 1.4911 | lr 1.55e-05 | ETA 147.3min
step 9430/11358 (83.0%) | loss 1.4243 | lr 1.53e-05 | ETA 146.2min
step 9440/11358 (83.1%) | loss 1.5291 | lr 1.52e-05 | ETA 145.5min
step 9450/11358 (83.2%) | loss 1.1725 | lr 1.50e-05 | ETA 144.6min
step 9460/11358 (83.3%) | loss 1.3808 | lr 1.49e-05 | ETA 144.4min
step 9470/11358 (83.4%) | loss 1.4856 | lr 1.47e-05 | ETA 143.8min
step 9480/11358 (83.5%) | loss 1.6189 | lr 1.46e-05 | ETA 142.7min
step 9490/11358 (83.6%) | loss 1.3363 | lr 1.44e-05 | ETA 141.7min
step 9500/11358 (83.6%) | loss 1.5338 | lr 1.43e-05 | ETA 141.3min
eval loss: 1.9779
no improvement (4/5)
step 9510/11358 (83.7%) | loss 1.6192 | lr 1.41e-05 | ETA 140.9min
step 9520/11358 (83.8%) | loss 1.3793 | lr 1.40e-05 | ETA 139.2min
step 9530/11358 (83.9%) | loss 1.3192 | lr 1.38e-05 | ETA 138.9min
step 9540/11358 (84.0%) | loss 1.4219 | lr 1.37e-05 | ETA 138.1min
step 9550/11358 (84.1%) | loss 1.3839 | lr 1.35e-05 | ETA 137.3min
step 9560/11358 (84.2%) | loss 1.5156 | lr 1.34e-05 | ETA 136.6min
step 9570/11358 (84.3%) | loss 1.4687 | lr 1.32e-05 | ETA 136.0min
step 9580/11358 (84.3%) | loss 1.6371 | lr 1.31e-05 | ETA 135.1min
step 9590/11358 (84.4%) | loss 1.5303 | lr 1.30e-05 | ETA 134.2min
step 9600/11358 (84.5%) | loss 1.4211 | lr 1.28e-05 | ETA 132.9min
step 9610/11358 (84.6%) | loss 1.2393 | lr 1.27e-05 | ETA 132.5min
step 9620/11358 (84.7%) | loss 1.3349 | lr 1.25e-05 | ETA 132.3min
step 9630/11358 (84.8%) | loss 1.3455 | lr 1.24e-05 | ETA 131.0min
step 9640/11358 (84.9%) | loss 1.3890 | lr 1.22e-05 | ETA 130.5min
step 9650/11358 (85.0%) | loss 1.3249 | lr 1.21e-05 | ETA 129.8min
step 9660/11358 (85.1%) | loss 1.4742 | lr 1.20e-05 | ETA 128.5min
step 9670/11358 (85.1%) | loss 1.5018 | lr 1.18e-05 | ETA 128.4min
step 9680/11358 (85.2%) | loss 1.4952 | lr 1.17e-05 | ETA 127.0min
step 9690/11358 (85.3%) | loss 1.4694 | lr 1.16e-05 | ETA 126.5min
step 9700/11358 (85.4%) | loss 1.3620 | lr 1.14e-05 | ETA 126.0min
step 9710/11358 (85.5%) | loss 1.4034 | lr 1.13e-05 | ETA 125.0min
step 9720/11358 (85.6%) | loss 1.4395 | lr 1.12e-05 | ETA 124.3min
step 9730/11358 (85.7%) | loss 1.5608 | lr 1.10e-05 | ETA 124.1min
step 9740/11358 (85.8%) | loss 1.4151 | lr 1.09e-05 | ETA 122.9min
step 9750/11358 (85.8%) | loss 1.3748 | lr 1.08e-05 | ETA 122.1min
step 9760/11358 (85.9%) | loss 1.4736 | lr 1.06e-05 | ETA 121.4min
step 9770/11358 (86.0%) | loss 1.3692 | lr 1.05e-05 | ETA 120.7min
step 9780/11358 (86.1%) | loss 1.4654 | lr 1.04e-05 | ETA 119.9min
step 9790/11358 (86.2%) | loss 1.3412 | lr 1.02e-05 | ETA 119.3min
step 9800/11358 (86.3%) | loss 1.3546 | lr 1.01e-05 | ETA 118.2min
step 9810/11358 (86.4%) | loss 1.6248 | lr 9.98e-06 | ETA 117.4min
step 9820/11358 (86.5%) | loss 1.4177 | lr 9.86e-06 | ETA 116.8min
step 9830/11358 (86.5%) | loss 1.5418 | lr 9.73e-06 | ETA 115.7min
step 9840/11358 (86.6%) | loss 1.4041 | lr 9.61e-06 | ETA 115.0min
step 9850/11358 (86.7%) | loss 1.4270 | lr 9.48e-06 | ETA 114.9min
step 9860/11358 (86.8%) | loss 1.4559 | lr 9.36e-06 | ETA 113.6min
step 9870/11358 (86.9%) | loss 1.5313 | lr 9.24e-06 | ETA 112.9min
step 9880/11358 (87.0%) | loss 1.3694 | lr 9.12e-06 | ETA 112.1min
step 9890/11358 (87.1%) | loss 1.4092 | lr 8.99e-06 | ETA 111.0min
step 9900/11358 (87.2%) | loss 1.4182 | lr 8.87e-06 | ETA 111.0min
step 9910/11358 (87.3%) | loss 1.5290 | lr 8.75e-06 | ETA 109.6min
step 9920/11358 (87.3%) | loss 1.5060 | lr 8.64e-06 | ETA 108.8min
step 9930/11358 (87.4%) | loss 1.4674 | lr 8.52e-06 | ETA 108.4min
step 9940/11358 (87.5%) | loss 1.3247 | lr 8.40e-06 | ETA 107.6min
step 9950/11358 (87.6%) | loss 1.5054 | lr 8.28e-06 | ETA 107.0min
step 9960/11358 (87.7%) | loss 1.5239 | lr 8.17e-06 | ETA 106.4min
step 9970/11358 (87.8%) | loss 1.2523 | lr 8.05e-06 | ETA 105.3min
step 9980/11358 (87.9%) | loss 1.3672 | lr 7.94e-06 | ETA 104.6min
step 9990/11358 (88.0%) | loss 1.6543 | lr 7.83e-06 | ETA 103.8min
step 10000/11358 (88.0%) | loss 1.5367 | lr 7.71e-06 | ETA 102.9min
eval loss: 1.9807
no improvement (5/5)
early stopping triggered — stopping training.

final eval loss: 1.9807
training complete.
