nohup: ignoring input
device: cuda:0
Loading weights:   0%|          | 0/338 [00:00<?, ?it/s]Loading weights:   0%|          | 1/338 [00:00<03:02,  1.84it/s]Loading weights:  36%|███▋      | 123/338 [00:00<00:00, 238.65it/s]Loading weights:  52%|█████▏    | 177/338 [00:00<00:00, 284.96it/s]Loading weights:  67%|██████▋   | 225/338 [00:00<00:00, 293.25it/s]Loading weights:  79%|███████▉  | 267/338 [00:01<00:00, 302.59it/s]Loading weights:  91%|█████████ | 306/338 [00:01<00:00, 293.70it/s]Loading weights: 100%|██████████| 338/338 [00:01<00:00, 260.62it/s]
trainable params: 18,464,768 || all params: 1,562,179,072 || trainable%: 1.1820

=== Epoch 1/3 ===
step 10/9201 (0.1%) | loss 2.9208 | lr 4.35e-06 | ETA 523.2min
step 20/9201 (0.2%) | loss 2.5870 | lr 8.70e-06 | ETA 506.3min
step 30/9201 (0.3%) | loss 2.4330 | lr 1.30e-05 | ETA 507.3min
step 40/9201 (0.4%) | loss 2.4523 | lr 1.74e-05 | ETA 509.0min
step 50/9201 (0.5%) | loss 2.2030 | lr 2.17e-05 | ETA 503.8min
step 60/9201 (0.7%) | loss 2.3804 | lr 2.61e-05 | ETA 500.8min
step 70/9201 (0.8%) | loss 2.1149 | lr 3.04e-05 | ETA 504.4min
step 80/9201 (0.9%) | loss 2.2839 | lr 3.48e-05 | ETA 504.9min
step 90/9201 (1.0%) | loss 2.2129 | lr 3.91e-05 | ETA 505.5min
step 100/9201 (1.1%) | loss 2.2689 | lr 4.35e-05 | ETA 511.4min
step 110/9201 (1.2%) | loss 2.3106 | lr 4.78e-05 | ETA 512.8min
step 120/9201 (1.3%) | loss 2.1981 | lr 5.22e-05 | ETA 510.8min
step 130/9201 (1.4%) | loss 2.3370 | lr 5.65e-05 | ETA 511.9min
step 140/9201 (1.5%) | loss 2.0341 | lr 6.09e-05 | ETA 511.0min
step 150/9201 (1.6%) | loss 2.1788 | lr 6.52e-05 | ETA 510.6min
step 160/9201 (1.7%) | loss 2.1922 | lr 6.96e-05 | ETA 510.0min
step 170/9201 (1.8%) | loss 2.1594 | lr 7.39e-05 | ETA 510.1min
step 180/9201 (2.0%) | loss 2.0844 | lr 7.83e-05 | ETA 505.8min
step 190/9201 (2.1%) | loss 2.0748 | lr 8.26e-05 | ETA 506.5min
step 200/9201 (2.2%) | loss 2.2042 | lr 8.70e-05 | ETA 505.9min
step 210/9201 (2.3%) | loss 2.0687 | lr 9.13e-05 | ETA 506.9min
step 220/9201 (2.4%) | loss 2.2459 | lr 9.57e-05 | ETA 506.5min
step 230/9201 (2.5%) | loss 2.0732 | lr 1.00e-04 | ETA 501.9min
step 240/9201 (2.6%) | loss 2.2019 | lr 1.04e-04 | ETA 499.1min
step 250/9201 (2.7%) | loss 2.0819 | lr 1.09e-04 | ETA 499.8min
step 260/9201 (2.8%) | loss 2.1168 | lr 1.13e-04 | ETA 499.8min
step 270/9201 (2.9%) | loss 2.2473 | lr 1.17e-04 | ETA 499.6min
step 280/9201 (3.0%) | loss 2.2293 | lr 1.22e-04 | ETA 498.2min
step 290/9201 (3.2%) | loss 1.9434 | lr 1.26e-04 | ETA 490.7min
step 300/9201 (3.3%) | loss 2.1459 | lr 1.30e-04 | ETA 493.9min
step 310/9201 (3.4%) | loss 1.9862 | lr 1.35e-04 | ETA 497.6min
step 320/9201 (3.5%) | loss 2.1848 | lr 1.39e-04 | ETA 495.2min
step 330/9201 (3.6%) | loss 2.2316 | lr 1.43e-04 | ETA 492.1min
step 340/9201 (3.7%) | loss 2.1393 | lr 1.48e-04 | ETA 490.5min
step 350/9201 (3.8%) | loss 2.0810 | lr 1.52e-04 | ETA 490.2min
step 360/9201 (3.9%) | loss 2.3084 | lr 1.57e-04 | ETA 491.6min
step 370/9201 (4.0%) | loss 2.1889 | lr 1.61e-04 | ETA 488.2min
step 380/9201 (4.1%) | loss 2.1116 | lr 1.65e-04 | ETA 489.3min
step 390/9201 (4.2%) | loss 2.1340 | lr 1.70e-04 | ETA 496.7min
step 400/9201 (4.3%) | loss 2.2822 | lr 1.74e-04 | ETA 490.0min
step 410/9201 (4.5%) | loss 1.9013 | lr 1.78e-04 | ETA 483.1min
step 420/9201 (4.6%) | loss 1.9924 | lr 1.83e-04 | ETA 487.5min
step 430/9201 (4.7%) | loss 2.2729 | lr 1.87e-04 | ETA 486.0min
step 440/9201 (4.8%) | loss 2.2442 | lr 1.91e-04 | ETA 484.5min
step 450/9201 (4.9%) | loss 2.1584 | lr 1.96e-04 | ETA 484.4min
step 460/9201 (5.0%) | loss 2.0255 | lr 2.00e-04 | ETA 484.1min
step 470/9201 (5.1%) | loss 2.2696 | lr 2.00e-04 | ETA 484.1min
step 480/9201 (5.2%) | loss 2.0676 | lr 2.00e-04 | ETA 483.4min
step 490/9201 (5.3%) | loss 2.2724 | lr 2.00e-04 | ETA 483.4min
step 500/9201 (5.4%) | loss 2.0649 | lr 2.00e-04 | ETA 482.7min
eval loss: 2.1385
best model saved (loss=2.1385)
step 510/9201 (5.5%) | loss 2.1871 | lr 2.00e-04 | ETA 480.0min
step 520/9201 (5.7%) | loss 2.1225 | lr 2.00e-04 | ETA 479.7min
step 530/9201 (5.8%) | loss 2.1285 | lr 2.00e-04 | ETA 483.0min
step 540/9201 (5.9%) | loss 1.9055 | lr 2.00e-04 | ETA 480.1min
step 550/9201 (6.0%) | loss 2.0755 | lr 2.00e-04 | ETA 478.6min
step 560/9201 (6.1%) | loss 2.1116 | lr 2.00e-04 | ETA 479.3min
step 570/9201 (6.2%) | loss 2.2112 | lr 2.00e-04 | ETA 478.6min
step 580/9201 (6.3%) | loss 2.1915 | lr 2.00e-04 | ETA 476.5min
step 590/9201 (6.4%) | loss 1.9167 | lr 2.00e-04 | ETA 475.4min
step 600/9201 (6.5%) | loss 2.3683 | lr 2.00e-04 | ETA 476.4min
step 610/9201 (6.6%) | loss 2.1005 | lr 2.00e-04 | ETA 474.0min
step 620/9201 (6.7%) | loss 2.1948 | lr 2.00e-04 | ETA 475.3min
step 630/9201 (6.8%) | loss 1.9667 | lr 2.00e-04 | ETA 474.6min
step 640/9201 (7.0%) | loss 2.1511 | lr 2.00e-04 | ETA 475.9min
step 650/9201 (7.1%) | loss 2.0670 | lr 2.00e-04 | ETA 480.3min
step 660/9201 (7.2%) | loss 2.1398 | lr 2.00e-04 | ETA 482.1min
step 670/9201 (7.3%) | loss 2.1495 | lr 2.00e-04 | ETA 480.8min
step 680/9201 (7.4%) | loss 2.1501 | lr 2.00e-04 | ETA 481.6min
step 690/9201 (7.5%) | loss 2.1297 | lr 2.00e-04 | ETA 481.6min
step 700/9201 (7.6%) | loss 2.0413 | lr 2.00e-04 | ETA 472.8min
step 710/9201 (7.7%) | loss 1.8964 | lr 2.00e-04 | ETA 471.6min
step 720/9201 (7.8%) | loss 2.2930 | lr 2.00e-04 | ETA 466.2min
step 730/9201 (7.9%) | loss 2.0798 | lr 2.00e-04 | ETA 469.7min
step 740/9201 (8.0%) | loss 2.0519 | lr 1.99e-04 | ETA 468.0min
step 750/9201 (8.2%) | loss 2.0558 | lr 1.99e-04 | ETA 468.7min
step 760/9201 (8.3%) | loss 2.2785 | lr 1.99e-04 | ETA 468.0min
step 770/9201 (8.4%) | loss 2.0893 | lr 1.99e-04 | ETA 468.8min
step 780/9201 (8.5%) | loss 1.9046 | lr 1.99e-04 | ETA 467.2min
step 790/9201 (8.6%) | loss 1.9908 | lr 1.99e-04 | ETA 464.5min
step 800/9201 (8.7%) | loss 2.2529 | lr 1.99e-04 | ETA 464.3min
step 810/9201 (8.8%) | loss 2.2451 | lr 1.99e-04 | ETA 464.3min
step 820/9201 (8.9%) | loss 2.2849 | lr 1.99e-04 | ETA 463.3min
step 830/9201 (9.0%) | loss 2.2269 | lr 1.99e-04 | ETA 463.7min
step 840/9201 (9.1%) | loss 2.2130 | lr 1.99e-04 | ETA 461.1min
step 850/9201 (9.2%) | loss 1.9836 | lr 1.99e-04 | ETA 463.0min
step 860/9201 (9.3%) | loss 2.0945 | lr 1.99e-04 | ETA 461.1min
step 870/9201 (9.5%) | loss 2.1015 | lr 1.99e-04 | ETA 461.1min
step 880/9201 (9.6%) | loss 1.9981 | lr 1.99e-04 | ETA 460.3min
step 890/9201 (9.7%) | loss 1.9857 | lr 1.99e-04 | ETA 461.0min
step 900/9201 (9.8%) | loss 2.0131 | lr 1.99e-04 | ETA 460.3min
step 910/9201 (9.9%) | loss 2.2839 | lr 1.99e-04 | ETA 460.1min
step 920/9201 (10.0%) | loss 2.1108 | lr 1.99e-04 | ETA 457.8min
step 930/9201 (10.1%) | loss 2.0826 | lr 1.99e-04 | ETA 458.4min
step 940/9201 (10.2%) | loss 2.1074 | lr 1.99e-04 | ETA 457.9min
step 950/9201 (10.3%) | loss 2.2808 | lr 1.98e-04 | ETA 454.6min
step 960/9201 (10.4%) | loss 2.3496 | lr 1.98e-04 | ETA 459.5min
step 970/9201 (10.5%) | loss 2.1766 | lr 1.98e-04 | ETA 457.8min
step 980/9201 (10.7%) | loss 1.9790 | lr 1.98e-04 | ETA 456.1min
step 990/9201 (10.8%) | loss 2.0570 | lr 1.98e-04 | ETA 455.4min
step 1000/9201 (10.9%) | loss 2.1216 | lr 1.98e-04 | ETA 455.6min
eval loss: 2.1071
best model saved (loss=2.1071)
step 1010/9201 (11.0%) | loss 2.1723 | lr 1.98e-04 | ETA 454.5min
step 1020/9201 (11.1%) | loss 1.9757 | lr 1.98e-04 | ETA 453.7min
step 1030/9201 (11.2%) | loss 1.9920 | lr 1.98e-04 | ETA 452.6min
step 1040/9201 (11.3%) | loss 2.2092 | lr 1.98e-04 | ETA 452.3min
step 1050/9201 (11.4%) | loss 2.1669 | lr 1.98e-04 | ETA 451.1min
step 1060/9201 (11.5%) | loss 1.9843 | lr 1.98e-04 | ETA 450.5min
step 1070/9201 (11.6%) | loss 2.1126 | lr 1.98e-04 | ETA 450.4min
step 1080/9201 (11.7%) | loss 2.2260 | lr 1.98e-04 | ETA 452.4min
step 1090/9201 (11.8%) | loss 2.0732 | lr 1.97e-04 | ETA 448.7min
step 1100/9201 (12.0%) | loss 2.2546 | lr 1.97e-04 | ETA 447.3min
step 1110/9201 (12.1%) | loss 2.1155 | lr 1.97e-04 | ETA 448.3min
step 1120/9201 (12.2%) | loss 2.1972 | lr 1.97e-04 | ETA 447.5min
step 1130/9201 (12.3%) | loss 2.1121 | lr 1.97e-04 | ETA 447.6min
step 1140/9201 (12.4%) | loss 1.9694 | lr 1.97e-04 | ETA 447.2min
step 1150/9201 (12.5%) | loss 2.0959 | lr 1.97e-04 | ETA 447.2min
step 1160/9201 (12.6%) | loss 2.1516 | lr 1.97e-04 | ETA 447.5min
step 1170/9201 (12.7%) | loss 2.0402 | lr 1.97e-04 | ETA 449.5min
step 1180/9201 (12.8%) | loss 2.1240 | lr 1.97e-04 | ETA 450.5min
step 1190/9201 (12.9%) | loss 1.9816 | lr 1.97e-04 | ETA 451.6min
step 1200/9201 (13.0%) | loss 2.1672 | lr 1.96e-04 | ETA 452.0min
step 1210/9201 (13.2%) | loss 2.2362 | lr 1.96e-04 | ETA 447.0min
step 1220/9201 (13.3%) | loss 1.9612 | lr 1.96e-04 | ETA 442.6min
step 1230/9201 (13.4%) | loss 2.1078 | lr 1.96e-04 | ETA 442.0min
step 1240/9201 (13.5%) | loss 2.0043 | lr 1.96e-04 | ETA 443.4min
step 1250/9201 (13.6%) | loss 2.0094 | lr 1.96e-04 | ETA 443.7min
step 1260/9201 (13.7%) | loss 1.9916 | lr 1.96e-04 | ETA 441.6min
step 1270/9201 (13.8%) | loss 2.2842 | lr 1.96e-04 | ETA 439.4min
step 1280/9201 (13.9%) | loss 2.0778 | lr 1.96e-04 | ETA 438.1min
step 1290/9201 (14.0%) | loss 2.1965 | lr 1.96e-04 | ETA 438.5min
step 1300/9201 (14.1%) | loss 2.0327 | lr 1.95e-04 | ETA 439.2min
step 1310/9201 (14.2%) | loss 2.0859 | lr 1.95e-04 | ETA 439.2min
step 1320/9201 (14.3%) | loss 2.2607 | lr 1.95e-04 | ETA 438.7min
step 1330/9201 (14.5%) | loss 2.1350 | lr 1.95e-04 | ETA 437.3min
step 1340/9201 (14.6%) | loss 2.0500 | lr 1.95e-04 | ETA 435.9min
step 1350/9201 (14.7%) | loss 2.2341 | lr 1.95e-04 | ETA 433.2min
step 1360/9201 (14.8%) | loss 2.0410 | lr 1.95e-04 | ETA 435.5min
step 1370/9201 (14.9%) | loss 2.0921 | lr 1.95e-04 | ETA 433.6min
step 1380/9201 (15.0%) | loss 2.0090 | lr 1.95e-04 | ETA 433.3min
step 1390/9201 (15.1%) | loss 2.1056 | lr 1.94e-04 | ETA 434.6min
step 1400/9201 (15.2%) | loss 2.2308 | lr 1.94e-04 | ETA 430.7min
step 1410/9201 (15.3%) | loss 2.0163 | lr 1.94e-04 | ETA 431.3min
step 1420/9201 (15.4%) | loss 2.1065 | lr 1.94e-04 | ETA 432.0min
step 1430/9201 (15.5%) | loss 2.1921 | lr 1.94e-04 | ETA 431.8min
step 1440/9201 (15.7%) | loss 2.1506 | lr 1.94e-04 | ETA 429.6min
step 1450/9201 (15.8%) | loss 2.1435 | lr 1.94e-04 | ETA 430.2min
step 1460/9201 (15.9%) | loss 2.1918 | lr 1.94e-04 | ETA 429.9min
step 1470/9201 (16.0%) | loss 2.1394 | lr 1.93e-04 | ETA 427.8min
step 1480/9201 (16.1%) | loss 2.2691 | lr 1.93e-04 | ETA 430.2min
step 1490/9201 (16.2%) | loss 2.1798 | lr 1.93e-04 | ETA 429.5min
step 1500/9201 (16.3%) | loss 2.1926 | lr 1.93e-04 | ETA 427.4min
eval loss: 2.0843
best model saved (loss=2.0843)
step 1510/9201 (16.4%) | loss 2.1286 | lr 1.93e-04 | ETA 424.6min
step 1520/9201 (16.5%) | loss 2.1330 | lr 1.93e-04 | ETA 427.1min
step 1530/9201 (16.6%) | loss 1.9570 | lr 1.93e-04 | ETA 425.8min
step 1540/9201 (16.7%) | loss 2.0131 | lr 1.93e-04 | ETA 423.6min
step 1550/9201 (16.8%) | loss 2.2316 | lr 1.92e-04 | ETA 423.8min
step 1560/9201 (17.0%) | loss 2.1143 | lr 1.92e-04 | ETA 423.4min
step 1570/9201 (17.1%) | loss 2.0957 | lr 1.92e-04 | ETA 423.0min
step 1580/9201 (17.2%) | loss 2.2262 | lr 1.92e-04 | ETA 422.2min
step 1590/9201 (17.3%) | loss 2.1276 | lr 1.92e-04 | ETA 423.1min
step 1600/9201 (17.4%) | loss 2.2525 | lr 1.92e-04 | ETA 419.7min
step 1610/9201 (17.5%) | loss 2.1597 | lr 1.92e-04 | ETA 420.9min
step 1620/9201 (17.6%) | loss 2.0907 | lr 1.91e-04 | ETA 418.5min
step 1630/9201 (17.7%) | loss 2.0090 | lr 1.91e-04 | ETA 417.6min
step 1640/9201 (17.8%) | loss 2.0198 | lr 1.91e-04 | ETA 418.8min
step 1650/9201 (17.9%) | loss 2.0016 | lr 1.91e-04 | ETA 418.7min
step 1660/9201 (18.0%) | loss 2.1031 | lr 1.91e-04 | ETA 418.5min
step 1670/9201 (18.2%) | loss 2.0819 | lr 1.91e-04 | ETA 418.0min
step 1680/9201 (18.3%) | loss 2.0775 | lr 1.91e-04 | ETA 416.2min
step 1690/9201 (18.4%) | loss 2.0252 | lr 1.90e-04 | ETA 415.7min
step 1700/9201 (18.5%) | loss 2.2467 | lr 1.90e-04 | ETA 416.1min
step 1710/9201 (18.6%) | loss 2.0019 | lr 1.90e-04 | ETA 414.0min
step 1720/9201 (18.7%) | loss 2.0964 | lr 1.90e-04 | ETA 414.8min
step 1730/9201 (18.8%) | loss 2.0206 | lr 1.90e-04 | ETA 414.0min
step 1740/9201 (18.9%) | loss 2.0362 | lr 1.90e-04 | ETA 417.1min
step 1750/9201 (19.0%) | loss 2.0501 | lr 1.89e-04 | ETA 420.6min
step 1760/9201 (19.1%) | loss 2.1667 | lr 1.89e-04 | ETA 418.7min
step 1770/9201 (19.2%) | loss 1.9551 | lr 1.89e-04 | ETA 418.7min
step 1780/9201 (19.3%) | loss 2.0691 | lr 1.89e-04 | ETA 419.7min
step 1790/9201 (19.5%) | loss 2.1618 | lr 1.89e-04 | ETA 413.3min
step 1800/9201 (19.6%) | loss 1.9273 | lr 1.89e-04 | ETA 410.4min
step 1810/9201 (19.7%) | loss 2.0657 | lr 1.88e-04 | ETA 410.1min
step 1820/9201 (19.8%) | loss 2.1589 | lr 1.88e-04 | ETA 410.2min
step 1830/9201 (19.9%) | loss 1.9350 | lr 1.88e-04 | ETA 406.5min
step 1840/9201 (20.0%) | loss 2.0693 | lr 1.88e-04 | ETA 407.7min
step 1850/9201 (20.1%) | loss 2.1396 | lr 1.88e-04 | ETA 407.1min
step 1860/9201 (20.2%) | loss 2.1184 | lr 1.88e-04 | ETA 407.3min
step 1870/9201 (20.3%) | loss 2.1056 | lr 1.87e-04 | ETA 406.9min
step 1880/9201 (20.4%) | loss 2.1661 | lr 1.87e-04 | ETA 405.2min
step 1890/9201 (20.5%) | loss 2.0524 | lr 1.87e-04 | ETA 405.8min
step 1900/9201 (20.6%) | loss 2.0635 | lr 1.87e-04 | ETA 404.6min
step 1910/9201 (20.8%) | loss 2.0607 | lr 1.87e-04 | ETA 403.7min
step 1920/9201 (20.9%) | loss 2.2096 | lr 1.87e-04 | ETA 403.4min
step 1930/9201 (21.0%) | loss 2.0753 | lr 1.86e-04 | ETA 403.0min
step 1940/9201 (21.1%) | loss 2.1238 | lr 1.86e-04 | ETA 399.6min
step 1950/9201 (21.2%) | loss 2.0327 | lr 1.86e-04 | ETA 402.2min
step 1960/9201 (21.3%) | loss 2.0339 | lr 1.86e-04 | ETA 402.5min
step 1970/9201 (21.4%) | loss 2.1081 | lr 1.86e-04 | ETA 401.5min
step 1980/9201 (21.5%) | loss 1.9817 | lr 1.85e-04 | ETA 404.3min
step 1990/9201 (21.6%) | loss 2.1112 | lr 1.85e-04 | ETA 406.8min
step 2000/9201 (21.7%) | loss 1.9889 | lr 1.85e-04 | ETA 407.7min
eval loss: 2.0843
best model saved (loss=2.0843)
step 2010/9201 (21.8%) | loss 2.2388 | lr 1.85e-04 | ETA 399.8min
step 2020/9201 (22.0%) | loss 2.0342 | lr 1.85e-04 | ETA 398.2min
step 2030/9201 (22.1%) | loss 2.0208 | lr 1.84e-04 | ETA 396.7min
step 2040/9201 (22.2%) | loss 1.9141 | lr 1.84e-04 | ETA 394.8min
step 2050/9201 (22.3%) | loss 2.1126 | lr 1.84e-04 | ETA 396.7min
step 2060/9201 (22.4%) | loss 2.2042 | lr 1.84e-04 | ETA 396.3min
step 2070/9201 (22.5%) | loss 2.1077 | lr 1.84e-04 | ETA 396.2min
step 2080/9201 (22.6%) | loss 2.2906 | lr 1.84e-04 | ETA 395.4min
step 2090/9201 (22.7%) | loss 2.0739 | lr 1.83e-04 | ETA 394.9min
step 2100/9201 (22.8%) | loss 2.2141 | lr 1.83e-04 | ETA 394.2min
step 2110/9201 (22.9%) | loss 2.1450 | lr 1.83e-04 | ETA 393.5min
step 2120/9201 (23.0%) | loss 2.0347 | lr 1.83e-04 | ETA 391.6min
step 2130/9201 (23.1%) | loss 2.1253 | lr 1.83e-04 | ETA 392.7min
step 2140/9201 (23.3%) | loss 2.1057 | lr 1.82e-04 | ETA 392.4min
step 2150/9201 (23.4%) | loss 2.1602 | lr 1.82e-04 | ETA 389.6min
step 2160/9201 (23.5%) | loss 2.0226 | lr 1.82e-04 | ETA 388.3min
step 2170/9201 (23.6%) | loss 2.0053 | lr 1.82e-04 | ETA 389.5min
step 2180/9201 (23.7%) | loss 2.1266 | lr 1.81e-04 | ETA 390.8min
step 2190/9201 (23.8%) | loss 2.0106 | lr 1.81e-04 | ETA 389.6min
step 2200/9201 (23.9%) | loss 2.0249 | lr 1.81e-04 | ETA 388.9min
step 2210/9201 (24.0%) | loss 2.2354 | lr 1.81e-04 | ETA 387.4min
step 2220/9201 (24.1%) | loss 2.1591 | lr 1.81e-04 | ETA 388.2min
step 2230/9201 (24.2%) | loss 2.1517 | lr 1.80e-04 | ETA 386.3min
step 2240/9201 (24.3%) | loss 1.9258 | lr 1.80e-04 | ETA 386.4min
step 2250/9201 (24.5%) | loss 2.1646 | lr 1.80e-04 | ETA 386.9min
step 2260/9201 (24.6%) | loss 2.0955 | lr 1.80e-04 | ETA 383.0min
step 2270/9201 (24.7%) | loss 2.1474 | lr 1.80e-04 | ETA 385.8min
step 2280/9201 (24.8%) | loss 2.1538 | lr 1.79e-04 | ETA 384.0min
step 2290/9201 (24.9%) | loss 2.0981 | lr 1.79e-04 | ETA 383.0min
step 2300/9201 (25.0%) | loss 2.0360 | lr 1.79e-04 | ETA 382.6min
step 2310/9201 (25.1%) | loss 2.0001 | lr 1.79e-04 | ETA 382.3min
step 2320/9201 (25.2%) | loss 2.0487 | lr 1.78e-04 | ETA 382.4min
step 2330/9201 (25.3%) | loss 2.0944 | lr 1.78e-04 | ETA 381.4min
step 2340/9201 (25.4%) | loss 2.1482 | lr 1.78e-04 | ETA 380.4min
step 2350/9201 (25.5%) | loss 2.1053 | lr 1.78e-04 | ETA 379.4min
step 2360/9201 (25.6%) | loss 1.8914 | lr 1.78e-04 | ETA 379.6min
step 2370/9201 (25.8%) | loss 2.2498 | lr 1.77e-04 | ETA 378.4min
step 2380/9201 (25.9%) | loss 2.2476 | lr 1.77e-04 | ETA 376.5min
step 2390/9201 (26.0%) | loss 2.1035 | lr 1.77e-04 | ETA 378.2min
step 2400/9201 (26.1%) | loss 2.0657 | lr 1.77e-04 | ETA 376.8min
step 2410/9201 (26.2%) | loss 2.1020 | lr 1.76e-04 | ETA 376.1min
step 2420/9201 (26.3%) | loss 1.9772 | lr 1.76e-04 | ETA 375.7min
step 2430/9201 (26.4%) | loss 1.9443 | lr 1.76e-04 | ETA 374.4min
step 2440/9201 (26.5%) | loss 2.1807 | lr 1.76e-04 | ETA 374.3min
step 2450/9201 (26.6%) | loss 2.0252 | lr 1.75e-04 | ETA 373.7min
step 2460/9201 (26.7%) | loss 2.1330 | lr 1.75e-04 | ETA 374.3min
step 2470/9201 (26.8%) | loss 2.0162 | lr 1.75e-04 | ETA 370.6min
step 2480/9201 (27.0%) | loss 2.2014 | lr 1.75e-04 | ETA 372.3min
step 2490/9201 (27.1%) | loss 2.0385 | lr 1.75e-04 | ETA 371.2min
step 2500/9201 (27.2%) | loss 2.0490 | lr 1.74e-04 | ETA 371.9min
eval loss: 2.0613
best model saved (loss=2.0613)
step 2510/9201 (27.3%) | loss 1.9644 | lr 1.74e-04 | ETA 378.6min
step 2520/9201 (27.4%) | loss 2.1349 | lr 1.74e-04 | ETA 377.4min
step 2530/9201 (27.5%) | loss 1.9839 | lr 1.74e-04 | ETA 377.8min
step 2540/9201 (27.6%) | loss 2.1039 | lr 1.73e-04 | ETA 374.4min
step 2550/9201 (27.7%) | loss 2.1247 | lr 1.73e-04 | ETA 375.0min
step 2560/9201 (27.8%) | loss 2.0850 | lr 1.73e-04 | ETA 374.1min
step 2570/9201 (27.9%) | loss 2.1926 | lr 1.73e-04 | ETA 375.0min
step 2580/9201 (28.0%) | loss 1.9538 | lr 1.72e-04 | ETA 367.8min
step 2590/9201 (28.1%) | loss 2.2096 | lr 1.72e-04 | ETA 370.5min
step 2600/9201 (28.3%) | loss 1.8865 | lr 1.72e-04 | ETA 369.8min
step 2610/9201 (28.4%) | loss 1.9343 | lr 1.72e-04 | ETA 368.7min
step 2620/9201 (28.5%) | loss 2.0778 | lr 1.71e-04 | ETA 366.6min
step 2630/9201 (28.6%) | loss 1.9748 | lr 1.71e-04 | ETA 366.1min
step 2640/9201 (28.7%) | loss 2.1551 | lr 1.71e-04 | ETA 365.1min
step 2650/9201 (28.8%) | loss 2.0891 | lr 1.71e-04 | ETA 362.2min
step 2660/9201 (28.9%) | loss 2.2156 | lr 1.70e-04 | ETA 363.9min
step 2670/9201 (29.0%) | loss 2.1408 | lr 1.70e-04 | ETA 361.9min
step 2680/9201 (29.1%) | loss 2.2053 | lr 1.70e-04 | ETA 361.6min
step 2690/9201 (29.2%) | loss 2.0616 | lr 1.70e-04 | ETA 361.4min
step 2700/9201 (29.3%) | loss 1.9074 | lr 1.69e-04 | ETA 359.4min
step 2710/9201 (29.5%) | loss 1.9717 | lr 1.69e-04 | ETA 360.6min
step 2720/9201 (29.6%) | loss 2.1170 | lr 1.69e-04 | ETA 360.8min
step 2730/9201 (29.7%) | loss 2.1377 | lr 1.69e-04 | ETA 357.3min
step 2740/9201 (29.8%) | loss 2.1754 | lr 1.68e-04 | ETA 357.6min
step 2750/9201 (29.9%) | loss 2.0205 | lr 1.68e-04 | ETA 356.7min
step 2760/9201 (30.0%) | loss 2.1130 | lr 1.68e-04 | ETA 357.7min
step 2770/9201 (30.1%) | loss 1.9227 | lr 1.67e-04 | ETA 355.9min
step 2780/9201 (30.2%) | loss 2.1403 | lr 1.67e-04 | ETA 357.1min
step 2790/9201 (30.3%) | loss 1.9687 | lr 1.67e-04 | ETA 356.2min
step 2800/9201 (30.4%) | loss 2.0946 | lr 1.67e-04 | ETA 355.5min
step 2810/9201 (30.5%) | loss 2.0585 | lr 1.66e-04 | ETA 351.7min
step 2820/9201 (30.6%) | loss 2.1693 | lr 1.66e-04 | ETA 354.3min
step 2830/9201 (30.8%) | loss 2.0902 | lr 1.66e-04 | ETA 353.6min
step 2840/9201 (30.9%) | loss 2.0859 | lr 1.66e-04 | ETA 353.0min
step 2850/9201 (31.0%) | loss 2.0715 | lr 1.65e-04 | ETA 352.7min
step 2860/9201 (31.1%) | loss 2.1937 | lr 1.65e-04 | ETA 352.3min
step 2870/9201 (31.2%) | loss 2.0938 | lr 1.65e-04 | ETA 351.2min
step 2880/9201 (31.3%) | loss 2.0832 | lr 1.65e-04 | ETA 351.3min
step 2890/9201 (31.4%) | loss 2.1242 | lr 1.64e-04 | ETA 353.6min
step 2900/9201 (31.5%) | loss 2.0026 | lr 1.64e-04 | ETA 357.6min
step 2910/9201 (31.6%) | loss 2.0143 | lr 1.64e-04 | ETA 354.8min
step 2920/9201 (31.7%) | loss 1.9656 | lr 1.63e-04 | ETA 353.7min
step 2930/9201 (31.8%) | loss 1.8848 | lr 1.63e-04 | ETA 352.3min
step 2940/9201 (32.0%) | loss 2.1468 | lr 1.63e-04 | ETA 354.0min
step 2950/9201 (32.1%) | loss 2.1170 | lr 1.63e-04 | ETA 351.8min
step 2960/9201 (32.2%) | loss 2.0749 | lr 1.62e-04 | ETA 352.4min
step 2970/9201 (32.3%) | loss 2.0685 | lr 1.62e-04 | ETA 352.0min
step 2980/9201 (32.4%) | loss 1.9600 | lr 1.62e-04 | ETA 351.7min
step 2990/9201 (32.5%) | loss 1.9472 | lr 1.61e-04 | ETA 351.2min
step 3000/9201 (32.6%) | loss 2.0527 | lr 1.61e-04 | ETA 350.1min
eval loss: 2.0478
best model saved (loss=2.0478)
step 3010/9201 (32.7%) | loss 2.1109 | lr 1.61e-04 | ETA 345.0min
step 3020/9201 (32.8%) | loss 2.0655 | lr 1.61e-04 | ETA 339.7min
step 3030/9201 (32.9%) | loss 1.9885 | lr 1.60e-04 | ETA 343.2min
step 3040/9201 (33.0%) | loss 1.8520 | lr 1.60e-04 | ETA 341.8min
step 3050/9201 (33.1%) | loss 1.9702 | lr 1.60e-04 | ETA 342.4min
step 3060/9201 (33.3%) | loss 1.9628 | lr 1.59e-04 | ETA 341.6min

=== Epoch 2/3 ===
step 3070/9201 (33.4%) | loss 1.7245 | lr 1.59e-04 | ETA 320.1min
step 3080/9201 (33.5%) | loss 1.8210 | lr 1.59e-04 | ETA 340.5min
step 3090/9201 (33.6%) | loss 1.7810 | lr 1.59e-04 | ETA 341.3min
step 3100/9201 (33.7%) | loss 1.9534 | lr 1.58e-04 | ETA 343.8min
step 3110/9201 (33.8%) | loss 1.7805 | lr 1.58e-04 | ETA 344.3min
step 3120/9201 (33.9%) | loss 1.8116 | lr 1.58e-04 | ETA 344.0min
step 3130/9201 (34.0%) | loss 1.9616 | lr 1.57e-04 | ETA 343.8min
step 3140/9201 (34.1%) | loss 1.7552 | lr 1.57e-04 | ETA 343.1min
step 3150/9201 (34.2%) | loss 1.7906 | lr 1.57e-04 | ETA 341.9min
step 3160/9201 (34.3%) | loss 1.7201 | lr 1.56e-04 | ETA 340.9min
step 3170/9201 (34.5%) | loss 1.8094 | lr 1.56e-04 | ETA 341.3min
step 3180/9201 (34.6%) | loss 1.7959 | lr 1.56e-04 | ETA 339.2min
step 3190/9201 (34.7%) | loss 1.7434 | lr 1.56e-04 | ETA 337.5min
step 3200/9201 (34.8%) | loss 1.7606 | lr 1.55e-04 | ETA 338.4min
step 3210/9201 (34.9%) | loss 1.8373 | lr 1.55e-04 | ETA 338.3min
step 3220/9201 (35.0%) | loss 1.7211 | lr 1.55e-04 | ETA 337.5min
step 3230/9201 (35.1%) | loss 1.7035 | lr 1.54e-04 | ETA 333.3min
step 3240/9201 (35.2%) | loss 1.8383 | lr 1.54e-04 | ETA 331.2min
step 3250/9201 (35.3%) | loss 1.8888 | lr 1.54e-04 | ETA 332.2min
step 3260/9201 (35.4%) | loss 1.8422 | lr 1.53e-04 | ETA 331.7min
step 3270/9201 (35.5%) | loss 1.7599 | lr 1.53e-04 | ETA 331.6min
step 3280/9201 (35.6%) | loss 1.8781 | lr 1.53e-04 | ETA 331.4min
step 3290/9201 (35.8%) | loss 1.9392 | lr 1.53e-04 | ETA 329.6min
step 3300/9201 (35.9%) | loss 1.9079 | lr 1.52e-04 | ETA 327.7min
step 3310/9201 (36.0%) | loss 1.9442 | lr 1.52e-04 | ETA 327.4min
step 3320/9201 (36.1%) | loss 1.8762 | lr 1.52e-04 | ETA 326.2min
step 3330/9201 (36.2%) | loss 1.8813 | lr 1.51e-04 | ETA 324.8min
step 3340/9201 (36.3%) | loss 1.8045 | lr 1.51e-04 | ETA 325.3min
step 3350/9201 (36.4%) | loss 1.9745 | lr 1.51e-04 | ETA 326.4min
step 3360/9201 (36.5%) | loss 1.6952 | lr 1.50e-04 | ETA 323.4min
step 3370/9201 (36.6%) | loss 1.8984 | lr 1.50e-04 | ETA 322.9min
step 3380/9201 (36.7%) | loss 1.7700 | lr 1.50e-04 | ETA 323.5min
step 3390/9201 (36.8%) | loss 1.8183 | lr 1.49e-04 | ETA 320.6min
step 3400/9201 (37.0%) | loss 1.8683 | lr 1.49e-04 | ETA 322.0min
step 3410/9201 (37.1%) | loss 1.7670 | lr 1.49e-04 | ETA 321.4min
step 3420/9201 (37.2%) | loss 1.8279 | lr 1.49e-04 | ETA 318.4min
step 3430/9201 (37.3%) | loss 1.8823 | lr 1.48e-04 | ETA 319.7min
step 3440/9201 (37.4%) | loss 1.8927 | lr 1.48e-04 | ETA 318.4min
step 3450/9201 (37.5%) | loss 1.9301 | lr 1.48e-04 | ETA 318.7min
step 3460/9201 (37.6%) | loss 1.8309 | lr 1.47e-04 | ETA 318.3min
step 3470/9201 (37.7%) | loss 1.8262 | lr 1.47e-04 | ETA 318.3min
step 3480/9201 (37.8%) | loss 1.8227 | lr 1.47e-04 | ETA 317.3min
step 3490/9201 (37.9%) | loss 1.7967 | lr 1.46e-04 | ETA 316.4min
step 3500/9201 (38.0%) | loss 1.8344 | lr 1.46e-04 | ETA 316.8min
eval loss: 2.0634
no improvement (1/5)
step 3510/9201 (38.1%) | loss 1.8556 | lr 1.46e-04 | ETA 319.5min
step 3520/9201 (38.3%) | loss 1.6072 | lr 1.45e-04 | ETA 321.0min
step 3530/9201 (38.4%) | loss 1.9430 | lr 1.45e-04 | ETA 321.1min
step 3540/9201 (38.5%) | loss 1.8126 | lr 1.45e-04 | ETA 319.4min
step 3550/9201 (38.6%) | loss 1.7370 | lr 1.44e-04 | ETA 319.4min
step 3560/9201 (38.7%) | loss 2.0352 | lr 1.44e-04 | ETA 317.9min
step 3570/9201 (38.8%) | loss 1.8560 | lr 1.44e-04 | ETA 317.1min
step 3580/9201 (38.9%) | loss 1.7830 | lr 1.43e-04 | ETA 317.6min
step 3590/9201 (39.0%) | loss 1.6916 | lr 1.43e-04 | ETA 316.6min
step 3600/9201 (39.1%) | loss 1.7156 | lr 1.43e-04 | ETA 317.2min
step 3610/9201 (39.2%) | loss 1.5902 | lr 1.42e-04 | ETA 312.7min
step 3620/9201 (39.3%) | loss 1.7676 | lr 1.42e-04 | ETA 310.3min
step 3630/9201 (39.5%) | loss 1.8337 | lr 1.42e-04 | ETA 311.1min
step 3640/9201 (39.6%) | loss 1.8029 | lr 1.41e-04 | ETA 311.0min
step 3650/9201 (39.7%) | loss 1.6687 | lr 1.41e-04 | ETA 310.7min
step 3660/9201 (39.8%) | loss 1.7915 | lr 1.41e-04 | ETA 309.1min
step 3670/9201 (39.9%) | loss 1.8017 | lr 1.41e-04 | ETA 307.3min
step 3680/9201 (40.0%) | loss 1.7517 | lr 1.40e-04 | ETA 307.9min
step 3690/9201 (40.1%) | loss 1.8896 | lr 1.40e-04 | ETA 303.9min
step 3700/9201 (40.2%) | loss 1.8875 | lr 1.40e-04 | ETA 305.5min
step 3710/9201 (40.3%) | loss 1.8392 | lr 1.39e-04 | ETA 305.7min
step 3720/9201 (40.4%) | loss 1.9116 | lr 1.39e-04 | ETA 306.5min
step 3730/9201 (40.5%) | loss 1.7259 | lr 1.39e-04 | ETA 301.9min
step 3740/9201 (40.6%) | loss 1.8367 | lr 1.38e-04 | ETA 302.7min
step 3750/9201 (40.8%) | loss 1.8268 | lr 1.38e-04 | ETA 302.7min
step 3760/9201 (40.9%) | loss 1.6870 | lr 1.38e-04 | ETA 301.1min
step 3770/9201 (41.0%) | loss 1.7148 | lr 1.37e-04 | ETA 300.8min
step 3780/9201 (41.1%) | loss 1.9946 | lr 1.37e-04 | ETA 300.2min
step 3790/9201 (41.2%) | loss 1.9481 | lr 1.37e-04 | ETA 299.7min
step 3800/9201 (41.3%) | loss 1.6708 | lr 1.36e-04 | ETA 299.9min
step 3810/9201 (41.4%) | loss 1.7985 | lr 1.36e-04 | ETA 298.6min
step 3820/9201 (41.5%) | loss 1.9058 | lr 1.36e-04 | ETA 298.5min
step 3830/9201 (41.6%) | loss 1.7724 | lr 1.35e-04 | ETA 300.0min
step 3840/9201 (41.7%) | loss 1.7335 | lr 1.35e-04 | ETA 297.7min
step 3850/9201 (41.8%) | loss 1.8200 | lr 1.35e-04 | ETA 296.0min
step 3860/9201 (42.0%) | loss 1.8544 | lr 1.34e-04 | ETA 295.9min
step 3870/9201 (42.1%) | loss 1.8132 | lr 1.34e-04 | ETA 295.5min
step 3880/9201 (42.2%) | loss 1.7869 | lr 1.34e-04 | ETA 295.0min
step 3890/9201 (42.3%) | loss 1.7340 | lr 1.33e-04 | ETA 293.1min
step 3900/9201 (42.4%) | loss 1.9590 | lr 1.33e-04 | ETA 293.5min
step 3910/9201 (42.5%) | loss 1.8815 | lr 1.32e-04 | ETA 293.5min
step 3920/9201 (42.6%) | loss 1.7791 | lr 1.32e-04 | ETA 292.7min
step 3930/9201 (42.7%) | loss 1.9018 | lr 1.32e-04 | ETA 292.0min
step 3940/9201 (42.8%) | loss 1.8795 | lr 1.31e-04 | ETA 291.7min
step 3950/9201 (42.9%) | loss 1.7641 | lr 1.31e-04 | ETA 291.2min
step 3960/9201 (43.0%) | loss 1.8912 | lr 1.31e-04 | ETA 289.5min
step 3970/9201 (43.1%) | loss 1.6679 | lr 1.30e-04 | ETA 290.9min
step 3980/9201 (43.3%) | loss 1.8417 | lr 1.30e-04 | ETA 288.3min
step 3990/9201 (43.4%) | loss 1.6193 | lr 1.30e-04 | ETA 289.2min
step 4000/9201 (43.5%) | loss 1.7805 | lr 1.29e-04 | ETA 288.9min
eval loss: 2.0613
no improvement (2/5)
step 4010/9201 (43.6%) | loss 1.7205 | lr 1.29e-04 | ETA 287.7min
step 4020/9201 (43.7%) | loss 1.6967 | lr 1.29e-04 | ETA 287.9min
step 4030/9201 (43.8%) | loss 1.6818 | lr 1.28e-04 | ETA 286.0min
step 4040/9201 (43.9%) | loss 1.7392 | lr 1.28e-04 | ETA 286.2min
step 4050/9201 (44.0%) | loss 1.8257 | lr 1.28e-04 | ETA 284.4min
step 4060/9201 (44.1%) | loss 1.8696 | lr 1.27e-04 | ETA 284.2min
step 4070/9201 (44.2%) | loss 1.7604 | lr 1.27e-04 | ETA 284.6min
step 4080/9201 (44.3%) | loss 1.9387 | lr 1.27e-04 | ETA 283.5min
step 4090/9201 (44.5%) | loss 1.8374 | lr 1.26e-04 | ETA 283.4min
step 4100/9201 (44.6%) | loss 1.5669 | lr 1.26e-04 | ETA 283.1min
step 4110/9201 (44.7%) | loss 1.7080 | lr 1.26e-04 | ETA 282.6min
step 4120/9201 (44.8%) | loss 1.5821 | lr 1.25e-04 | ETA 280.3min
step 4130/9201 (44.9%) | loss 1.7116 | lr 1.25e-04 | ETA 281.3min
step 4140/9201 (45.0%) | loss 1.8985 | lr 1.25e-04 | ETA 281.2min
step 4150/9201 (45.1%) | loss 1.8956 | lr 1.24e-04 | ETA 280.0min
step 4160/9201 (45.2%) | loss 1.8903 | lr 1.24e-04 | ETA 279.1min
step 4170/9201 (45.3%) | loss 1.8860 | lr 1.24e-04 | ETA 283.4min
step 4180/9201 (45.4%) | loss 1.6374 | lr 1.23e-04 | ETA 281.3min
step 4190/9201 (45.5%) | loss 1.8822 | lr 1.23e-04 | ETA 286.3min
step 4200/9201 (45.6%) | loss 1.8864 | lr 1.22e-04 | ETA 284.0min
step 4210/9201 (45.8%) | loss 1.8290 | lr 1.22e-04 | ETA 283.1min
step 4220/9201 (45.9%) | loss 1.6314 | lr 1.22e-04 | ETA 281.5min
step 4230/9201 (46.0%) | loss 1.6463 | lr 1.21e-04 | ETA 280.9min
step 4240/9201 (46.1%) | loss 1.7664 | lr 1.21e-04 | ETA 279.7min
step 4250/9201 (46.2%) | loss 1.9373 | lr 1.21e-04 | ETA 279.2min
step 4260/9201 (46.3%) | loss 1.7065 | lr 1.20e-04 | ETA 279.6min
step 4270/9201 (46.4%) | loss 1.7357 | lr 1.20e-04 | ETA 278.6min
step 4280/9201 (46.5%) | loss 1.9703 | lr 1.20e-04 | ETA 279.0min
step 4290/9201 (46.6%) | loss 1.8360 | lr 1.19e-04 | ETA 274.1min
step 4300/9201 (46.7%) | loss 1.7515 | lr 1.19e-04 | ETA 274.7min
step 4310/9201 (46.8%) | loss 1.8411 | lr 1.19e-04 | ETA 274.2min
step 4320/9201 (47.0%) | loss 1.7935 | lr 1.18e-04 | ETA 273.6min
step 4330/9201 (47.1%) | loss 1.9452 | lr 1.18e-04 | ETA 273.0min
step 4340/9201 (47.2%) | loss 1.8745 | lr 1.18e-04 | ETA 271.8min
step 4350/9201 (47.3%) | loss 1.8002 | lr 1.17e-04 | ETA 270.4min
step 4360/9201 (47.4%) | loss 1.6538 | lr 1.17e-04 | ETA 270.6min
step 4370/9201 (47.5%) | loss 2.0734 | lr 1.16e-04 | ETA 268.7min
step 4380/9201 (47.6%) | loss 1.8619 | lr 1.16e-04 | ETA 269.0min
step 4390/9201 (47.7%) | loss 1.7285 | lr 1.16e-04 | ETA 267.7min
step 4400/9201 (47.8%) | loss 1.8016 | lr 1.15e-04 | ETA 268.4min
step 4410/9201 (47.9%) | loss 1.7772 | lr 1.15e-04 | ETA 265.1min
step 4420/9201 (48.0%) | loss 1.8715 | lr 1.15e-04 | ETA 266.2min
step 4430/9201 (48.1%) | loss 1.8391 | lr 1.14e-04 | ETA 265.9min
step 4440/9201 (48.3%) | loss 1.8857 | lr 1.14e-04 | ETA 264.6min
step 4450/9201 (48.4%) | loss 1.6592 | lr 1.14e-04 | ETA 264.0min
step 4460/9201 (48.5%) | loss 1.8336 | lr 1.13e-04 | ETA 263.1min
step 4470/9201 (48.6%) | loss 1.7860 | lr 1.13e-04 | ETA 262.8min
step 4480/9201 (48.7%) | loss 1.6537 | lr 1.13e-04 | ETA 261.7min
step 4490/9201 (48.8%) | loss 1.8919 | lr 1.12e-04 | ETA 260.9min
step 4500/9201 (48.9%) | loss 1.6679 | lr 1.12e-04 | ETA 261.3min
eval loss: 2.0470
best model saved (loss=2.0470)
step 4510/9201 (49.0%) | loss 1.8669 | lr 1.11e-04 | ETA 259.6min
step 4520/9201 (49.1%) | loss 1.8739 | lr 1.11e-04 | ETA 261.2min
step 4530/9201 (49.2%) | loss 1.8476 | lr 1.11e-04 | ETA 260.0min
step 4540/9201 (49.3%) | loss 1.7980 | lr 1.10e-04 | ETA 259.4min
step 4550/9201 (49.5%) | loss 1.7299 | lr 1.10e-04 | ETA 257.8min
step 4560/9201 (49.6%) | loss 1.6904 | lr 1.10e-04 | ETA 258.3min
step 4570/9201 (49.7%) | loss 1.7538 | lr 1.09e-04 | ETA 256.5min
step 4580/9201 (49.8%) | loss 1.8616 | lr 1.09e-04 | ETA 256.7min
step 4590/9201 (49.9%) | loss 1.6597 | lr 1.09e-04 | ETA 256.0min
step 4600/9201 (50.0%) | loss 1.9788 | lr 1.08e-04 | ETA 255.7min
step 4610/9201 (50.1%) | loss 1.7110 | lr 1.08e-04 | ETA 255.3min
step 4620/9201 (50.2%) | loss 1.8636 | lr 1.08e-04 | ETA 255.6min
step 4630/9201 (50.3%) | loss 1.9653 | lr 1.07e-04 | ETA 252.5min
step 4640/9201 (50.4%) | loss 1.8133 | lr 1.07e-04 | ETA 253.1min
step 4650/9201 (50.5%) | loss 1.7987 | lr 1.06e-04 | ETA 253.2min
step 4660/9201 (50.6%) | loss 1.7019 | lr 1.06e-04 | ETA 251.8min
step 4670/9201 (50.8%) | loss 1.6184 | lr 1.06e-04 | ETA 251.7min
step 4680/9201 (50.9%) | loss 1.7629 | lr 1.05e-04 | ETA 250.9min
step 4690/9201 (51.0%) | loss 1.7105 | lr 1.05e-04 | ETA 250.5min
step 4700/9201 (51.1%) | loss 1.6535 | lr 1.05e-04 | ETA 249.8min
step 4710/9201 (51.2%) | loss 1.7749 | lr 1.04e-04 | ETA 249.6min
step 4720/9201 (51.3%) | loss 1.7833 | lr 1.04e-04 | ETA 247.7min
step 4730/9201 (51.4%) | loss 1.9427 | lr 1.04e-04 | ETA 248.3min
step 4740/9201 (51.5%) | loss 1.8619 | lr 1.03e-04 | ETA 247.0min
step 4750/9201 (51.6%) | loss 1.7860 | lr 1.03e-04 | ETA 247.1min
step 4760/9201 (51.7%) | loss 1.7902 | lr 1.03e-04 | ETA 246.2min
step 4770/9201 (51.8%) | loss 1.6146 | lr 1.02e-04 | ETA 247.5min
step 4780/9201 (52.0%) | loss 1.6344 | lr 1.02e-04 | ETA 249.8min
step 4790/9201 (52.1%) | loss 1.8456 | lr 1.01e-04 | ETA 249.5min
step 4800/9201 (52.2%) | loss 1.8574 | lr 1.01e-04 | ETA 249.0min
step 4810/9201 (52.3%) | loss 1.6721 | lr 1.01e-04 | ETA 246.9min
step 4820/9201 (52.4%) | loss 1.6979 | lr 1.00e-04 | ETA 247.4min
step 4830/9201 (52.5%) | loss 1.7580 | lr 1.00e-04 | ETA 247.2min
step 4840/9201 (52.6%) | loss 1.8998 | lr 9.97e-05 | ETA 247.2min
step 4850/9201 (52.7%) | loss 1.8704 | lr 9.93e-05 | ETA 245.3min
step 4860/9201 (52.8%) | loss 1.9006 | lr 9.89e-05 | ETA 243.2min
step 4870/9201 (52.9%) | loss 1.8782 | lr 9.86e-05 | ETA 244.4min
step 4880/9201 (53.0%) | loss 1.8774 | lr 9.82e-05 | ETA 244.7min
step 4890/9201 (53.1%) | loss 1.9914 | lr 9.79e-05 | ETA 243.2min
step 4900/9201 (53.3%) | loss 1.8497 | lr 9.75e-05 | ETA 240.4min
step 4910/9201 (53.4%) | loss 1.8618 | lr 9.71e-05 | ETA 240.2min
step 4920/9201 (53.5%) | loss 1.7901 | lr 9.68e-05 | ETA 239.5min
step 4930/9201 (53.6%) | loss 1.7820 | lr 9.64e-05 | ETA 239.3min
step 4940/9201 (53.7%) | loss 1.6822 | lr 9.61e-05 | ETA 238.5min
step 4950/9201 (53.8%) | loss 1.8286 | lr 9.57e-05 | ETA 237.4min
step 4960/9201 (53.9%) | loss 1.6966 | lr 9.53e-05 | ETA 236.4min
step 4970/9201 (54.0%) | loss 1.8685 | lr 9.50e-05 | ETA 234.5min
step 4980/9201 (54.1%) | loss 1.6742 | lr 9.46e-05 | ETA 237.4min
step 4990/9201 (54.2%) | loss 1.7955 | lr 9.43e-05 | ETA 238.9min
step 5000/9201 (54.3%) | loss 1.9066 | lr 9.39e-05 | ETA 237.7min
eval loss: 2.0399
best model saved (loss=2.0399)
step 5010/9201 (54.5%) | loss 1.9663 | lr 9.36e-05 | ETA 237.0min
step 5020/9201 (54.6%) | loss 1.8840 | lr 9.32e-05 | ETA 236.3min
step 5030/9201 (54.7%) | loss 1.7748 | lr 9.28e-05 | ETA 234.7min
step 5040/9201 (54.8%) | loss 2.0168 | lr 9.25e-05 | ETA 233.5min
step 5050/9201 (54.9%) | loss 1.6970 | lr 9.21e-05 | ETA 230.2min
step 5060/9201 (55.0%) | loss 1.6549 | lr 9.18e-05 | ETA 231.5min
step 5070/9201 (55.1%) | loss 1.7719 | lr 9.14e-05 | ETA 230.8min
step 5080/9201 (55.2%) | loss 1.9300 | lr 9.10e-05 | ETA 229.4min
step 5090/9201 (55.3%) | loss 1.6711 | lr 9.07e-05 | ETA 230.1min
step 5100/9201 (55.4%) | loss 1.8781 | lr 9.03e-05 | ETA 228.4min
step 5110/9201 (55.5%) | loss 1.5775 | lr 9.00e-05 | ETA 227.8min
step 5120/9201 (55.6%) | loss 1.9431 | lr 8.96e-05 | ETA 227.3min
step 5130/9201 (55.8%) | loss 1.9287 | lr 8.93e-05 | ETA 227.2min
step 5140/9201 (55.9%) | loss 1.7067 | lr 8.89e-05 | ETA 226.1min
step 5150/9201 (56.0%) | loss 1.7366 | lr 8.85e-05 | ETA 225.0min
step 5160/9201 (56.1%) | loss 1.8283 | lr 8.82e-05 | ETA 224.6min
step 5170/9201 (56.2%) | loss 1.8257 | lr 8.78e-05 | ETA 223.8min
step 5180/9201 (56.3%) | loss 1.7588 | lr 8.75e-05 | ETA 223.3min
step 5190/9201 (56.4%) | loss 1.6402 | lr 8.71e-05 | ETA 222.1min
step 5200/9201 (56.5%) | loss 1.7330 | lr 8.68e-05 | ETA 221.0min
step 5210/9201 (56.6%) | loss 1.7333 | lr 8.64e-05 | ETA 221.2min
step 5220/9201 (56.7%) | loss 1.9373 | lr 8.60e-05 | ETA 221.3min
step 5230/9201 (56.8%) | loss 1.8275 | lr 8.57e-05 | ETA 220.5min
step 5240/9201 (57.0%) | loss 1.9244 | lr 8.53e-05 | ETA 219.8min
step 5250/9201 (57.1%) | loss 1.6756 | lr 8.50e-05 | ETA 218.8min
step 5260/9201 (57.2%) | loss 1.8524 | lr 8.46e-05 | ETA 218.3min
step 5270/9201 (57.3%) | loss 1.9714 | lr 8.43e-05 | ETA 218.1min
step 5280/9201 (57.4%) | loss 1.9212 | lr 8.39e-05 | ETA 218.0min
step 5290/9201 (57.5%) | loss 1.7832 | lr 8.36e-05 | ETA 216.9min
step 5300/9201 (57.6%) | loss 1.7659 | lr 8.32e-05 | ETA 217.1min
step 5310/9201 (57.7%) | loss 1.7310 | lr 8.29e-05 | ETA 215.0min
step 5320/9201 (57.8%) | loss 1.8310 | lr 8.25e-05 | ETA 215.7min
step 5330/9201 (57.9%) | loss 1.5406 | lr 8.21e-05 | ETA 214.6min
step 5340/9201 (58.0%) | loss 1.9346 | lr 8.18e-05 | ETA 214.4min
step 5350/9201 (58.1%) | loss 1.8661 | lr 8.14e-05 | ETA 213.5min
step 5360/9201 (58.3%) | loss 1.6899 | lr 8.11e-05 | ETA 212.8min
step 5370/9201 (58.4%) | loss 1.6012 | lr 8.07e-05 | ETA 212.8min
step 5380/9201 (58.5%) | loss 1.8327 | lr 8.04e-05 | ETA 212.1min
step 5390/9201 (58.6%) | loss 1.7581 | lr 8.00e-05 | ETA 211.3min
step 5400/9201 (58.7%) | loss 1.7394 | lr 7.97e-05 | ETA 209.7min
step 5410/9201 (58.8%) | loss 1.6200 | lr 7.93e-05 | ETA 210.9min
step 5420/9201 (58.9%) | loss 1.9330 | lr 7.90e-05 | ETA 210.8min
step 5430/9201 (59.0%) | loss 1.7616 | lr 7.86e-05 | ETA 208.3min
step 5440/9201 (59.1%) | loss 1.6209 | lr 7.83e-05 | ETA 208.9min
step 5450/9201 (59.2%) | loss 1.8812 | lr 7.79e-05 | ETA 207.8min
step 5460/9201 (59.3%) | loss 1.6357 | lr 7.76e-05 | ETA 207.4min
step 5470/9201 (59.5%) | loss 1.7451 | lr 7.72e-05 | ETA 207.0min
step 5480/9201 (59.6%) | loss 1.7943 | lr 7.69e-05 | ETA 206.9min
step 5490/9201 (59.7%) | loss 1.8361 | lr 7.65e-05 | ETA 206.0min
step 5500/9201 (59.8%) | loss 2.0468 | lr 7.62e-05 | ETA 205.8min
eval loss: 2.0384
best model saved (loss=2.0384)
step 5510/9201 (59.9%) | loss 1.9176 | lr 7.58e-05 | ETA 205.3min
step 5520/9201 (60.0%) | loss 1.9162 | lr 7.55e-05 | ETA 204.2min
step 5530/9201 (60.1%) | loss 1.7848 | lr 7.51e-05 | ETA 204.9min
step 5540/9201 (60.2%) | loss 1.8262 | lr 7.48e-05 | ETA 205.2min
step 5550/9201 (60.3%) | loss 1.8644 | lr 7.44e-05 | ETA 206.4min
step 5560/9201 (60.4%) | loss 1.7458 | lr 7.41e-05 | ETA 205.6min
step 5570/9201 (60.5%) | loss 1.9125 | lr 7.37e-05 | ETA 205.7min
step 5580/9201 (60.6%) | loss 1.8609 | lr 7.34e-05 | ETA 202.6min
step 5590/9201 (60.8%) | loss 1.7751 | lr 7.30e-05 | ETA 200.1min
step 5600/9201 (60.9%) | loss 1.7622 | lr 7.27e-05 | ETA 200.0min
step 5610/9201 (61.0%) | loss 1.9076 | lr 7.23e-05 | ETA 199.4min
step 5620/9201 (61.1%) | loss 1.8091 | lr 7.20e-05 | ETA 198.6min
step 5630/9201 (61.2%) | loss 1.8722 | lr 7.17e-05 | ETA 198.3min
step 5640/9201 (61.3%) | loss 1.7679 | lr 7.13e-05 | ETA 196.4min
step 5650/9201 (61.4%) | loss 1.7331 | lr 7.10e-05 | ETA 197.6min
step 5660/9201 (61.5%) | loss 1.8154 | lr 7.06e-05 | ETA 196.7min
step 5670/9201 (61.6%) | loss 1.7319 | lr 7.03e-05 | ETA 195.5min
step 5680/9201 (61.7%) | loss 1.5654 | lr 6.99e-05 | ETA 195.6min
step 5690/9201 (61.8%) | loss 1.7978 | lr 6.96e-05 | ETA 194.7min
step 5700/9201 (61.9%) | loss 1.6830 | lr 6.93e-05 | ETA 194.9min
step 5710/9201 (62.1%) | loss 1.7869 | lr 6.89e-05 | ETA 194.2min
step 5720/9201 (62.2%) | loss 1.8392 | lr 6.86e-05 | ETA 193.5min
step 5730/9201 (62.3%) | loss 1.8830 | lr 6.82e-05 | ETA 193.8min
step 5740/9201 (62.4%) | loss 1.8126 | lr 6.79e-05 | ETA 193.0min
step 5750/9201 (62.5%) | loss 1.7924 | lr 6.76e-05 | ETA 190.5min
step 5760/9201 (62.6%) | loss 1.7695 | lr 6.72e-05 | ETA 191.1min
step 5770/9201 (62.7%) | loss 1.7544 | lr 6.69e-05 | ETA 190.8min
step 5780/9201 (62.8%) | loss 1.7673 | lr 6.65e-05 | ETA 189.9min
step 5790/9201 (62.9%) | loss 1.7210 | lr 6.62e-05 | ETA 189.8min
step 5800/9201 (63.0%) | loss 2.0002 | lr 6.59e-05 | ETA 189.3min
step 5810/9201 (63.1%) | loss 1.8151 | lr 6.55e-05 | ETA 188.9min
step 5820/9201 (63.3%) | loss 1.8026 | lr 6.52e-05 | ETA 186.9min
step 5830/9201 (63.4%) | loss 1.8180 | lr 6.48e-05 | ETA 186.9min
step 5840/9201 (63.5%) | loss 1.8614 | lr 6.45e-05 | ETA 186.0min
step 5850/9201 (63.6%) | loss 1.7169 | lr 6.42e-05 | ETA 185.7min
step 5860/9201 (63.7%) | loss 1.6926 | lr 6.38e-05 | ETA 185.3min
step 5870/9201 (63.8%) | loss 1.8960 | lr 6.35e-05 | ETA 183.9min
step 5880/9201 (63.9%) | loss 1.7961 | lr 6.32e-05 | ETA 184.2min
step 5890/9201 (64.0%) | loss 1.7881 | lr 6.28e-05 | ETA 183.6min
step 5900/9201 (64.1%) | loss 1.7048 | lr 6.25e-05 | ETA 182.9min
step 5910/9201 (64.2%) | loss 1.8823 | lr 6.22e-05 | ETA 182.9min
step 5920/9201 (64.3%) | loss 1.7539 | lr 6.18e-05 | ETA 181.5min
step 5930/9201 (64.4%) | loss 1.6260 | lr 6.15e-05 | ETA 181.0min
step 5940/9201 (64.6%) | loss 1.9018 | lr 6.12e-05 | ETA 181.3min
step 5950/9201 (64.7%) | loss 1.7226 | lr 6.08e-05 | ETA 180.1min
step 5960/9201 (64.8%) | loss 1.8316 | lr 6.05e-05 | ETA 178.5min
step 5970/9201 (64.9%) | loss 1.8982 | lr 6.02e-05 | ETA 179.5min
step 5980/9201 (65.0%) | loss 1.7641 | lr 5.99e-05 | ETA 178.0min
step 5990/9201 (65.1%) | loss 1.7425 | lr 5.95e-05 | ETA 178.7min
step 6000/9201 (65.2%) | loss 1.7590 | lr 5.92e-05 | ETA 177.4min
eval loss: 2.0270
best model saved (loss=2.0270)
step 6010/9201 (65.3%) | loss 1.6521 | lr 5.89e-05 | ETA 180.2min
step 6020/9201 (65.4%) | loss 1.7370 | lr 5.85e-05 | ETA 179.4min
step 6030/9201 (65.5%) | loss 1.7586 | lr 5.82e-05 | ETA 178.5min
step 6040/9201 (65.6%) | loss 1.7403 | lr 5.79e-05 | ETA 178.0min
step 6050/9201 (65.8%) | loss 1.8586 | lr 5.76e-05 | ETA 177.4min
step 6060/9201 (65.9%) | loss 1.8765 | lr 5.72e-05 | ETA 174.7min
step 6070/9201 (66.0%) | loss 1.9216 | lr 5.69e-05 | ETA 175.0min
step 6080/9201 (66.1%) | loss 1.7744 | lr 5.66e-05 | ETA 174.2min
step 6090/9201 (66.2%) | loss 1.7209 | lr 5.63e-05 | ETA 174.0min
step 6100/9201 (66.3%) | loss 1.7826 | lr 5.59e-05 | ETA 173.2min
step 6110/9201 (66.4%) | loss 1.9148 | lr 5.56e-05 | ETA 172.5min
step 6120/9201 (66.5%) | loss 1.7206 | lr 5.53e-05 | ETA 171.5min
step 6130/9201 (66.6%) | loss 1.7156 | lr 5.50e-05 | ETA 171.0min

=== Epoch 3/3 ===
step 6140/9201 (66.7%) | loss 1.1848 | lr 5.47e-05 | ETA 160.0min
step 6150/9201 (66.8%) | loss 1.4584 | lr 5.43e-05 | ETA 168.5min
step 6160/9201 (66.9%) | loss 1.4613 | lr 5.40e-05 | ETA 169.1min
step 6170/9201 (67.1%) | loss 1.6462 | lr 5.37e-05 | ETA 167.8min
step 6180/9201 (67.2%) | loss 1.3495 | lr 5.34e-05 | ETA 167.3min
step 6190/9201 (67.3%) | loss 1.4089 | lr 5.31e-05 | ETA 166.9min
step 6200/9201 (67.4%) | loss 1.5329 | lr 5.27e-05 | ETA 168.8min
step 6210/9201 (67.5%) | loss 1.5375 | lr 5.24e-05 | ETA 175.4min
step 6220/9201 (67.6%) | loss 1.3022 | lr 5.21e-05 | ETA 166.2min
step 6230/9201 (67.7%) | loss 1.4317 | lr 5.18e-05 | ETA 165.2min
step 6240/9201 (67.8%) | loss 1.4948 | lr 5.15e-05 | ETA 163.3min
step 6250/9201 (67.9%) | loss 1.4646 | lr 5.12e-05 | ETA 163.1min
step 6260/9201 (68.0%) | loss 1.3517 | lr 5.09e-05 | ETA 162.9min
step 6270/9201 (68.1%) | loss 1.6862 | lr 5.05e-05 | ETA 162.9min
step 6280/9201 (68.3%) | loss 1.2946 | lr 5.02e-05 | ETA 161.6min
step 6290/9201 (68.4%) | loss 1.6719 | lr 4.99e-05 | ETA 161.4min
step 6300/9201 (68.5%) | loss 1.2735 | lr 4.96e-05 | ETA 161.3min
step 6310/9201 (68.6%) | loss 1.6376 | lr 4.93e-05 | ETA 160.4min
step 6320/9201 (68.7%) | loss 1.3708 | lr 4.90e-05 | ETA 159.8min
step 6330/9201 (68.8%) | loss 1.4126 | lr 4.87e-05 | ETA 158.9min
step 6340/9201 (68.9%) | loss 1.2714 | lr 4.84e-05 | ETA 157.7min
step 6350/9201 (69.0%) | loss 1.6686 | lr 4.81e-05 | ETA 158.4min
step 6360/9201 (69.1%) | loss 1.2141 | lr 4.78e-05 | ETA 156.7min
step 6370/9201 (69.2%) | loss 1.5236 | lr 4.74e-05 | ETA 157.1min
step 6380/9201 (69.3%) | loss 1.4556 | lr 4.71e-05 | ETA 156.6min
step 6390/9201 (69.4%) | loss 1.4732 | lr 4.68e-05 | ETA 155.8min
step 6400/9201 (69.6%) | loss 1.5668 | lr 4.65e-05 | ETA 155.3min
step 6410/9201 (69.7%) | loss 1.4923 | lr 4.62e-05 | ETA 154.8min
step 6420/9201 (69.8%) | loss 1.4136 | lr 4.59e-05 | ETA 154.0min
step 6430/9201 (69.9%) | loss 1.2811 | lr 4.56e-05 | ETA 153.7min
step 6440/9201 (70.0%) | loss 1.3924 | lr 4.53e-05 | ETA 153.2min
step 6450/9201 (70.1%) | loss 1.5964 | lr 4.50e-05 | ETA 152.8min
step 6460/9201 (70.2%) | loss 1.6401 | lr 4.47e-05 | ETA 152.0min
step 6470/9201 (70.3%) | loss 1.4377 | lr 4.44e-05 | ETA 151.1min
step 6480/9201 (70.4%) | loss 1.4147 | lr 4.41e-05 | ETA 149.8min
step 6490/9201 (70.5%) | loss 1.5362 | lr 4.38e-05 | ETA 149.9min
step 6500/9201 (70.6%) | loss 1.5398 | lr 4.35e-05 | ETA 149.9min
eval loss: 2.1105
no improvement (1/5)
step 6510/9201 (70.8%) | loss 1.5179 | lr 4.32e-05 | ETA 149.2min
step 6520/9201 (70.9%) | loss 1.4455 | lr 4.29e-05 | ETA 148.6min
step 6530/9201 (71.0%) | loss 1.3656 | lr 4.26e-05 | ETA 148.2min
step 6540/9201 (71.1%) | loss 1.4333 | lr 4.24e-05 | ETA 147.7min
step 6550/9201 (71.2%) | loss 1.5120 | lr 4.21e-05 | ETA 146.6min
step 6560/9201 (71.3%) | loss 1.3426 | lr 4.18e-05 | ETA 146.2min
step 6570/9201 (71.4%) | loss 1.3876 | lr 4.15e-05 | ETA 145.0min
step 6580/9201 (71.5%) | loss 1.4299 | lr 4.12e-05 | ETA 145.2min
step 6590/9201 (71.6%) | loss 1.4027 | lr 4.09e-05 | ETA 144.5min
step 6600/9201 (71.7%) | loss 1.4020 | lr 4.06e-05 | ETA 144.0min
step 6610/9201 (71.8%) | loss 1.5216 | lr 4.03e-05 | ETA 143.5min
step 6620/9201 (71.9%) | loss 1.2730 | lr 4.00e-05 | ETA 142.8min
step 6630/9201 (72.1%) | loss 1.4980 | lr 3.97e-05 | ETA 142.8min
step 6640/9201 (72.2%) | loss 1.5531 | lr 3.95e-05 | ETA 142.0min
step 6650/9201 (72.3%) | loss 1.6032 | lr 3.92e-05 | ETA 140.7min
step 6660/9201 (72.4%) | loss 1.6082 | lr 3.89e-05 | ETA 140.5min
step 6670/9201 (72.5%) | loss 1.3977 | lr 3.86e-05 | ETA 140.3min
step 6680/9201 (72.6%) | loss 1.4680 | lr 3.83e-05 | ETA 138.9min
step 6690/9201 (72.7%) | loss 1.5003 | lr 3.80e-05 | ETA 138.8min
step 6700/9201 (72.8%) | loss 1.4418 | lr 3.78e-05 | ETA 138.5min
step 6710/9201 (72.9%) | loss 1.4832 | lr 3.75e-05 | ETA 137.9min
step 6720/9201 (73.0%) | loss 1.2390 | lr 3.72e-05 | ETA 137.4min
step 6730/9201 (73.1%) | loss 1.2738 | lr 3.69e-05 | ETA 136.8min
step 6740/9201 (73.3%) | loss 1.5781 | lr 3.66e-05 | ETA 136.4min
step 6750/9201 (73.4%) | loss 1.4922 | lr 3.64e-05 | ETA 135.9min
step 6760/9201 (73.5%) | loss 1.5914 | lr 3.61e-05 | ETA 137.1min
step 6770/9201 (73.6%) | loss 1.5504 | lr 3.58e-05 | ETA 137.2min
step 6780/9201 (73.7%) | loss 1.3186 | lr 3.55e-05 | ETA 136.7min
step 6790/9201 (73.8%) | loss 1.4886 | lr 3.53e-05 | ETA 135.3min
step 6800/9201 (73.9%) | loss 1.5759 | lr 3.50e-05 | ETA 134.7min
step 6810/9201 (74.0%) | loss 1.4759 | lr 3.47e-05 | ETA 134.8min
step 6820/9201 (74.1%) | loss 1.4649 | lr 3.44e-05 | ETA 133.9min
step 6830/9201 (74.2%) | loss 1.4296 | lr 3.42e-05 | ETA 134.0min
step 6840/9201 (74.3%) | loss 1.3795 | lr 3.39e-05 | ETA 133.4min
step 6850/9201 (74.4%) | loss 1.4826 | lr 3.36e-05 | ETA 133.5min
step 6860/9201 (74.6%) | loss 1.5124 | lr 3.34e-05 | ETA 132.3min
step 6870/9201 (74.7%) | loss 1.4512 | lr 3.31e-05 | ETA 131.9min
step 6880/9201 (74.8%) | loss 1.4795 | lr 3.28e-05 | ETA 130.1min
step 6890/9201 (74.9%) | loss 1.2894 | lr 3.26e-05 | ETA 129.0min
step 6900/9201 (75.0%) | loss 1.4610 | lr 3.23e-05 | ETA 128.7min
step 6910/9201 (75.1%) | loss 1.4578 | lr 3.20e-05 | ETA 127.8min
step 6920/9201 (75.2%) | loss 1.4972 | lr 3.18e-05 | ETA 127.8min
step 6930/9201 (75.3%) | loss 1.5281 | lr 3.15e-05 | ETA 126.7min
step 6940/9201 (75.4%) | loss 1.5609 | lr 3.12e-05 | ETA 125.8min
step 6950/9201 (75.5%) | loss 1.5226 | lr 3.10e-05 | ETA 125.2min
step 6960/9201 (75.6%) | loss 1.4062 | lr 3.07e-05 | ETA 124.1min
step 6970/9201 (75.8%) | loss 1.6126 | lr 3.05e-05 | ETA 123.6min
step 6980/9201 (75.9%) | loss 1.3927 | lr 3.02e-05 | ETA 123.5min
step 6990/9201 (76.0%) | loss 1.4314 | lr 2.99e-05 | ETA 123.1min
step 7000/9201 (76.1%) | loss 1.5024 | lr 2.97e-05 | ETA 121.9min
eval loss: 2.1246
no improvement (2/5)
step 7010/9201 (76.2%) | loss 1.6133 | lr 2.94e-05 | ETA 121.6min
step 7020/9201 (76.3%) | loss 1.6137 | lr 2.92e-05 | ETA 121.2min
step 7030/9201 (76.4%) | loss 1.4905 | lr 2.89e-05 | ETA 120.4min
step 7040/9201 (76.5%) | loss 1.2589 | lr 2.87e-05 | ETA 119.4min
step 7050/9201 (76.6%) | loss 1.4726 | lr 2.84e-05 | ETA 118.9min
step 7060/9201 (76.7%) | loss 1.4970 | lr 2.82e-05 | ETA 118.6min
step 7070/9201 (76.8%) | loss 1.3860 | lr 2.79e-05 | ETA 117.9min
step 7080/9201 (76.9%) | loss 1.4309 | lr 2.77e-05 | ETA 117.4min
step 7090/9201 (77.1%) | loss 1.6270 | lr 2.74e-05 | ETA 117.0min
step 7100/9201 (77.2%) | loss 1.4041 | lr 2.72e-05 | ETA 116.1min
step 7110/9201 (77.3%) | loss 1.4771 | lr 2.69e-05 | ETA 115.8min
step 7120/9201 (77.4%) | loss 1.4843 | lr 2.67e-05 | ETA 115.5min
step 7130/9201 (77.5%) | loss 1.3924 | lr 2.64e-05 | ETA 114.1min
step 7140/9201 (77.6%) | loss 1.4335 | lr 2.62e-05 | ETA 114.5min
step 7150/9201 (77.7%) | loss 1.3952 | lr 2.60e-05 | ETA 113.3min
step 7160/9201 (77.8%) | loss 1.4038 | lr 2.57e-05 | ETA 113.1min
step 7170/9201 (77.9%) | loss 1.5865 | lr 2.55e-05 | ETA 112.6min
step 7180/9201 (78.0%) | loss 1.5317 | lr 2.52e-05 | ETA 112.2min
step 7190/9201 (78.1%) | loss 1.5342 | lr 2.50e-05 | ETA 111.8min
step 7200/9201 (78.3%) | loss 1.4845 | lr 2.48e-05 | ETA 110.9min
step 7210/9201 (78.4%) | loss 1.3087 | lr 2.45e-05 | ETA 110.0min
step 7220/9201 (78.5%) | loss 1.4482 | lr 2.43e-05 | ETA 109.5min
step 7230/9201 (78.6%) | loss 1.5742 | lr 2.41e-05 | ETA 109.1min
step 7240/9201 (78.7%) | loss 1.5061 | lr 2.38e-05 | ETA 108.2min
step 7250/9201 (78.8%) | loss 1.5790 | lr 2.36e-05 | ETA 108.2min
step 7260/9201 (78.9%) | loss 1.3618 | lr 2.34e-05 | ETA 107.4min
step 7270/9201 (79.0%) | loss 1.5300 | lr 2.31e-05 | ETA 107.1min
step 7280/9201 (79.1%) | loss 1.3759 | lr 2.29e-05 | ETA 106.6min
step 7290/9201 (79.2%) | loss 1.4175 | lr 2.27e-05 | ETA 105.9min
step 7300/9201 (79.3%) | loss 1.4959 | lr 2.24e-05 | ETA 105.7min
step 7310/9201 (79.4%) | loss 1.3785 | lr 2.22e-05 | ETA 104.6min
step 7320/9201 (79.6%) | loss 1.6087 | lr 2.20e-05 | ETA 104.1min
step 7330/9201 (79.7%) | loss 1.5186 | lr 2.18e-05 | ETA 103.6min
step 7340/9201 (79.8%) | loss 1.6017 | lr 2.15e-05 | ETA 103.1min
step 7350/9201 (79.9%) | loss 1.5101 | lr 2.13e-05 | ETA 102.6min
step 7360/9201 (80.0%) | loss 1.4311 | lr 2.11e-05 | ETA 101.5min
step 7370/9201 (80.1%) | loss 1.4158 | lr 2.09e-05 | ETA 101.8min
step 7380/9201 (80.2%) | loss 1.4646 | lr 2.07e-05 | ETA 101.2min
step 7390/9201 (80.3%) | loss 1.4389 | lr 2.04e-05 | ETA 100.4min
step 7400/9201 (80.4%) | loss 1.6011 | lr 2.02e-05 | ETA 100.1min
step 7410/9201 (80.5%) | loss 1.5149 | lr 2.00e-05 | ETA 99.0min
step 7420/9201 (80.6%) | loss 1.4756 | lr 1.98e-05 | ETA 98.4min
step 7430/9201 (80.8%) | loss 1.3673 | lr 1.96e-05 | ETA 98.1min
step 7440/9201 (80.9%) | loss 1.5056 | lr 1.94e-05 | ETA 97.3min
step 7450/9201 (81.0%) | loss 1.3123 | lr 1.92e-05 | ETA 97.2min
step 7460/9201 (81.1%) | loss 1.5412 | lr 1.89e-05 | ETA 96.8min
step 7470/9201 (81.2%) | loss 1.4639 | lr 1.87e-05 | ETA 97.0min
step 7480/9201 (81.3%) | loss 1.4092 | lr 1.85e-05 | ETA 96.9min
step 7490/9201 (81.4%) | loss 1.5423 | lr 1.83e-05 | ETA 96.5min
step 7500/9201 (81.5%) | loss 1.3392 | lr 1.81e-05 | ETA 95.9min
eval loss: 2.1223
no improvement (3/5)
step 7510/9201 (81.6%) | loss 1.3960 | lr 1.79e-05 | ETA 95.4min
step 7520/9201 (81.7%) | loss 1.5219 | lr 1.77e-05 | ETA 94.2min
step 7530/9201 (81.8%) | loss 1.5198 | lr 1.75e-05 | ETA 93.2min
step 7540/9201 (81.9%) | loss 1.2946 | lr 1.73e-05 | ETA 93.0min
step 7550/9201 (82.1%) | loss 1.4919 | lr 1.71e-05 | ETA 92.7min
step 7560/9201 (82.2%) | loss 1.4048 | lr 1.69e-05 | ETA 92.2min
step 7570/9201 (82.3%) | loss 1.3775 | lr 1.67e-05 | ETA 90.7min
step 7580/9201 (82.4%) | loss 1.3760 | lr 1.65e-05 | ETA 90.0min
step 7590/9201 (82.5%) | loss 1.5846 | lr 1.63e-05 | ETA 89.9min
step 7600/9201 (82.6%) | loss 1.4343 | lr 1.61e-05 | ETA 89.2min
step 7610/9201 (82.7%) | loss 1.4967 | lr 1.59e-05 | ETA 88.5min
step 7620/9201 (82.8%) | loss 1.5454 | lr 1.57e-05 | ETA 88.2min
step 7630/9201 (82.9%) | loss 1.5663 | lr 1.55e-05 | ETA 87.4min
step 7640/9201 (83.0%) | loss 1.5337 | lr 1.53e-05 | ETA 86.6min
step 7650/9201 (83.1%) | loss 1.3756 | lr 1.51e-05 | ETA 86.0min
step 7660/9201 (83.3%) | loss 1.5789 | lr 1.49e-05 | ETA 85.1min
step 7670/9201 (83.4%) | loss 1.4282 | lr 1.48e-05 | ETA 84.8min
step 7680/9201 (83.5%) | loss 1.5644 | lr 1.46e-05 | ETA 84.3min
step 7690/9201 (83.6%) | loss 1.3203 | lr 1.44e-05 | ETA 83.5min
step 7700/9201 (83.7%) | loss 1.4888 | lr 1.42e-05 | ETA 83.0min
step 7710/9201 (83.8%) | loss 1.3803 | lr 1.40e-05 | ETA 82.3min
step 7720/9201 (83.9%) | loss 1.4896 | lr 1.38e-05 | ETA 82.2min
step 7730/9201 (84.0%) | loss 1.4278 | lr 1.37e-05 | ETA 81.1min
step 7740/9201 (84.1%) | loss 1.6059 | lr 1.35e-05 | ETA 81.2min
step 7750/9201 (84.2%) | loss 1.3698 | lr 1.33e-05 | ETA 80.5min
step 7760/9201 (84.3%) | loss 1.5035 | lr 1.31e-05 | ETA 80.0min
step 7770/9201 (84.4%) | loss 1.4858 | lr 1.29e-05 | ETA 79.5min
step 7780/9201 (84.6%) | loss 1.4191 | lr 1.28e-05 | ETA 78.7min
step 7790/9201 (84.7%) | loss 1.4319 | lr 1.26e-05 | ETA 78.3min
step 7800/9201 (84.8%) | loss 1.4256 | lr 1.24e-05 | ETA 77.1min
step 7810/9201 (84.9%) | loss 1.3592 | lr 1.22e-05 | ETA 77.2min
step 7820/9201 (85.0%) | loss 1.5285 | lr 1.21e-05 | ETA 76.2min
step 7830/9201 (85.1%) | loss 1.5186 | lr 1.19e-05 | ETA 76.0min
step 7840/9201 (85.2%) | loss 1.5691 | lr 1.17e-05 | ETA 75.0min
step 7850/9201 (85.3%) | loss 1.3704 | lr 1.16e-05 | ETA 74.9min
step 7860/9201 (85.4%) | loss 1.2182 | lr 1.14e-05 | ETA 74.3min
step 7870/9201 (85.5%) | loss 1.6011 | lr 1.12e-05 | ETA 73.9min
step 7880/9201 (85.6%) | loss 1.2727 | lr 1.11e-05 | ETA 73.2min
step 7890/9201 (85.8%) | loss 1.3838 | lr 1.09e-05 | ETA 72.7min
step 7900/9201 (85.9%) | loss 1.4729 | lr 1.07e-05 | ETA 72.3min
step 7910/9201 (86.0%) | loss 1.4933 | lr 1.06e-05 | ETA 71.4min
step 7920/9201 (86.1%) | loss 1.5941 | lr 1.04e-05 | ETA 70.4min
step 7930/9201 (86.2%) | loss 1.4845 | lr 1.03e-05 | ETA 70.6min
step 7940/9201 (86.3%) | loss 1.4490 | lr 1.01e-05 | ETA 69.9min
step 7950/9201 (86.4%) | loss 1.4603 | lr 9.94e-06 | ETA 69.3min
step 7960/9201 (86.5%) | loss 1.4565 | lr 9.78e-06 | ETA 68.7min
step 7970/9201 (86.6%) | loss 1.3400 | lr 9.63e-06 | ETA 68.3min
step 7980/9201 (86.7%) | loss 1.4512 | lr 9.48e-06 | ETA 67.8min
step 7990/9201 (86.8%) | loss 1.5835 | lr 9.32e-06 | ETA 67.2min
step 8000/9201 (86.9%) | loss 1.2456 | lr 9.17e-06 | ETA 66.5min
eval loss: 2.1339
no improvement (4/5)
step 8010/9201 (87.1%) | loss 1.4325 | lr 9.02e-06 | ETA 66.0min
step 8020/9201 (87.2%) | loss 1.5736 | lr 8.87e-06 | ETA 65.6min
step 8030/9201 (87.3%) | loss 1.3864 | lr 8.73e-06 | ETA 64.6min
step 8040/9201 (87.4%) | loss 1.3615 | lr 8.58e-06 | ETA 64.4min
step 8050/9201 (87.5%) | loss 1.4157 | lr 8.44e-06 | ETA 63.8min
step 8060/9201 (87.6%) | loss 1.5615 | lr 8.29e-06 | ETA 63.2min
step 8070/9201 (87.7%) | loss 1.4546 | lr 8.15e-06 | ETA 62.7min
step 8080/9201 (87.8%) | loss 1.4405 | lr 8.01e-06 | ETA 62.5min
step 8090/9201 (87.9%) | loss 1.4465 | lr 7.87e-06 | ETA 61.4min
step 8100/9201 (88.0%) | loss 1.6038 | lr 7.73e-06 | ETA 61.2min
step 8110/9201 (88.1%) | loss 1.5356 | lr 7.59e-06 | ETA 60.5min
step 8120/9201 (88.3%) | loss 1.4564 | lr 7.45e-06 | ETA 59.8min
step 8130/9201 (88.4%) | loss 1.5304 | lr 7.32e-06 | ETA 59.0min
step 8140/9201 (88.5%) | loss 1.3619 | lr 7.18e-06 | ETA 58.8min
step 8150/9201 (88.6%) | loss 1.4668 | lr 7.05e-06 | ETA 58.2min
step 8160/9201 (88.7%) | loss 1.5872 | lr 6.92e-06 | ETA 57.6min
step 8170/9201 (88.8%) | loss 1.2848 | lr 6.79e-06 | ETA 57.2min
step 8180/9201 (88.9%) | loss 1.5475 | lr 6.66e-06 | ETA 56.7min
step 8190/9201 (89.0%) | loss 1.3265 | lr 6.53e-06 | ETA 56.1min
step 8200/9201 (89.1%) | loss 1.4344 | lr 6.40e-06 | ETA 55.7min
step 8210/9201 (89.2%) | loss 1.2921 | lr 6.28e-06 | ETA 56.0min
step 8220/9201 (89.3%) | loss 1.5665 | lr 6.15e-06 | ETA 55.4min
step 8230/9201 (89.4%) | loss 1.4464 | lr 6.03e-06 | ETA 54.8min
step 8240/9201 (89.6%) | loss 1.5305 | lr 5.91e-06 | ETA 54.1min
step 8250/9201 (89.7%) | loss 1.5240 | lr 5.78e-06 | ETA 53.7min
step 8260/9201 (89.8%) | loss 1.3650 | lr 5.66e-06 | ETA 53.0min
step 8270/9201 (89.9%) | loss 1.3512 | lr 5.55e-06 | ETA 52.3min
step 8280/9201 (90.0%) | loss 1.4641 | lr 5.43e-06 | ETA 51.8min
step 8290/9201 (90.1%) | loss 1.3983 | lr 5.31e-06 | ETA 51.3min
step 8300/9201 (90.2%) | loss 1.3441 | lr 5.20e-06 | ETA 50.7min
step 8310/9201 (90.3%) | loss 1.4583 | lr 5.08e-06 | ETA 50.3min
step 8320/9201 (90.4%) | loss 1.5791 | lr 4.97e-06 | ETA 49.9min
step 8330/9201 (90.5%) | loss 1.4338 | lr 4.86e-06 | ETA 49.2min
step 8340/9201 (90.6%) | loss 1.5099 | lr 4.75e-06 | ETA 48.1min
step 8350/9201 (90.8%) | loss 1.4565 | lr 4.64e-06 | ETA 47.4min
step 8360/9201 (90.9%) | loss 1.3959 | lr 4.53e-06 | ETA 46.8min
step 8370/9201 (91.0%) | loss 1.4685 | lr 4.43e-06 | ETA 46.6min
step 8380/9201 (91.1%) | loss 1.5024 | lr 4.32e-06 | ETA 46.0min
step 8390/9201 (91.2%) | loss 1.6287 | lr 4.22e-06 | ETA 45.2min
step 8400/9201 (91.3%) | loss 1.5896 | lr 4.12e-06 | ETA 44.6min
step 8410/9201 (91.4%) | loss 1.4307 | lr 4.01e-06 | ETA 43.9min
step 8420/9201 (91.5%) | loss 1.5919 | lr 3.91e-06 | ETA 43.3min
step 8430/9201 (91.6%) | loss 1.2347 | lr 3.81e-06 | ETA 42.8min
step 8440/9201 (91.7%) | loss 1.4233 | lr 3.72e-06 | ETA 42.4min
step 8450/9201 (91.8%) | loss 1.4930 | lr 3.62e-06 | ETA 41.7min
step 8460/9201 (91.9%) | loss 1.3748 | lr 3.53e-06 | ETA 41.1min
step 8470/9201 (92.1%) | loss 1.5988 | lr 3.43e-06 | ETA 40.4min
step 8480/9201 (92.2%) | loss 1.4614 | lr 3.34e-06 | ETA 40.0min
step 8490/9201 (92.3%) | loss 1.3849 | lr 3.25e-06 | ETA 39.5min
step 8500/9201 (92.4%) | loss 1.2511 | lr 3.16e-06 | ETA 38.8min
eval loss: 2.1263
no improvement (5/5)
early stopping triggered — stopping training.

final eval loss: 2.1263
training complete.
