nohup: ignoring input
device: cuda:0
Loading weights:   0%|          | 0/434 [00:00<?, ?it/s]Loading weights:   0%|          | 1/434 [00:00<05:16,  1.37it/s]Loading weights:  17%|█▋        | 75/434 [00:00<00:02, 119.81it/s]Loading weights:  26%|██▋       | 114/434 [00:01<00:02, 122.07it/s]Loading weights:  32%|███▏      | 141/434 [00:01<00:02, 136.17it/s]Loading weights:  38%|███▊      | 165/434 [00:01<00:01, 144.67it/s]Loading weights:  43%|████▎     | 187/434 [00:01<00:01, 140.25it/s]Loading weights:  47%|████▋     | 206/434 [00:01<00:01, 148.97it/s]Loading weights:  52%|█████▏    | 225/434 [00:01<00:01, 145.18it/s]Loading weights:  56%|█████▌    | 242/434 [00:01<00:01, 144.75it/s]Loading weights:  60%|█████▉    | 259/434 [00:02<00:01, 144.94it/s]Loading weights:  64%|██████▍   | 279/434 [00:02<00:01, 145.15it/s]Loading weights:  68%|██████▊   | 295/434 [00:02<00:01, 135.36it/s]Loading weights:  73%|███████▎  | 315/434 [00:02<00:00, 137.47it/s]Loading weights:  76%|███████▌  | 330/434 [00:02<00:00, 137.46it/s]Loading weights:  81%|████████  | 351/434 [00:02<00:00, 141.18it/s]Loading weights:  86%|████████▋ | 375/434 [00:02<00:00, 142.98it/s]Loading weights:  92%|█████████▏| 399/434 [00:03<00:00, 160.29it/s]Loading weights:  96%|█████████▌| 416/434 [00:03<00:00, 149.11it/s]Loading weights: 100%|██████████| 434/434 [00:03<00:00, 134.75it/s]
trainable params: 29,933,568 || all params: 3,115,872,256 || trainable%: 0.9607

=== Epoch 1/3 ===
step 10/11358 (0.1%) | loss 3.8845 | lr 3.53e-06 | ETA 849.7min
step 20/11358 (0.2%) | loss 2.9716 | lr 7.05e-06 | ETA 830.3min
step 30/11358 (0.3%) | loss 2.5401 | lr 1.06e-05 | ETA 835.7min
step 40/11358 (0.4%) | loss 2.0157 | lr 1.41e-05 | ETA 836.9min
step 50/11358 (0.4%) | loss 2.1268 | lr 1.76e-05 | ETA 834.5min
step 60/11358 (0.5%) | loss 2.0606 | lr 2.12e-05 | ETA 825.6min
step 70/11358 (0.6%) | loss 2.1505 | lr 2.47e-05 | ETA 828.0min
step 80/11358 (0.7%) | loss 1.8802 | lr 2.82e-05 | ETA 835.8min
step 90/11358 (0.8%) | loss 2.0582 | lr 3.17e-05 | ETA 831.2min
step 100/11358 (0.9%) | loss 2.2348 | lr 3.53e-05 | ETA 830.9min
step 110/11358 (1.0%) | loss 2.2038 | lr 3.88e-05 | ETA 830.1min
step 120/11358 (1.1%) | loss 2.0983 | lr 4.23e-05 | ETA 829.5min
step 130/11358 (1.1%) | loss 1.9714 | lr 4.59e-05 | ETA 831.9min
step 140/11358 (1.2%) | loss 2.1778 | lr 4.94e-05 | ETA 834.3min
step 150/11358 (1.3%) | loss 1.9843 | lr 5.29e-05 | ETA 830.5min
step 160/11358 (1.4%) | loss 2.2048 | lr 5.64e-05 | ETA 830.6min
step 170/11358 (1.5%) | loss 2.1247 | lr 6.00e-05 | ETA 830.9min
step 180/11358 (1.6%) | loss 2.0705 | lr 6.35e-05 | ETA 825.5min
step 190/11358 (1.7%) | loss 1.9884 | lr 6.70e-05 | ETA 825.3min
step 200/11358 (1.8%) | loss 1.9767 | lr 7.05e-05 | ETA 826.4min
step 210/11358 (1.8%) | loss 2.0364 | lr 7.41e-05 | ETA 822.9min
step 220/11358 (1.9%) | loss 1.9626 | lr 7.76e-05 | ETA 823.4min
step 230/11358 (2.0%) | loss 2.0206 | lr 8.11e-05 | ETA 824.2min
step 240/11358 (2.1%) | loss 2.0430 | lr 8.47e-05 | ETA 827.4min
step 250/11358 (2.2%) | loss 2.2263 | lr 8.82e-05 | ETA 822.1min
step 260/11358 (2.3%) | loss 1.9785 | lr 9.17e-05 | ETA 819.8min
step 270/11358 (2.4%) | loss 2.0951 | lr 9.52e-05 | ETA 821.0min
step 280/11358 (2.5%) | loss 1.9020 | lr 9.88e-05 | ETA 818.9min
step 290/11358 (2.6%) | loss 1.8939 | lr 1.02e-04 | ETA 816.6min
step 300/11358 (2.6%) | loss 2.1934 | lr 1.06e-04 | ETA 821.9min
step 310/11358 (2.7%) | loss 1.8861 | lr 1.09e-04 | ETA 819.0min
step 320/11358 (2.8%) | loss 1.9500 | lr 1.13e-04 | ETA 814.3min
step 330/11358 (2.9%) | loss 2.1329 | lr 1.16e-04 | ETA 814.2min
step 340/11358 (3.0%) | loss 1.9287 | lr 1.20e-04 | ETA 816.5min
step 350/11358 (3.1%) | loss 2.1448 | lr 1.23e-04 | ETA 815.5min
step 360/11358 (3.2%) | loss 1.9500 | lr 1.27e-04 | ETA 814.7min
step 370/11358 (3.3%) | loss 2.0061 | lr 1.31e-04 | ETA 811.8min
step 380/11358 (3.3%) | loss 2.2038 | lr 1.34e-04 | ETA 815.1min
step 390/11358 (3.4%) | loss 1.9954 | lr 1.38e-04 | ETA 811.2min
step 400/11358 (3.5%) | loss 2.0844 | lr 1.41e-04 | ETA 814.0min
step 410/11358 (3.6%) | loss 1.9432 | lr 1.45e-04 | ETA 811.2min
step 420/11358 (3.7%) | loss 1.9265 | lr 1.48e-04 | ETA 811.7min
step 430/11358 (3.8%) | loss 2.0134 | lr 1.52e-04 | ETA 807.1min
step 440/11358 (3.9%) | loss 1.9211 | lr 1.55e-04 | ETA 806.8min
step 450/11358 (4.0%) | loss 2.0164 | lr 1.59e-04 | ETA 809.9min
step 460/11358 (4.1%) | loss 2.1102 | lr 1.62e-04 | ETA 806.0min
step 470/11358 (4.1%) | loss 2.0539 | lr 1.66e-04 | ETA 809.5min
step 480/11358 (4.2%) | loss 2.0575 | lr 1.69e-04 | ETA 805.2min
step 490/11358 (4.3%) | loss 2.0036 | lr 1.73e-04 | ETA 806.6min
step 500/11358 (4.4%) | loss 2.0318 | lr 1.76e-04 | ETA 803.3min
eval loss: 1.9978
best model saved (loss=1.9978)
step 510/11358 (4.5%) | loss 2.0568 | lr 1.80e-04 | ETA 803.8min
step 520/11358 (4.6%) | loss 2.0832 | lr 1.83e-04 | ETA 806.2min
step 530/11358 (4.7%) | loss 2.2570 | lr 1.87e-04 | ETA 803.6min
step 540/11358 (4.8%) | loss 1.9972 | lr 1.90e-04 | ETA 801.3min
step 550/11358 (4.8%) | loss 2.1814 | lr 1.94e-04 | ETA 800.6min
step 560/11358 (4.9%) | loss 2.0292 | lr 1.98e-04 | ETA 801.3min
step 570/11358 (5.0%) | loss 2.0596 | lr 2.00e-04 | ETA 804.4min
step 580/11358 (5.1%) | loss 1.9926 | lr 2.00e-04 | ETA 798.6min
step 590/11358 (5.2%) | loss 2.0210 | lr 2.00e-04 | ETA 795.1min
step 600/11358 (5.3%) | loss 1.9052 | lr 2.00e-04 | ETA 798.0min
step 610/11358 (5.4%) | loss 1.9777 | lr 2.00e-04 | ETA 794.8min
step 620/11358 (5.5%) | loss 2.2208 | lr 2.00e-04 | ETA 797.6min
step 630/11358 (5.5%) | loss 1.9311 | lr 2.00e-04 | ETA 797.4min
step 640/11358 (5.6%) | loss 1.9813 | lr 2.00e-04 | ETA 791.0min
step 650/11358 (5.7%) | loss 1.8304 | lr 2.00e-04 | ETA 794.3min
step 660/11358 (5.8%) | loss 1.7454 | lr 2.00e-04 | ETA 793.6min
step 670/11358 (5.9%) | loss 1.9695 | lr 2.00e-04 | ETA 792.8min
step 680/11358 (6.0%) | loss 2.1227 | lr 2.00e-04 | ETA 790.8min
step 690/11358 (6.1%) | loss 2.0228 | lr 2.00e-04 | ETA 789.1min
step 700/11358 (6.2%) | loss 2.2081 | lr 2.00e-04 | ETA 789.4min
step 710/11358 (6.3%) | loss 2.0493 | lr 2.00e-04 | ETA 784.5min
step 720/11358 (6.3%) | loss 1.9451 | lr 2.00e-04 | ETA 786.7min
step 730/11358 (6.4%) | loss 2.1302 | lr 2.00e-04 | ETA 786.8min
step 740/11358 (6.5%) | loss 2.0721 | lr 2.00e-04 | ETA 789.7min
step 750/11358 (6.6%) | loss 2.0979 | lr 2.00e-04 | ETA 784.3min
step 760/11358 (6.7%) | loss 2.0886 | lr 2.00e-04 | ETA 786.4min
step 770/11358 (6.8%) | loss 2.0298 | lr 2.00e-04 | ETA 786.6min
step 780/11358 (6.9%) | loss 2.0990 | lr 2.00e-04 | ETA 782.7min
step 790/11358 (7.0%) | loss 2.0972 | lr 2.00e-04 | ETA 780.5min
step 800/11358 (7.0%) | loss 2.1747 | lr 2.00e-04 | ETA 785.2min
step 810/11358 (7.1%) | loss 2.1066 | lr 2.00e-04 | ETA 782.6min
step 820/11358 (7.2%) | loss 2.0214 | lr 2.00e-04 | ETA 780.3min
step 830/11358 (7.3%) | loss 1.9828 | lr 2.00e-04 | ETA 779.7min
step 840/11358 (7.4%) | loss 1.9034 | lr 2.00e-04 | ETA 779.9min
step 850/11358 (7.5%) | loss 2.1339 | lr 2.00e-04 | ETA 778.5min
step 860/11358 (7.6%) | loss 1.9860 | lr 2.00e-04 | ETA 780.1min
step 870/11358 (7.7%) | loss 1.9800 | lr 2.00e-04 | ETA 778.3min
step 880/11358 (7.7%) | loss 2.0064 | lr 2.00e-04 | ETA 776.7min
step 890/11358 (7.8%) | loss 2.0182 | lr 2.00e-04 | ETA 775.1min
step 900/11358 (7.9%) | loss 2.0594 | lr 2.00e-04 | ETA 777.6min
step 910/11358 (8.0%) | loss 2.2004 | lr 2.00e-04 | ETA 779.7min
step 920/11358 (8.1%) | loss 2.0000 | lr 1.99e-04 | ETA 770.7min
step 930/11358 (8.2%) | loss 2.2470 | lr 1.99e-04 | ETA 773.6min
step 940/11358 (8.3%) | loss 2.0746 | lr 1.99e-04 | ETA 770.7min
step 950/11358 (8.4%) | loss 1.9669 | lr 1.99e-04 | ETA 771.2min
step 960/11358 (8.5%) | loss 1.9488 | lr 1.99e-04 | ETA 774.0min
step 970/11358 (8.5%) | loss 1.8928 | lr 1.99e-04 | ETA 771.0min
step 980/11358 (8.6%) | loss 1.8602 | lr 1.99e-04 | ETA 772.9min
step 990/11358 (8.7%) | loss 1.9682 | lr 1.99e-04 | ETA 769.3min
step 1000/11358 (8.8%) | loss 2.0218 | lr 1.99e-04 | ETA 765.2min
eval loss: 1.9743
best model saved (loss=1.9743)
step 1010/11358 (8.9%) | loss 1.8336 | lr 1.99e-04 | ETA 767.4min
step 1020/11358 (9.0%) | loss 2.1331 | lr 1.99e-04 | ETA 768.7min
step 1030/11358 (9.1%) | loss 1.9631 | lr 1.99e-04 | ETA 765.2min
step 1040/11358 (9.2%) | loss 2.0641 | lr 1.99e-04 | ETA 763.9min
step 1050/11358 (9.2%) | loss 1.9958 | lr 1.99e-04 | ETA 764.2min
step 1060/11358 (9.3%) | loss 1.9983 | lr 1.99e-04 | ETA 764.5min
step 1070/11358 (9.4%) | loss 2.0348 | lr 1.99e-04 | ETA 761.6min
step 1080/11358 (9.5%) | loss 2.0695 | lr 1.99e-04 | ETA 759.8min
step 1090/11358 (9.6%) | loss 2.0468 | lr 1.99e-04 | ETA 761.9min
step 1100/11358 (9.7%) | loss 1.9144 | lr 1.99e-04 | ETA 763.5min
step 1110/11358 (9.8%) | loss 2.0717 | lr 1.99e-04 | ETA 762.2min
step 1120/11358 (9.9%) | loss 2.0708 | lr 1.99e-04 | ETA 765.1min
step 1130/11358 (9.9%) | loss 2.0080 | lr 1.99e-04 | ETA 761.7min
step 1140/11358 (10.0%) | loss 1.8920 | lr 1.99e-04 | ETA 756.1min
step 1150/11358 (10.1%) | loss 1.9345 | lr 1.99e-04 | ETA 753.7min
step 1160/11358 (10.2%) | loss 2.0346 | lr 1.99e-04 | ETA 755.7min
step 1170/11358 (10.3%) | loss 2.1211 | lr 1.98e-04 | ETA 757.8min
step 1180/11358 (10.4%) | loss 2.0833 | lr 1.98e-04 | ETA 760.8min
step 1190/11358 (10.5%) | loss 1.9506 | lr 1.98e-04 | ETA 755.2min
step 1200/11358 (10.6%) | loss 2.0785 | lr 1.98e-04 | ETA 753.4min
step 1210/11358 (10.7%) | loss 2.0585 | lr 1.98e-04 | ETA 752.1min
step 1220/11358 (10.7%) | loss 2.0586 | lr 1.98e-04 | ETA 750.6min
step 1230/11358 (10.8%) | loss 2.0432 | lr 1.98e-04 | ETA 752.1min
step 1240/11358 (10.9%) | loss 2.0246 | lr 1.98e-04 | ETA 751.9min
step 1250/11358 (11.0%) | loss 2.0414 | lr 1.98e-04 | ETA 747.9min
step 1260/11358 (11.1%) | loss 1.8618 | lr 1.98e-04 | ETA 749.7min
step 1270/11358 (11.2%) | loss 1.9628 | lr 1.98e-04 | ETA 750.2min
step 1280/11358 (11.3%) | loss 1.9805 | lr 1.98e-04 | ETA 746.9min
step 1290/11358 (11.4%) | loss 2.1192 | lr 1.98e-04 | ETA 746.4min
step 1300/11358 (11.4%) | loss 2.1143 | lr 1.98e-04 | ETA 750.3min
step 1310/11358 (11.5%) | loss 1.7938 | lr 1.98e-04 | ETA 743.7min
step 1320/11358 (11.6%) | loss 1.8811 | lr 1.98e-04 | ETA 741.2min
step 1330/11358 (11.7%) | loss 1.8631 | lr 1.98e-04 | ETA 744.4min
step 1340/11358 (11.8%) | loss 2.0089 | lr 1.97e-04 | ETA 743.1min
step 1350/11358 (11.9%) | loss 1.8919 | lr 1.97e-04 | ETA 744.0min
step 1360/11358 (12.0%) | loss 1.9828 | lr 1.97e-04 | ETA 741.1min
step 1370/11358 (12.1%) | loss 1.9035 | lr 1.97e-04 | ETA 741.0min
step 1380/11358 (12.2%) | loss 1.9324 | lr 1.97e-04 | ETA 737.3min
step 1390/11358 (12.2%) | loss 1.9154 | lr 1.97e-04 | ETA 739.3min
step 1400/11358 (12.3%) | loss 1.9322 | lr 1.97e-04 | ETA 737.4min
step 1410/11358 (12.4%) | loss 2.0012 | lr 1.97e-04 | ETA 739.9min
step 1420/11358 (12.5%) | loss 2.1636 | lr 1.97e-04 | ETA 737.9min
step 1430/11358 (12.6%) | loss 2.0130 | lr 1.97e-04 | ETA 737.5min
step 1440/11358 (12.7%) | loss 2.0835 | lr 1.97e-04 | ETA 737.2min
step 1450/11358 (12.8%) | loss 2.0384 | lr 1.97e-04 | ETA 734.4min
step 1460/11358 (12.9%) | loss 1.8100 | lr 1.97e-04 | ETA 740.3min
step 1470/11358 (12.9%) | loss 1.9124 | lr 1.97e-04 | ETA 733.4min
step 1480/11358 (13.0%) | loss 2.0235 | lr 1.96e-04 | ETA 732.0min
step 1490/11358 (13.1%) | loss 2.0083 | lr 1.96e-04 | ETA 735.2min
step 1500/11358 (13.2%) | loss 1.9692 | lr 1.96e-04 | ETA 733.6min
eval loss: 1.9689
best model saved (loss=1.9689)
step 1510/11358 (13.3%) | loss 1.9745 | lr 1.96e-04 | ETA 730.1min
step 1520/11358 (13.4%) | loss 1.9068 | lr 1.96e-04 | ETA 732.1min
step 1530/11358 (13.5%) | loss 2.0952 | lr 1.96e-04 | ETA 728.6min
step 1540/11358 (13.6%) | loss 1.9676 | lr 1.96e-04 | ETA 727.2min
step 1550/11358 (13.6%) | loss 2.2210 | lr 1.96e-04 | ETA 727.7min
step 1560/11358 (13.7%) | loss 1.9826 | lr 1.96e-04 | ETA 725.4min
step 1570/11358 (13.8%) | loss 2.2029 | lr 1.96e-04 | ETA 729.4min
step 1580/11358 (13.9%) | loss 2.0710 | lr 1.96e-04 | ETA 726.0min
step 1590/11358 (14.0%) | loss 1.8715 | lr 1.96e-04 | ETA 725.9min
step 1600/11358 (14.1%) | loss 1.8556 | lr 1.96e-04 | ETA 724.0min
step 1610/11358 (14.2%) | loss 1.9647 | lr 1.95e-04 | ETA 724.5min
step 1620/11358 (14.3%) | loss 2.0260 | lr 1.95e-04 | ETA 723.5min
step 1630/11358 (14.4%) | loss 1.9797 | lr 1.95e-04 | ETA 727.3min
step 1640/11358 (14.4%) | loss 2.0369 | lr 1.95e-04 | ETA 718.8min
step 1650/11358 (14.5%) | loss 1.9633 | lr 1.95e-04 | ETA 720.7min
step 1660/11358 (14.6%) | loss 1.9379 | lr 1.95e-04 | ETA 720.0min
step 1670/11358 (14.7%) | loss 1.8710 | lr 1.95e-04 | ETA 718.1min
step 1680/11358 (14.8%) | loss 2.0041 | lr 1.95e-04 | ETA 720.2min
step 1690/11358 (14.9%) | loss 1.9783 | lr 1.95e-04 | ETA 716.6min
step 1700/11358 (15.0%) | loss 2.0623 | lr 1.95e-04 | ETA 718.8min
step 1710/11358 (15.1%) | loss 1.9390 | lr 1.95e-04 | ETA 714.5min
step 1720/11358 (15.1%) | loss 2.0499 | lr 1.94e-04 | ETA 712.0min
step 1730/11358 (15.2%) | loss 1.9556 | lr 1.94e-04 | ETA 711.9min
step 1740/11358 (15.3%) | loss 2.0812 | lr 1.94e-04 | ETA 715.1min
step 1750/11358 (15.4%) | loss 1.9525 | lr 1.94e-04 | ETA 709.2min
step 1760/11358 (15.5%) | loss 2.1353 | lr 1.94e-04 | ETA 708.3min
step 1770/11358 (15.6%) | loss 2.0337 | lr 1.94e-04 | ETA 710.7min
step 1780/11358 (15.7%) | loss 2.2030 | lr 1.94e-04 | ETA 709.9min
step 1790/11358 (15.8%) | loss 1.8977 | lr 1.94e-04 | ETA 708.0min
step 1800/11358 (15.8%) | loss 1.9491 | lr 1.94e-04 | ETA 710.4min
step 1810/11358 (15.9%) | loss 2.0070 | lr 1.94e-04 | ETA 708.0min
step 1820/11358 (16.0%) | loss 2.0763 | lr 1.93e-04 | ETA 707.5min
step 1830/11358 (16.1%) | loss 2.1197 | lr 1.93e-04 | ETA 708.6min
step 1840/11358 (16.2%) | loss 2.0454 | lr 1.93e-04 | ETA 704.9min
step 1850/11358 (16.3%) | loss 1.8956 | lr 1.93e-04 | ETA 707.9min
step 1860/11358 (16.4%) | loss 1.9319 | lr 1.93e-04 | ETA 701.8min
step 1870/11358 (16.5%) | loss 1.9766 | lr 1.93e-04 | ETA 703.6min
step 1880/11358 (16.6%) | loss 1.8442 | lr 1.93e-04 | ETA 702.2min
step 1890/11358 (16.6%) | loss 1.8881 | lr 1.93e-04 | ETA 702.1min
step 1900/11358 (16.7%) | loss 2.0629 | lr 1.93e-04 | ETA 700.9min
step 1910/11358 (16.8%) | loss 2.1635 | lr 1.92e-04 | ETA 704.6min
step 1920/11358 (16.9%) | loss 1.8774 | lr 1.92e-04 | ETA 697.4min
step 1930/11358 (17.0%) | loss 1.9851 | lr 1.92e-04 | ETA 699.0min
step 1940/11358 (17.1%) | loss 2.0657 | lr 1.92e-04 | ETA 699.3min
step 1950/11358 (17.2%) | loss 1.8349 | lr 1.92e-04 | ETA 697.7min
step 1960/11358 (17.3%) | loss 2.0513 | lr 1.92e-04 | ETA 700.7min
step 1970/11358 (17.3%) | loss 1.9401 | lr 1.92e-04 | ETA 696.9min
step 1980/11358 (17.4%) | loss 1.9231 | lr 1.92e-04 | ETA 696.7min
step 1990/11358 (17.5%) | loss 1.8862 | lr 1.92e-04 | ETA 691.0min
step 2000/11358 (17.6%) | loss 1.9333 | lr 1.91e-04 | ETA 695.1min
eval loss: 1.9645
best model saved (loss=1.9645)
step 2010/11358 (17.7%) | loss 1.9242 | lr 1.91e-04 | ETA 694.9min
step 2020/11358 (17.8%) | loss 1.9660 | lr 1.91e-04 | ETA 696.8min
step 2030/11358 (17.9%) | loss 1.8687 | lr 1.91e-04 | ETA 689.4min
step 2040/11358 (18.0%) | loss 1.9125 | lr 1.91e-04 | ETA 689.9min
step 2050/11358 (18.0%) | loss 1.8758 | lr 1.91e-04 | ETA 689.8min
step 2060/11358 (18.1%) | loss 2.0057 | lr 1.91e-04 | ETA 689.1min
step 2070/11358 (18.2%) | loss 1.9973 | lr 1.91e-04 | ETA 689.7min
step 2080/11358 (18.3%) | loss 2.0361 | lr 1.90e-04 | ETA 687.6min
step 2090/11358 (18.4%) | loss 2.1209 | lr 1.90e-04 | ETA 690.8min
step 2100/11358 (18.5%) | loss 1.8637 | lr 1.90e-04 | ETA 685.9min
step 2110/11358 (18.6%) | loss 1.9764 | lr 1.90e-04 | ETA 686.7min
step 2120/11358 (18.7%) | loss 1.9495 | lr 1.90e-04 | ETA 684.3min
step 2130/11358 (18.8%) | loss 2.1477 | lr 1.90e-04 | ETA 685.9min
step 2140/11358 (18.8%) | loss 2.0003 | lr 1.90e-04 | ETA 681.1min
step 2150/11358 (18.9%) | loss 1.9612 | lr 1.90e-04 | ETA 683.2min
step 2160/11358 (19.0%) | loss 2.0028 | lr 1.89e-04 | ETA 686.3min
step 2170/11358 (19.1%) | loss 1.9873 | lr 1.89e-04 | ETA 682.7min
step 2180/11358 (19.2%) | loss 2.0774 | lr 1.89e-04 | ETA 684.0min
step 2190/11358 (19.3%) | loss 2.1680 | lr 1.89e-04 | ETA 680.4min
step 2200/11358 (19.4%) | loss 1.9624 | lr 1.89e-04 | ETA 678.7min
step 2210/11358 (19.5%) | loss 2.1500 | lr 1.89e-04 | ETA 677.2min
step 2220/11358 (19.5%) | loss 1.9867 | lr 1.89e-04 | ETA 679.0min
step 2230/11358 (19.6%) | loss 1.9720 | lr 1.89e-04 | ETA 679.1min
step 2240/11358 (19.7%) | loss 1.8570 | lr 1.88e-04 | ETA 679.3min
step 2250/11358 (19.8%) | loss 2.1953 | lr 1.88e-04 | ETA 676.1min
step 2260/11358 (19.9%) | loss 2.0578 | lr 1.88e-04 | ETA 675.8min
step 2270/11358 (20.0%) | loss 2.0603 | lr 1.88e-04 | ETA 675.7min
step 2280/11358 (20.1%) | loss 1.8714 | lr 1.88e-04 | ETA 673.5min
step 2290/11358 (20.2%) | loss 2.0693 | lr 1.88e-04 | ETA 673.7min
step 2300/11358 (20.3%) | loss 1.8665 | lr 1.88e-04 | ETA 677.5min
step 2310/11358 (20.3%) | loss 2.0582 | lr 1.87e-04 | ETA 673.2min
step 2320/11358 (20.4%) | loss 1.9045 | lr 1.87e-04 | ETA 667.6min
step 2330/11358 (20.5%) | loss 2.0229 | lr 1.87e-04 | ETA 667.5min
step 2340/11358 (20.6%) | loss 2.0117 | lr 1.87e-04 | ETA 668.6min
step 2350/11358 (20.7%) | loss 2.0354 | lr 1.87e-04 | ETA 671.1min
step 2360/11358 (20.8%) | loss 1.8565 | lr 1.87e-04 | ETA 666.7min
step 2370/11358 (20.9%) | loss 2.1124 | lr 1.87e-04 | ETA 666.0min
step 2380/11358 (21.0%) | loss 1.9142 | lr 1.86e-04 | ETA 666.1min
step 2390/11358 (21.0%) | loss 2.1465 | lr 1.86e-04 | ETA 666.3min
step 2400/11358 (21.1%) | loss 2.0280 | lr 1.86e-04 | ETA 665.4min
step 2410/11358 (21.2%) | loss 2.0458 | lr 1.86e-04 | ETA 665.6min
step 2420/11358 (21.3%) | loss 1.9719 | lr 1.86e-04 | ETA 662.3min
step 2430/11358 (21.4%) | loss 1.9622 | lr 1.86e-04 | ETA 662.4min
step 2440/11358 (21.5%) | loss 1.8010 | lr 1.85e-04 | ETA 661.1min
step 2450/11358 (21.6%) | loss 1.9259 | lr 1.85e-04 | ETA 660.6min
step 2460/11358 (21.7%) | loss 1.9637 | lr 1.85e-04 | ETA 663.1min
step 2470/11358 (21.7%) | loss 1.8544 | lr 1.85e-04 | ETA 658.8min
step 2480/11358 (21.8%) | loss 1.9160 | lr 1.85e-04 | ETA 657.6min
step 2490/11358 (21.9%) | loss 1.8875 | lr 1.85e-04 | ETA 657.8min
step 2500/11358 (22.0%) | loss 2.1815 | lr 1.85e-04 | ETA 656.0min
eval loss: 1.9691
no improvement (1/5)
step 2510/11358 (22.1%) | loss 1.9899 | lr 1.84e-04 | ETA 655.9min
step 2520/11358 (22.2%) | loss 1.9706 | lr 1.84e-04 | ETA 657.0min
step 2530/11358 (22.3%) | loss 2.0307 | lr 1.84e-04 | ETA 653.3min
step 2540/11358 (22.4%) | loss 2.0289 | lr 1.84e-04 | ETA 652.4min
step 2550/11358 (22.5%) | loss 2.0438 | lr 1.84e-04 | ETA 654.6min
step 2560/11358 (22.5%) | loss 1.9430 | lr 1.84e-04 | ETA 652.3min
step 2570/11358 (22.6%) | loss 1.9605 | lr 1.83e-04 | ETA 650.6min
step 2580/11358 (22.7%) | loss 1.8470 | lr 1.83e-04 | ETA 652.1min
step 2590/11358 (22.8%) | loss 2.1658 | lr 1.83e-04 | ETA 650.8min
step 2600/11358 (22.9%) | loss 1.9943 | lr 1.83e-04 | ETA 647.5min
step 2610/11358 (23.0%) | loss 1.9492 | lr 1.83e-04 | ETA 648.2min
step 2620/11358 (23.1%) | loss 1.9244 | lr 1.83e-04 | ETA 648.9min
step 2630/11358 (23.2%) | loss 1.9428 | lr 1.82e-04 | ETA 650.0min
step 2640/11358 (23.2%) | loss 1.9908 | lr 1.82e-04 | ETA 645.3min
step 2650/11358 (23.3%) | loss 2.0136 | lr 1.82e-04 | ETA 642.2min
step 2660/11358 (23.4%) | loss 2.1025 | lr 1.82e-04 | ETA 644.1min
step 2670/11358 (23.5%) | loss 2.0517 | lr 1.82e-04 | ETA 644.4min
step 2680/11358 (23.6%) | loss 1.9286 | lr 1.82e-04 | ETA 645.4min
step 2690/11358 (23.7%) | loss 1.8581 | lr 1.81e-04 | ETA 642.8min
step 2700/11358 (23.8%) | loss 1.9347 | lr 1.81e-04 | ETA 642.2min
step 2710/11358 (23.9%) | loss 1.9336 | lr 1.81e-04 | ETA 639.0min
step 2720/11358 (23.9%) | loss 1.7720 | lr 1.81e-04 | ETA 639.4min
step 2730/11358 (24.0%) | loss 2.1063 | lr 1.81e-04 | ETA 637.0min
step 2740/11358 (24.1%) | loss 2.0837 | lr 1.81e-04 | ETA 640.3min
step 2750/11358 (24.2%) | loss 1.9979 | lr 1.80e-04 | ETA 638.1min
step 2760/11358 (24.3%) | loss 1.9573 | lr 1.80e-04 | ETA 637.9min
step 2770/11358 (24.4%) | loss 1.9998 | lr 1.80e-04 | ETA 637.6min
step 2780/11358 (24.5%) | loss 2.0799 | lr 1.80e-04 | ETA 635.9min
step 2790/11358 (24.6%) | loss 1.9360 | lr 1.80e-04 | ETA 635.0min
step 2800/11358 (24.7%) | loss 2.0285 | lr 1.80e-04 | ETA 637.1min
step 2810/11358 (24.7%) | loss 1.9791 | lr 1.79e-04 | ETA 634.8min
step 2820/11358 (24.8%) | loss 1.9396 | lr 1.79e-04 | ETA 633.8min
step 2830/11358 (24.9%) | loss 1.9133 | lr 1.79e-04 | ETA 633.1min
step 2840/11358 (25.0%) | loss 1.9803 | lr 1.79e-04 | ETA 631.9min
step 2850/11358 (25.1%) | loss 2.0292 | lr 1.79e-04 | ETA 631.2min
step 2860/11358 (25.2%) | loss 2.0008 | lr 1.79e-04 | ETA 632.0min
step 2870/11358 (25.3%) | loss 2.0413 | lr 1.78e-04 | ETA 629.4min
step 2880/11358 (25.4%) | loss 1.8816 | lr 1.78e-04 | ETA 627.0min
step 2890/11358 (25.4%) | loss 2.1224 | lr 1.78e-04 | ETA 630.7min
step 2900/11358 (25.5%) | loss 2.1325 | lr 1.78e-04 | ETA 628.0min
step 2910/11358 (25.6%) | loss 1.9630 | lr 1.78e-04 | ETA 629.1min
step 2920/11358 (25.7%) | loss 2.1121 | lr 1.77e-04 | ETA 626.7min
step 2930/11358 (25.8%) | loss 2.0851 | lr 1.77e-04 | ETA 624.2min
step 2940/11358 (25.9%) | loss 2.0536 | lr 1.77e-04 | ETA 625.0min
step 2950/11358 (26.0%) | loss 2.0654 | lr 1.77e-04 | ETA 624.9min
step 2960/11358 (26.1%) | loss 2.0547 | lr 1.77e-04 | ETA 620.8min
step 2970/11358 (26.1%) | loss 1.9523 | lr 1.77e-04 | ETA 622.2min
step 2980/11358 (26.2%) | loss 2.1315 | lr 1.76e-04 | ETA 619.1min
step 2990/11358 (26.3%) | loss 1.9280 | lr 1.76e-04 | ETA 620.5min
step 3000/11358 (26.4%) | loss 2.0886 | lr 1.76e-04 | ETA 620.1min
eval loss: 1.9468
best model saved (loss=1.9468)
step 3010/11358 (26.5%) | loss 2.0973 | lr 1.76e-04 | ETA 619.2min
step 3020/11358 (26.6%) | loss 1.9422 | lr 1.76e-04 | ETA 615.7min
step 3030/11358 (26.7%) | loss 1.9955 | lr 1.75e-04 | ETA 618.0min
step 3040/11358 (26.8%) | loss 1.8198 | lr 1.75e-04 | ETA 615.2min
step 3050/11358 (26.9%) | loss 2.1115 | lr 1.75e-04 | ETA 614.8min
step 3060/11358 (26.9%) | loss 2.0078 | lr 1.75e-04 | ETA 615.4min
step 3070/11358 (27.0%) | loss 1.9325 | lr 1.75e-04 | ETA 614.3min
step 3080/11358 (27.1%) | loss 2.0274 | lr 1.74e-04 | ETA 616.4min
step 3090/11358 (27.2%) | loss 2.0005 | lr 1.74e-04 | ETA 610.8min
step 3100/11358 (27.3%) | loss 1.7975 | lr 1.74e-04 | ETA 612.6min
step 3110/11358 (27.4%) | loss 1.8747 | lr 1.74e-04 | ETA 612.1min
step 3120/11358 (27.5%) | loss 1.9312 | lr 1.74e-04 | ETA 611.2min
step 3130/11358 (27.6%) | loss 1.9768 | lr 1.73e-04 | ETA 611.1min
step 3140/11358 (27.6%) | loss 2.1590 | lr 1.73e-04 | ETA 611.2min
step 3150/11358 (27.7%) | loss 2.1640 | lr 1.73e-04 | ETA 608.1min
step 3160/11358 (27.8%) | loss 2.0402 | lr 1.73e-04 | ETA 607.6min
step 3170/11358 (27.9%) | loss 1.8705 | lr 1.73e-04 | ETA 605.5min
step 3180/11358 (28.0%) | loss 2.0889 | lr 1.72e-04 | ETA 606.6min
step 3190/11358 (28.1%) | loss 2.0277 | lr 1.72e-04 | ETA 607.2min
step 3200/11358 (28.2%) | loss 2.0538 | lr 1.72e-04 | ETA 605.6min
step 3210/11358 (28.3%) | loss 1.8418 | lr 1.72e-04 | ETA 603.3min
step 3220/11358 (28.4%) | loss 1.9562 | lr 1.72e-04 | ETA 603.7min
step 3230/11358 (28.4%) | loss 1.8635 | lr 1.71e-04 | ETA 603.4min
step 3240/11358 (28.5%) | loss 1.8644 | lr 1.71e-04 | ETA 601.5min
step 3250/11358 (28.6%) | loss 2.0432 | lr 1.71e-04 | ETA 603.3min
step 3260/11358 (28.7%) | loss 1.8963 | lr 1.71e-04 | ETA 600.4min
step 3270/11358 (28.8%) | loss 2.1318 | lr 1.71e-04 | ETA 598.1min
step 3280/11358 (28.9%) | loss 1.9941 | lr 1.70e-04 | ETA 600.3min
step 3290/11358 (29.0%) | loss 1.9951 | lr 1.70e-04 | ETA 598.9min
step 3300/11358 (29.1%) | loss 1.8109 | lr 1.70e-04 | ETA 598.3min
step 3310/11358 (29.1%) | loss 1.9781 | lr 1.70e-04 | ETA 596.6min
step 3320/11358 (29.2%) | loss 1.9643 | lr 1.70e-04 | ETA 595.0min
step 3330/11358 (29.3%) | loss 1.8939 | lr 1.69e-04 | ETA 594.1min
step 3340/11358 (29.4%) | loss 1.9356 | lr 1.69e-04 | ETA 592.1min
step 3350/11358 (29.5%) | loss 2.1610 | lr 1.69e-04 | ETA 596.0min
step 3360/11358 (29.6%) | loss 1.9077 | lr 1.69e-04 | ETA 595.0min
step 3370/11358 (29.7%) | loss 1.9499 | lr 1.69e-04 | ETA 592.9min
step 3380/11358 (29.8%) | loss 2.0230 | lr 1.68e-04 | ETA 592.2min
step 3390/11358 (29.8%) | loss 1.9200 | lr 1.68e-04 | ETA 589.4min
step 3400/11358 (29.9%) | loss 1.9804 | lr 1.68e-04 | ETA 590.8min
step 3410/11358 (30.0%) | loss 2.0319 | lr 1.68e-04 | ETA 589.2min
step 3420/11358 (30.1%) | loss 2.0607 | lr 1.67e-04 | ETA 594.9min
step 3430/11358 (30.2%) | loss 1.9941 | lr 1.67e-04 | ETA 589.6min
step 3440/11358 (30.3%) | loss 1.8811 | lr 1.67e-04 | ETA 587.2min
step 3450/11358 (30.4%) | loss 1.9288 | lr 1.67e-04 | ETA 587.2min
step 3460/11358 (30.5%) | loss 1.9014 | lr 1.67e-04 | ETA 586.7min
step 3470/11358 (30.6%) | loss 1.9424 | lr 1.66e-04 | ETA 588.1min
step 3480/11358 (30.6%) | loss 2.0532 | lr 1.66e-04 | ETA 583.2min
step 3490/11358 (30.7%) | loss 1.8777 | lr 1.66e-04 | ETA 582.9min
step 3500/11358 (30.8%) | loss 1.7067 | lr 1.66e-04 | ETA 581.0min
eval loss: 1.9498
no improvement (1/5)
step 3510/11358 (30.9%) | loss 1.9340 | lr 1.65e-04 | ETA 584.0min
step 3520/11358 (31.0%) | loss 2.1059 | lr 1.65e-04 | ETA 582.5min
step 3530/11358 (31.1%) | loss 1.8803 | lr 1.65e-04 | ETA 579.8min
step 3540/11358 (31.2%) | loss 1.8166 | lr 1.65e-04 | ETA 582.7min
step 3550/11358 (31.3%) | loss 1.8604 | lr 1.65e-04 | ETA 579.4min
step 3560/11358 (31.3%) | loss 1.8677 | lr 1.64e-04 | ETA 578.7min
step 3570/11358 (31.4%) | loss 1.9828 | lr 1.64e-04 | ETA 577.6min
step 3580/11358 (31.5%) | loss 2.0230 | lr 1.64e-04 | ETA 578.1min
step 3590/11358 (31.6%) | loss 1.8991 | lr 1.64e-04 | ETA 579.4min
step 3600/11358 (31.7%) | loss 1.8704 | lr 1.63e-04 | ETA 574.9min
step 3610/11358 (31.8%) | loss 2.0089 | lr 1.63e-04 | ETA 575.7min
step 3620/11358 (31.9%) | loss 1.9767 | lr 1.63e-04 | ETA 574.7min
step 3630/11358 (32.0%) | loss 2.1389 | lr 1.63e-04 | ETA 572.5min
step 3640/11358 (32.0%) | loss 1.9932 | lr 1.63e-04 | ETA 570.5min
step 3650/11358 (32.1%) | loss 1.9921 | lr 1.62e-04 | ETA 573.9min
step 3660/11358 (32.2%) | loss 1.8492 | lr 1.62e-04 | ETA 571.5min
step 3670/11358 (32.3%) | loss 1.9603 | lr 1.62e-04 | ETA 569.9min
step 3680/11358 (32.4%) | loss 1.9371 | lr 1.62e-04 | ETA 568.5min
step 3690/11358 (32.5%) | loss 1.9366 | lr 1.61e-04 | ETA 567.9min
step 3700/11358 (32.6%) | loss 2.0003 | lr 1.61e-04 | ETA 567.0min
step 3710/11358 (32.7%) | loss 2.0300 | lr 1.61e-04 | ETA 570.6min
step 3720/11358 (32.8%) | loss 1.9106 | lr 1.61e-04 | ETA 566.3min
step 3730/11358 (32.8%) | loss 2.1256 | lr 1.61e-04 | ETA 565.6min
step 3740/11358 (32.9%) | loss 1.9166 | lr 1.60e-04 | ETA 565.5min
step 3750/11358 (33.0%) | loss 1.8969 | lr 1.60e-04 | ETA 565.0min
step 3760/11358 (33.1%) | loss 1.9699 | lr 1.60e-04 | ETA 567.3min
step 3770/11358 (33.2%) | loss 2.0120 | lr 1.60e-04 | ETA 562.7min
step 3780/11358 (33.3%) | loss 2.0219 | lr 1.59e-04 | ETA 560.3min

=== Epoch 2/3 ===
step 3790/11358 (33.4%) | loss 1.7805 | lr 1.59e-04 | ETA 534.3min
step 3800/11358 (33.5%) | loss 1.9962 | lr 1.59e-04 | ETA 560.7min
step 3810/11358 (33.5%) | loss 1.5627 | lr 1.59e-04 | ETA 559.8min
step 3820/11358 (33.6%) | loss 1.7960 | lr 1.58e-04 | ETA 559.2min
step 3830/11358 (33.7%) | loss 1.5589 | lr 1.58e-04 | ETA 559.5min
step 3840/11358 (33.8%) | loss 1.5745 | lr 1.58e-04 | ETA 557.0min
step 3850/11358 (33.9%) | loss 1.6047 | lr 1.58e-04 | ETA 555.7min
step 3860/11358 (34.0%) | loss 1.7658 | lr 1.57e-04 | ETA 556.1min
step 3870/11358 (34.1%) | loss 1.6187 | lr 1.57e-04 | ETA 555.7min
step 3880/11358 (34.2%) | loss 1.7422 | lr 1.57e-04 | ETA 556.3min
step 3890/11358 (34.2%) | loss 1.7766 | lr 1.57e-04 | ETA 556.0min
step 3900/11358 (34.3%) | loss 1.7797 | lr 1.57e-04 | ETA 552.4min
step 3910/11358 (34.4%) | loss 1.8463 | lr 1.56e-04 | ETA 552.6min
step 3920/11358 (34.5%) | loss 1.6757 | lr 1.56e-04 | ETA 549.0min
step 3930/11358 (34.6%) | loss 1.6484 | lr 1.56e-04 | ETA 551.6min
step 3940/11358 (34.7%) | loss 1.6765 | lr 1.56e-04 | ETA 551.7min
step 3950/11358 (34.8%) | loss 1.6016 | lr 1.55e-04 | ETA 553.1min
step 3960/11358 (34.9%) | loss 1.7700 | lr 1.55e-04 | ETA 546.4min
step 3970/11358 (35.0%) | loss 1.8854 | lr 1.55e-04 | ETA 547.4min
step 3980/11358 (35.0%) | loss 1.8042 | lr 1.55e-04 | ETA 547.8min
step 3990/11358 (35.1%) | loss 1.8221 | lr 1.54e-04 | ETA 544.9min
step 4000/11358 (35.2%) | loss 1.6983 | lr 1.54e-04 | ETA 547.4min
eval loss: 1.9522
no improvement (2/5)
step 4010/11358 (35.3%) | loss 1.6899 | lr 1.54e-04 | ETA 545.4min
step 4020/11358 (35.4%) | loss 1.6163 | lr 1.54e-04 | ETA 545.5min
step 4030/11358 (35.5%) | loss 1.4742 | lr 1.53e-04 | ETA 540.5min
step 4040/11358 (35.6%) | loss 1.7400 | lr 1.53e-04 | ETA 542.0min
step 4050/11358 (35.7%) | loss 1.8409 | lr 1.53e-04 | ETA 542.4min
step 4060/11358 (35.7%) | loss 1.6939 | lr 1.53e-04 | ETA 539.3min
step 4070/11358 (35.8%) | loss 1.7161 | lr 1.52e-04 | ETA 542.1min
step 4080/11358 (35.9%) | loss 1.7437 | lr 1.52e-04 | ETA 540.7min
step 4090/11358 (36.0%) | loss 1.6512 | lr 1.52e-04 | ETA 537.0min
step 4100/11358 (36.1%) | loss 1.6804 | lr 1.52e-04 | ETA 538.3min
step 4110/11358 (36.2%) | loss 1.6904 | lr 1.51e-04 | ETA 537.0min
step 4120/11358 (36.3%) | loss 1.7395 | lr 1.51e-04 | ETA 538.2min
step 4130/11358 (36.4%) | loss 1.5930 | lr 1.51e-04 | ETA 536.0min
step 4140/11358 (36.5%) | loss 1.7324 | lr 1.51e-04 | ETA 536.9min
step 4150/11358 (36.5%) | loss 1.7711 | lr 1.50e-04 | ETA 535.3min
step 4160/11358 (36.6%) | loss 1.8229 | lr 1.50e-04 | ETA 533.7min
step 4170/11358 (36.7%) | loss 1.5979 | lr 1.50e-04 | ETA 531.4min
step 4180/11358 (36.8%) | loss 1.6191 | lr 1.50e-04 | ETA 533.9min
step 4190/11358 (36.9%) | loss 1.7402 | lr 1.49e-04 | ETA 533.3min
step 4200/11358 (37.0%) | loss 1.8601 | lr 1.49e-04 | ETA 530.2min
step 4210/11358 (37.1%) | loss 1.6623 | lr 1.49e-04 | ETA 531.4min
step 4220/11358 (37.2%) | loss 1.7937 | lr 1.49e-04 | ETA 529.7min
step 4230/11358 (37.2%) | loss 1.8570 | lr 1.48e-04 | ETA 529.4min
step 4240/11358 (37.3%) | loss 1.4620 | lr 1.48e-04 | ETA 528.2min
step 4250/11358 (37.4%) | loss 1.5759 | lr 1.48e-04 | ETA 527.3min
step 4260/11358 (37.5%) | loss 1.7708 | lr 1.48e-04 | ETA 527.1min
step 4270/11358 (37.6%) | loss 1.6617 | lr 1.47e-04 | ETA 527.1min
step 4280/11358 (37.7%) | loss 1.7563 | lr 1.47e-04 | ETA 523.8min
step 4290/11358 (37.8%) | loss 1.7554 | lr 1.47e-04 | ETA 526.0min
step 4300/11358 (37.9%) | loss 1.6587 | lr 1.47e-04 | ETA 524.5min
step 4310/11358 (37.9%) | loss 1.7032 | lr 1.46e-04 | ETA 523.1min
step 4320/11358 (38.0%) | loss 1.6882 | lr 1.46e-04 | ETA 522.1min
step 4330/11358 (38.1%) | loss 1.7580 | lr 1.46e-04 | ETA 520.4min
step 4340/11358 (38.2%) | loss 1.7121 | lr 1.45e-04 | ETA 524.7min
step 4350/11358 (38.3%) | loss 1.7083 | lr 1.45e-04 | ETA 520.3min
step 4360/11358 (38.4%) | loss 1.6868 | lr 1.45e-04 | ETA 519.2min
step 4370/11358 (38.5%) | loss 1.6813 | lr 1.45e-04 | ETA 516.8min
step 4380/11358 (38.6%) | loss 1.6725 | lr 1.44e-04 | ETA 518.1min
step 4390/11358 (38.7%) | loss 1.7108 | lr 1.44e-04 | ETA 516.3min
step 4400/11358 (38.7%) | loss 1.7650 | lr 1.44e-04 | ETA 518.1min
step 4410/11358 (38.8%) | loss 1.7380 | lr 1.44e-04 | ETA 517.3min
step 4420/11358 (38.9%) | loss 1.6598 | lr 1.43e-04 | ETA 514.3min
step 4430/11358 (39.0%) | loss 1.6812 | lr 1.43e-04 | ETA 512.9min
step 4440/11358 (39.1%) | loss 1.7764 | lr 1.43e-04 | ETA 512.0min
step 4450/11358 (39.2%) | loss 1.8167 | lr 1.43e-04 | ETA 511.2min
step 4460/11358 (39.3%) | loss 1.5027 | lr 1.42e-04 | ETA 513.8min
step 4470/11358 (39.4%) | loss 1.7421 | lr 1.42e-04 | ETA 512.2min
step 4480/11358 (39.4%) | loss 1.8338 | lr 1.42e-04 | ETA 512.9min
step 4490/11358 (39.5%) | loss 1.7597 | lr 1.42e-04 | ETA 509.8min
step 4500/11358 (39.6%) | loss 1.7193 | lr 1.41e-04 | ETA 509.5min
eval loss: 1.9406
best model saved (loss=1.9406)
step 4510/11358 (39.7%) | loss 1.7765 | lr 1.41e-04 | ETA 507.4min
step 4520/11358 (39.8%) | loss 1.7195 | lr 1.41e-04 | ETA 507.0min
step 4530/11358 (39.9%) | loss 1.7621 | lr 1.41e-04 | ETA 507.8min
step 4540/11358 (40.0%) | loss 1.6700 | lr 1.40e-04 | ETA 507.7min
step 4550/11358 (40.1%) | loss 1.6781 | lr 1.40e-04 | ETA 504.2min
step 4560/11358 (40.1%) | loss 1.8396 | lr 1.40e-04 | ETA 502.9min
step 4570/11358 (40.2%) | loss 1.7022 | lr 1.39e-04 | ETA 502.0min
step 4580/11358 (40.3%) | loss 1.7359 | lr 1.39e-04 | ETA 505.3min
step 4590/11358 (40.4%) | loss 1.8262 | lr 1.39e-04 | ETA 501.2min
step 4600/11358 (40.5%) | loss 1.6905 | lr 1.39e-04 | ETA 499.9min
step 4610/11358 (40.6%) | loss 1.7741 | lr 1.38e-04 | ETA 499.2min
step 4620/11358 (40.7%) | loss 1.5942 | lr 1.38e-04 | ETA 498.8min
step 4630/11358 (40.8%) | loss 1.7246 | lr 1.38e-04 | ETA 500.6min
step 4640/11358 (40.9%) | loss 1.7480 | lr 1.38e-04 | ETA 499.7min
step 4650/11358 (40.9%) | loss 1.6704 | lr 1.37e-04 | ETA 498.5min
step 4660/11358 (41.0%) | loss 1.8803 | lr 1.37e-04 | ETA 497.2min
step 4670/11358 (41.1%) | loss 1.7491 | lr 1.37e-04 | ETA 496.1min
step 4680/11358 (41.2%) | loss 1.5458 | lr 1.36e-04 | ETA 496.8min
step 4690/11358 (41.3%) | loss 1.7116 | lr 1.36e-04 | ETA 493.5min
step 4700/11358 (41.4%) | loss 1.7752 | lr 1.36e-04 | ETA 495.1min
step 4710/11358 (41.5%) | loss 1.6890 | lr 1.36e-04 | ETA 493.3min
step 4720/11358 (41.6%) | loss 1.7437 | lr 1.35e-04 | ETA 492.4min
step 4730/11358 (41.6%) | loss 1.6979 | lr 1.35e-04 | ETA 493.1min
step 4740/11358 (41.7%) | loss 1.9186 | lr 1.35e-04 | ETA 493.0min
step 4750/11358 (41.8%) | loss 1.6359 | lr 1.35e-04 | ETA 490.4min
step 4760/11358 (41.9%) | loss 1.5697 | lr 1.34e-04 | ETA 488.6min
step 4770/11358 (42.0%) | loss 1.6046 | lr 1.34e-04 | ETA 489.4min
step 4780/11358 (42.1%) | loss 1.8845 | lr 1.34e-04 | ETA 486.7min
step 4790/11358 (42.2%) | loss 1.7818 | lr 1.33e-04 | ETA 485.5min
step 4800/11358 (42.3%) | loss 1.7488 | lr 1.33e-04 | ETA 489.2min
step 4810/11358 (42.3%) | loss 1.8431 | lr 1.33e-04 | ETA 485.1min
step 4820/11358 (42.4%) | loss 1.6027 | lr 1.33e-04 | ETA 485.3min
step 4830/11358 (42.5%) | loss 1.6555 | lr 1.32e-04 | ETA 485.1min
step 4840/11358 (42.6%) | loss 1.6581 | lr 1.32e-04 | ETA 484.5min
step 4850/11358 (42.7%) | loss 1.6724 | lr 1.32e-04 | ETA 482.2min
step 4860/11358 (42.8%) | loss 1.8291 | lr 1.32e-04 | ETA 482.4min
step 4870/11358 (42.9%) | loss 1.8642 | lr 1.31e-04 | ETA 482.9min
step 4880/11358 (43.0%) | loss 1.6255 | lr 1.31e-04 | ETA 480.8min
step 4890/11358 (43.1%) | loss 1.7360 | lr 1.31e-04 | ETA 479.3min
step 4900/11358 (43.1%) | loss 1.6631 | lr 1.30e-04 | ETA 479.5min
step 4910/11358 (43.2%) | loss 1.7070 | lr 1.30e-04 | ETA 479.8min
step 4920/11358 (43.3%) | loss 1.7186 | lr 1.30e-04 | ETA 478.1min
step 4930/11358 (43.4%) | loss 1.6788 | lr 1.30e-04 | ETA 475.5min
step 4940/11358 (43.5%) | loss 1.7125 | lr 1.29e-04 | ETA 477.1min
step 4950/11358 (43.6%) | loss 1.5570 | lr 1.29e-04 | ETA 476.9min
step 4960/11358 (43.7%) | loss 1.8121 | lr 1.29e-04 | ETA 475.4min
step 4970/11358 (43.8%) | loss 1.7444 | lr 1.28e-04 | ETA 477.1min
step 4980/11358 (43.8%) | loss 1.6460 | lr 1.28e-04 | ETA 474.2min
step 4990/11358 (43.9%) | loss 1.7212 | lr 1.28e-04 | ETA 473.2min
step 5000/11358 (44.0%) | loss 1.6079 | lr 1.28e-04 | ETA 472.2min
eval loss: 1.9615
no improvement (1/5)
step 5010/11358 (44.1%) | loss 1.6482 | lr 1.27e-04 | ETA 471.1min
step 5020/11358 (44.2%) | loss 1.7933 | lr 1.27e-04 | ETA 470.2min
step 5030/11358 (44.3%) | loss 1.6305 | lr 1.27e-04 | ETA 471.7min
step 5040/11358 (44.4%) | loss 1.5764 | lr 1.27e-04 | ETA 467.9min
step 5050/11358 (44.5%) | loss 1.8608 | lr 1.26e-04 | ETA 467.9min
step 5060/11358 (44.6%) | loss 1.7819 | lr 1.26e-04 | ETA 467.0min
step 5070/11358 (44.6%) | loss 1.5072 | lr 1.26e-04 | ETA 467.3min
step 5080/11358 (44.7%) | loss 1.8474 | lr 1.25e-04 | ETA 466.0min
step 5090/11358 (44.8%) | loss 1.7384 | lr 1.25e-04 | ETA 466.0min
step 5100/11358 (44.9%) | loss 1.7357 | lr 1.25e-04 | ETA 464.0min
step 5110/11358 (45.0%) | loss 1.7358 | lr 1.25e-04 | ETA 463.0min
step 5120/11358 (45.1%) | loss 1.7610 | lr 1.24e-04 | ETA 462.4min
step 5130/11358 (45.2%) | loss 1.6849 | lr 1.24e-04 | ETA 462.6min
step 5140/11358 (45.3%) | loss 1.6332 | lr 1.24e-04 | ETA 463.0min
step 5150/11358 (45.3%) | loss 1.6734 | lr 1.23e-04 | ETA 459.8min
step 5160/11358 (45.4%) | loss 1.6473 | lr 1.23e-04 | ETA 460.3min
step 5170/11358 (45.5%) | loss 1.8508 | lr 1.23e-04 | ETA 459.8min
step 5180/11358 (45.6%) | loss 1.6562 | lr 1.23e-04 | ETA 459.7min
step 5190/11358 (45.7%) | loss 1.7042 | lr 1.22e-04 | ETA 460.8min
step 5200/11358 (45.8%) | loss 1.8118 | lr 1.22e-04 | ETA 458.5min
step 5210/11358 (45.9%) | loss 1.7087 | lr 1.22e-04 | ETA 456.9min
step 5220/11358 (46.0%) | loss 1.5792 | lr 1.21e-04 | ETA 456.6min
step 5230/11358 (46.0%) | loss 1.5938 | lr 1.21e-04 | ETA 456.0min
step 5240/11358 (46.1%) | loss 1.7222 | lr 1.21e-04 | ETA 453.2min
step 5250/11358 (46.2%) | loss 1.7675 | lr 1.21e-04 | ETA 453.4min
step 5260/11358 (46.3%) | loss 1.7420 | lr 1.20e-04 | ETA 453.0min
step 5270/11358 (46.4%) | loss 1.7153 | lr 1.20e-04 | ETA 453.0min
step 5280/11358 (46.5%) | loss 1.6357 | lr 1.20e-04 | ETA 450.7min
step 5290/11358 (46.6%) | loss 1.6389 | lr 1.19e-04 | ETA 450.3min
step 5300/11358 (46.7%) | loss 1.5808 | lr 1.19e-04 | ETA 451.2min
step 5310/11358 (46.8%) | loss 1.6771 | lr 1.19e-04 | ETA 451.1min
step 5320/11358 (46.8%) | loss 1.8150 | lr 1.19e-04 | ETA 448.6min
step 5330/11358 (46.9%) | loss 1.6527 | lr 1.18e-04 | ETA 448.6min
step 5340/11358 (47.0%) | loss 1.7751 | lr 1.18e-04 | ETA 445.8min
step 5350/11358 (47.1%) | loss 1.6632 | lr 1.18e-04 | ETA 446.4min
step 5360/11358 (47.2%) | loss 1.6053 | lr 1.17e-04 | ETA 446.5min
step 5370/11358 (47.3%) | loss 1.6290 | lr 1.17e-04 | ETA 447.2min
step 5380/11358 (47.4%) | loss 1.5807 | lr 1.17e-04 | ETA 444.5min
step 5390/11358 (47.5%) | loss 1.7275 | lr 1.17e-04 | ETA 441.8min
step 5400/11358 (47.5%) | loss 1.6491 | lr 1.16e-04 | ETA 442.6min
step 5410/11358 (47.6%) | loss 1.6648 | lr 1.16e-04 | ETA 440.3min
step 5420/11358 (47.7%) | loss 1.7988 | lr 1.16e-04 | ETA 442.7min
step 5430/11358 (47.8%) | loss 1.8183 | lr 1.15e-04 | ETA 438.1min
step 5440/11358 (47.9%) | loss 1.7404 | lr 1.15e-04 | ETA 437.9min
step 5450/11358 (48.0%) | loss 1.5841 | lr 1.15e-04 | ETA 437.7min
step 5460/11358 (48.1%) | loss 1.7822 | lr 1.15e-04 | ETA 438.5min
step 5470/11358 (48.2%) | loss 1.6131 | lr 1.14e-04 | ETA 436.9min
step 5480/11358 (48.2%) | loss 1.7017 | lr 1.14e-04 | ETA 438.2min
step 5490/11358 (48.3%) | loss 1.5775 | lr 1.14e-04 | ETA 434.9min
step 5500/11358 (48.4%) | loss 1.7765 | lr 1.13e-04 | ETA 435.0min
eval loss: 1.9581
no improvement (2/5)
step 5510/11358 (48.5%) | loss 1.7879 | lr 1.13e-04 | ETA 434.0min
step 5520/11358 (48.6%) | loss 1.6980 | lr 1.13e-04 | ETA 435.3min
step 5530/11358 (48.7%) | loss 1.8060 | lr 1.13e-04 | ETA 432.8min
step 5540/11358 (48.8%) | loss 1.7184 | lr 1.12e-04 | ETA 433.3min
step 5550/11358 (48.9%) | loss 1.7229 | lr 1.12e-04 | ETA 430.9min
step 5560/11358 (49.0%) | loss 1.6846 | lr 1.12e-04 | ETA 429.8min
step 5570/11358 (49.0%) | loss 1.7006 | lr 1.11e-04 | ETA 428.9min
step 5580/11358 (49.1%) | loss 1.6504 | lr 1.11e-04 | ETA 431.2min
step 5590/11358 (49.2%) | loss 1.6277 | lr 1.11e-04 | ETA 429.0min
step 5600/11358 (49.3%) | loss 1.5474 | lr 1.11e-04 | ETA 427.6min
step 5610/11358 (49.4%) | loss 1.6357 | lr 1.10e-04 | ETA 426.5min
step 5620/11358 (49.5%) | loss 1.6252 | lr 1.10e-04 | ETA 425.6min
step 5630/11358 (49.6%) | loss 1.7576 | lr 1.10e-04 | ETA 425.0min
step 5640/11358 (49.7%) | loss 1.6424 | lr 1.09e-04 | ETA 425.8min
step 5650/11358 (49.7%) | loss 1.7139 | lr 1.09e-04 | ETA 422.2min
step 5660/11358 (49.8%) | loss 1.7778 | lr 1.09e-04 | ETA 424.6min
step 5670/11358 (49.9%) | loss 1.7128 | lr 1.09e-04 | ETA 421.5min
step 5680/11358 (50.0%) | loss 1.8440 | lr 1.08e-04 | ETA 421.6min
step 5690/11358 (50.1%) | loss 1.7464 | lr 1.08e-04 | ETA 423.0min
step 5700/11358 (50.2%) | loss 1.6719 | lr 1.08e-04 | ETA 420.4min
step 5710/11358 (50.3%) | loss 1.8578 | lr 1.07e-04 | ETA 418.1min
step 5720/11358 (50.4%) | loss 1.7393 | lr 1.07e-04 | ETA 417.4min
step 5730/11358 (50.4%) | loss 1.8754 | lr 1.07e-04 | ETA 416.2min
step 5740/11358 (50.5%) | loss 1.6403 | lr 1.06e-04 | ETA 416.4min
step 5750/11358 (50.6%) | loss 1.6405 | lr 1.06e-04 | ETA 417.9min
step 5760/11358 (50.7%) | loss 1.8725 | lr 1.06e-04 | ETA 416.6min
step 5770/11358 (50.8%) | loss 1.6052 | lr 1.06e-04 | ETA 413.8min
step 5780/11358 (50.9%) | loss 1.4247 | lr 1.05e-04 | ETA 414.8min
step 5790/11358 (51.0%) | loss 1.7424 | lr 1.05e-04 | ETA 413.5min
step 5800/11358 (51.1%) | loss 1.9487 | lr 1.05e-04 | ETA 413.9min
step 5810/11358 (51.2%) | loss 1.6166 | lr 1.04e-04 | ETA 409.5min
step 5820/11358 (51.2%) | loss 1.8088 | lr 1.04e-04 | ETA 411.0min
step 5830/11358 (51.3%) | loss 1.6027 | lr 1.04e-04 | ETA 409.9min
step 5840/11358 (51.4%) | loss 1.5774 | lr 1.04e-04 | ETA 411.1min
step 5850/11358 (51.5%) | loss 1.7664 | lr 1.03e-04 | ETA 410.3min
step 5860/11358 (51.6%) | loss 1.7557 | lr 1.03e-04 | ETA 409.4min
step 5870/11358 (51.7%) | loss 1.7114 | lr 1.03e-04 | ETA 408.4min
step 5880/11358 (51.8%) | loss 1.6325 | lr 1.02e-04 | ETA 407.1min
step 5890/11358 (51.9%) | loss 1.7922 | lr 1.02e-04 | ETA 407.4min
step 5900/11358 (51.9%) | loss 1.7770 | lr 1.02e-04 | ETA 407.1min
step 5910/11358 (52.0%) | loss 1.6386 | lr 1.02e-04 | ETA 408.9min
step 5920/11358 (52.1%) | loss 1.7389 | lr 1.01e-04 | ETA 405.4min
step 5930/11358 (52.2%) | loss 1.7058 | lr 1.01e-04 | ETA 405.0min
step 5940/11358 (52.3%) | loss 1.7910 | lr 1.01e-04 | ETA 403.8min
step 5950/11358 (52.4%) | loss 1.6193 | lr 1.00e-04 | ETA 402.3min
step 5960/11358 (52.5%) | loss 1.6858 | lr 1.00e-04 | ETA 402.2min
step 5970/11358 (52.6%) | loss 1.7186 | lr 9.98e-05 | ETA 402.5min
step 5980/11358 (52.7%) | loss 1.6617 | lr 9.95e-05 | ETA 401.1min
step 5990/11358 (52.7%) | loss 1.7039 | lr 9.92e-05 | ETA 401.0min
step 6000/11358 (52.8%) | loss 1.8689 | lr 9.89e-05 | ETA 399.0min
eval loss: 1.9364
best model saved (loss=1.9364)
step 6010/11358 (52.9%) | loss 1.7532 | lr 9.86e-05 | ETA 399.8min
step 6020/11358 (53.0%) | loss 1.9282 | lr 9.83e-05 | ETA 397.5min
step 6030/11358 (53.1%) | loss 1.5918 | lr 9.80e-05 | ETA 397.1min
step 6040/11358 (53.2%) | loss 1.6547 | lr 9.77e-05 | ETA 395.8min
step 6050/11358 (53.3%) | loss 1.6435 | lr 9.75e-05 | ETA 396.0min
step 6060/11358 (53.4%) | loss 1.7598 | lr 9.72e-05 | ETA 394.1min
step 6070/11358 (53.4%) | loss 1.6218 | lr 9.69e-05 | ETA 393.3min
step 6080/11358 (53.5%) | loss 1.7619 | lr 9.66e-05 | ETA 392.0min
step 6090/11358 (53.6%) | loss 1.8326 | lr 9.63e-05 | ETA 392.1min
step 6100/11358 (53.7%) | loss 1.6172 | lr 9.60e-05 | ETA 389.3min
step 6110/11358 (53.8%) | loss 1.8137 | lr 9.57e-05 | ETA 390.3min
step 6120/11358 (53.9%) | loss 1.5654 | lr 9.54e-05 | ETA 389.7min
step 6130/11358 (54.0%) | loss 1.6604 | lr 9.51e-05 | ETA 387.7min
step 6140/11358 (54.1%) | loss 1.5711 | lr 9.48e-05 | ETA 386.3min
step 6150/11358 (54.1%) | loss 1.7842 | lr 9.45e-05 | ETA 386.5min
step 6160/11358 (54.2%) | loss 1.5874 | lr 9.43e-05 | ETA 385.6min
step 6170/11358 (54.3%) | loss 1.7558 | lr 9.40e-05 | ETA 384.4min
step 6180/11358 (54.4%) | loss 1.4847 | lr 9.37e-05 | ETA 385.3min
step 6190/11358 (54.5%) | loss 1.5578 | lr 9.34e-05 | ETA 386.8min
step 6200/11358 (54.6%) | loss 1.7264 | lr 9.31e-05 | ETA 384.4min
step 6210/11358 (54.7%) | loss 1.5147 | lr 9.28e-05 | ETA 380.9min
step 6220/11358 (54.8%) | loss 1.6971 | lr 9.25e-05 | ETA 382.3min
step 6230/11358 (54.9%) | loss 1.7114 | lr 9.22e-05 | ETA 381.1min
step 6240/11358 (54.9%) | loss 1.6919 | lr 9.19e-05 | ETA 381.2min
step 6250/11358 (55.0%) | loss 1.7313 | lr 9.16e-05 | ETA 381.1min
step 6260/11358 (55.1%) | loss 1.7176 | lr 9.13e-05 | ETA 379.4min
step 6270/11358 (55.2%) | loss 1.5792 | lr 9.11e-05 | ETA 378.0min
step 6280/11358 (55.3%) | loss 1.7138 | lr 9.08e-05 | ETA 376.1min
step 6290/11358 (55.4%) | loss 1.7236 | lr 9.05e-05 | ETA 379.5min
step 6300/11358 (55.5%) | loss 1.5275 | lr 9.02e-05 | ETA 380.7min
step 6310/11358 (55.6%) | loss 1.5363 | lr 8.99e-05 | ETA 373.9min
step 6320/11358 (55.6%) | loss 1.6066 | lr 8.96e-05 | ETA 373.6min
step 6330/11358 (55.7%) | loss 1.6739 | lr 8.93e-05 | ETA 373.3min
step 6340/11358 (55.8%) | loss 1.6433 | lr 8.90e-05 | ETA 372.3min
step 6350/11358 (55.9%) | loss 1.7373 | lr 8.87e-05 | ETA 373.2min
step 6360/11358 (56.0%) | loss 1.6987 | lr 8.85e-05 | ETA 370.7min
step 6370/11358 (56.1%) | loss 1.8274 | lr 8.82e-05 | ETA 369.6min
step 6380/11358 (56.2%) | loss 1.7529 | lr 8.79e-05 | ETA 369.2min
step 6390/11358 (56.3%) | loss 1.8327 | lr 8.76e-05 | ETA 367.9min
step 6400/11358 (56.3%) | loss 1.6941 | lr 8.73e-05 | ETA 369.4min
step 6410/11358 (56.4%) | loss 1.6696 | lr 8.70e-05 | ETA 367.4min
step 6420/11358 (56.5%) | loss 1.7919 | lr 8.67e-05 | ETA 366.7min
step 6430/11358 (56.6%) | loss 1.4584 | lr 8.64e-05 | ETA 366.5min
step 6440/11358 (56.7%) | loss 1.6987 | lr 8.61e-05 | ETA 365.5min
step 6450/11358 (56.8%) | loss 1.6798 | lr 8.59e-05 | ETA 363.4min
step 6460/11358 (56.9%) | loss 1.6836 | lr 8.56e-05 | ETA 363.9min
step 6470/11358 (57.0%) | loss 1.7646 | lr 8.53e-05 | ETA 361.3min
step 6480/11358 (57.1%) | loss 1.6837 | lr 8.50e-05 | ETA 360.0min
step 6490/11358 (57.1%) | loss 1.6989 | lr 8.47e-05 | ETA 360.4min
step 6500/11358 (57.2%) | loss 1.6979 | lr 8.44e-05 | ETA 359.4min
eval loss: 1.9359
best model saved (loss=1.9359)
step 6510/11358 (57.3%) | loss 1.6509 | lr 8.41e-05 | ETA 360.7min
step 6520/11358 (57.4%) | loss 1.7409 | lr 8.38e-05 | ETA 357.4min
step 6530/11358 (57.5%) | loss 1.6103 | lr 8.36e-05 | ETA 358.2min
step 6540/11358 (57.6%) | loss 1.8129 | lr 8.33e-05 | ETA 357.6min
step 6550/11358 (57.7%) | loss 1.7328 | lr 8.30e-05 | ETA 356.6min
step 6560/11358 (57.8%) | loss 1.6863 | lr 8.27e-05 | ETA 353.6min
step 6570/11358 (57.8%) | loss 1.8617 | lr 8.24e-05 | ETA 355.6min
step 6580/11358 (57.9%) | loss 1.7100 | lr 8.21e-05 | ETA 354.4min
step 6590/11358 (58.0%) | loss 1.5282 | lr 8.18e-05 | ETA 353.2min
step 6600/11358 (58.1%) | loss 1.7102 | lr 8.15e-05 | ETA 352.1min
step 6610/11358 (58.2%) | loss 1.6481 | lr 8.13e-05 | ETA 350.4min
step 6620/11358 (58.3%) | loss 1.6893 | lr 8.10e-05 | ETA 350.9min
step 6630/11358 (58.4%) | loss 1.7712 | lr 8.07e-05 | ETA 350.7min
step 6640/11358 (58.5%) | loss 1.6784 | lr 8.04e-05 | ETA 348.9min
step 6650/11358 (58.5%) | loss 1.7393 | lr 8.01e-05 | ETA 349.3min
step 6660/11358 (58.6%) | loss 1.4961 | lr 7.98e-05 | ETA 348.3min
step 6670/11358 (58.7%) | loss 1.5883 | lr 7.95e-05 | ETA 347.8min
step 6680/11358 (58.8%) | loss 1.6120 | lr 7.93e-05 | ETA 345.8min
step 6690/11358 (58.9%) | loss 1.6459 | lr 7.90e-05 | ETA 344.7min
step 6700/11358 (59.0%) | loss 1.6476 | lr 7.87e-05 | ETA 344.0min
step 6710/11358 (59.1%) | loss 1.6632 | lr 7.84e-05 | ETA 343.3min
step 6720/11358 (59.2%) | loss 1.7029 | lr 7.81e-05 | ETA 343.7min
step 6730/11358 (59.3%) | loss 1.5495 | lr 7.78e-05 | ETA 343.2min
step 6740/11358 (59.3%) | loss 1.5428 | lr 7.76e-05 | ETA 343.6min
step 6750/11358 (59.4%) | loss 1.6595 | lr 7.73e-05 | ETA 341.6min
step 6760/11358 (59.5%) | loss 1.7108 | lr 7.70e-05 | ETA 340.2min
step 6770/11358 (59.6%) | loss 1.7777 | lr 7.67e-05 | ETA 339.1min
step 6780/11358 (59.7%) | loss 1.7796 | lr 7.64e-05 | ETA 339.7min
step 6790/11358 (59.8%) | loss 1.7106 | lr 7.61e-05 | ETA 339.8min
step 6800/11358 (59.9%) | loss 1.6458 | lr 7.59e-05 | ETA 339.3min
step 6810/11358 (60.0%) | loss 1.4658 | lr 7.56e-05 | ETA 335.9min
step 6820/11358 (60.0%) | loss 1.7009 | lr 7.53e-05 | ETA 336.3min
step 6830/11358 (60.1%) | loss 1.6730 | lr 7.50e-05 | ETA 334.8min
step 6840/11358 (60.2%) | loss 1.8175 | lr 7.47e-05 | ETA 333.7min
step 6850/11358 (60.3%) | loss 1.8211 | lr 7.44e-05 | ETA 333.9min
step 6860/11358 (60.4%) | loss 1.6562 | lr 7.42e-05 | ETA 332.5min
step 6870/11358 (60.5%) | loss 1.6597 | lr 7.39e-05 | ETA 332.0min
step 6880/11358 (60.6%) | loss 1.6761 | lr 7.36e-05 | ETA 331.6min
step 6890/11358 (60.7%) | loss 1.6140 | lr 7.33e-05 | ETA 330.2min
step 6900/11358 (60.8%) | loss 1.6144 | lr 7.30e-05 | ETA 332.0min
step 6910/11358 (60.8%) | loss 1.7588 | lr 7.28e-05 | ETA 331.1min
step 6920/11358 (60.9%) | loss 1.5422 | lr 7.25e-05 | ETA 328.5min
step 6930/11358 (61.0%) | loss 1.6297 | lr 7.22e-05 | ETA 327.0min
step 6940/11358 (61.1%) | loss 1.6433 | lr 7.19e-05 | ETA 326.9min
step 6950/11358 (61.2%) | loss 1.6322 | lr 7.16e-05 | ETA 327.2min
step 6960/11358 (61.3%) | loss 1.5146 | lr 7.14e-05 | ETA 328.4min
step 6970/11358 (61.4%) | loss 1.7685 | lr 7.11e-05 | ETA 326.6min
step 6980/11358 (61.5%) | loss 1.5839 | lr 7.08e-05 | ETA 325.1min
step 6990/11358 (61.5%) | loss 1.6280 | lr 7.05e-05 | ETA 324.4min
step 7000/11358 (61.6%) | loss 1.6984 | lr 7.03e-05 | ETA 323.0min
eval loss: 1.9230
best model saved (loss=1.9230)
step 7010/11358 (61.7%) | loss 1.7058 | lr 7.00e-05 | ETA 324.6min
step 7020/11358 (61.8%) | loss 1.6357 | lr 6.97e-05 | ETA 322.1min
step 7030/11358 (61.9%) | loss 1.8482 | lr 6.94e-05 | ETA 320.9min
step 7040/11358 (62.0%) | loss 1.6991 | lr 6.91e-05 | ETA 320.8min
step 7050/11358 (62.1%) | loss 1.7671 | lr 6.89e-05 | ETA 319.7min
step 7060/11358 (62.2%) | loss 1.6473 | lr 6.86e-05 | ETA 318.5min
step 7070/11358 (62.2%) | loss 1.7408 | lr 6.83e-05 | ETA 319.7min
step 7080/11358 (62.3%) | loss 1.7946 | lr 6.80e-05 | ETA 318.3min
step 7090/11358 (62.4%) | loss 1.7466 | lr 6.78e-05 | ETA 316.3min
step 7100/11358 (62.5%) | loss 1.7708 | lr 6.75e-05 | ETA 316.0min
step 7110/11358 (62.6%) | loss 1.6542 | lr 6.72e-05 | ETA 316.0min
step 7120/11358 (62.7%) | loss 1.7516 | lr 6.69e-05 | ETA 314.8min
step 7130/11358 (62.8%) | loss 1.5880 | lr 6.67e-05 | ETA 314.6min
step 7140/11358 (62.9%) | loss 1.7914 | lr 6.64e-05 | ETA 312.3min
step 7150/11358 (63.0%) | loss 1.5925 | lr 6.61e-05 | ETA 311.7min
step 7160/11358 (63.0%) | loss 1.6113 | lr 6.58e-05 | ETA 311.2min
step 7170/11358 (63.1%) | loss 1.6225 | lr 6.56e-05 | ETA 311.0min
step 7180/11358 (63.2%) | loss 1.8254 | lr 6.53e-05 | ETA 310.2min
step 7190/11358 (63.3%) | loss 1.6810 | lr 6.50e-05 | ETA 310.8min
step 7200/11358 (63.4%) | loss 1.6157 | lr 6.47e-05 | ETA 308.2min
step 7210/11358 (63.5%) | loss 1.7658 | lr 6.45e-05 | ETA 307.2min
step 7220/11358 (63.6%) | loss 1.5889 | lr 6.42e-05 | ETA 306.1min
step 7230/11358 (63.7%) | loss 1.6755 | lr 6.39e-05 | ETA 306.0min
step 7240/11358 (63.7%) | loss 1.5419 | lr 6.37e-05 | ETA 307.1min
step 7250/11358 (63.8%) | loss 1.8338 | lr 6.34e-05 | ETA 304.6min
step 7260/11358 (63.9%) | loss 1.6110 | lr 6.31e-05 | ETA 303.6min
step 7270/11358 (64.0%) | loss 1.7578 | lr 6.28e-05 | ETA 303.9min
step 7280/11358 (64.1%) | loss 1.7941 | lr 6.26e-05 | ETA 302.7min
step 7290/11358 (64.2%) | loss 1.6720 | lr 6.23e-05 | ETA 301.7min
step 7300/11358 (64.3%) | loss 1.5802 | lr 6.20e-05 | ETA 301.6min
step 7310/11358 (64.4%) | loss 1.7460 | lr 6.18e-05 | ETA 301.1min
step 7320/11358 (64.4%) | loss 1.6066 | lr 6.15e-05 | ETA 299.1min
step 7330/11358 (64.5%) | loss 1.7624 | lr 6.12e-05 | ETA 298.4min
step 7340/11358 (64.6%) | loss 1.7068 | lr 6.10e-05 | ETA 297.7min
step 7350/11358 (64.7%) | loss 1.7299 | lr 6.07e-05 | ETA 298.4min
step 7360/11358 (64.8%) | loss 1.5636 | lr 6.04e-05 | ETA 295.9min
step 7370/11358 (64.9%) | loss 1.6115 | lr 6.02e-05 | ETA 295.9min
step 7380/11358 (65.0%) | loss 1.6502 | lr 5.99e-05 | ETA 295.8min
step 7390/11358 (65.1%) | loss 1.6174 | lr 5.96e-05 | ETA 295.0min
step 7400/11358 (65.2%) | loss 1.7650 | lr 5.94e-05 | ETA 295.1min
step 7410/11358 (65.2%) | loss 1.6343 | lr 5.91e-05 | ETA 292.7min
step 7420/11358 (65.3%) | loss 1.9136 | lr 5.88e-05 | ETA 292.7min
step 7430/11358 (65.4%) | loss 1.7852 | lr 5.86e-05 | ETA 291.7min
step 7440/11358 (65.5%) | loss 1.5996 | lr 5.83e-05 | ETA 290.6min
step 7450/11358 (65.6%) | loss 1.5753 | lr 5.80e-05 | ETA 289.3min
step 7460/11358 (65.7%) | loss 1.5694 | lr 5.78e-05 | ETA 289.6min
step 7470/11358 (65.8%) | loss 1.8768 | lr 5.75e-05 | ETA 287.8min
step 7480/11358 (65.9%) | loss 1.5120 | lr 5.72e-05 | ETA 289.1min
step 7490/11358 (65.9%) | loss 1.5711 | lr 5.70e-05 | ETA 286.7min
step 7500/11358 (66.0%) | loss 1.6204 | lr 5.67e-05 | ETA 285.8min
eval loss: 1.9093
best model saved (loss=1.9093)
step 7510/11358 (66.1%) | loss 1.7150 | lr 5.65e-05 | ETA 286.4min
step 7520/11358 (66.2%) | loss 1.5397 | lr 5.62e-05 | ETA 285.0min
step 7530/11358 (66.3%) | loss 1.5410 | lr 5.59e-05 | ETA 283.8min
step 7540/11358 (66.4%) | loss 1.6354 | lr 5.57e-05 | ETA 283.0min
step 7550/11358 (66.5%) | loss 1.8117 | lr 5.54e-05 | ETA 282.5min
step 7560/11358 (66.6%) | loss 1.7606 | lr 5.52e-05 | ETA 281.9min
step 7570/11358 (66.6%) | loss 1.7471 | lr 5.49e-05 | ETA 282.2min

=== Epoch 3/3 ===
step 7580/11358 (66.7%) | loss 1.2963 | lr 5.46e-05 | ETA 264.9min
step 7590/11358 (66.8%) | loss 1.3484 | lr 5.44e-05 | ETA 280.4min
step 7600/11358 (66.9%) | loss 1.3044 | lr 5.41e-05 | ETA 278.4min
step 7610/11358 (67.0%) | loss 1.3658 | lr 5.39e-05 | ETA 278.5min
step 7620/11358 (67.1%) | loss 1.4643 | lr 5.36e-05 | ETA 278.0min
step 7630/11358 (67.2%) | loss 1.3780 | lr 5.33e-05 | ETA 276.8min
step 7640/11358 (67.3%) | loss 1.1662 | lr 5.31e-05 | ETA 277.0min
step 7650/11358 (67.4%) | loss 1.3607 | lr 5.28e-05 | ETA 274.8min
step 7660/11358 (67.4%) | loss 1.2741 | lr 5.26e-05 | ETA 273.5min
step 7670/11358 (67.5%) | loss 1.2619 | lr 5.23e-05 | ETA 274.4min
step 7680/11358 (67.6%) | loss 1.4350 | lr 5.21e-05 | ETA 272.8min
step 7690/11358 (67.7%) | loss 1.2589 | lr 5.18e-05 | ETA 271.9min
step 7700/11358 (67.8%) | loss 1.2814 | lr 5.15e-05 | ETA 273.1min
step 7710/11358 (67.9%) | loss 1.3811 | lr 5.13e-05 | ETA 271.0min
step 7720/11358 (68.0%) | loss 1.2822 | lr 5.10e-05 | ETA 269.9min
step 7730/11358 (68.1%) | loss 1.4435 | lr 5.08e-05 | ETA 268.6min
step 7740/11358 (68.1%) | loss 1.2450 | lr 5.05e-05 | ETA 268.1min
step 7750/11358 (68.2%) | loss 1.3806 | lr 5.03e-05 | ETA 269.0min
step 7760/11358 (68.3%) | loss 1.2526 | lr 5.00e-05 | ETA 266.2min
step 7770/11358 (68.4%) | loss 1.4224 | lr 4.98e-05 | ETA 267.3min
step 7780/11358 (68.5%) | loss 1.5315 | lr 4.95e-05 | ETA 265.4min
step 7790/11358 (68.6%) | loss 1.3837 | lr 4.93e-05 | ETA 264.7min
step 7800/11358 (68.7%) | loss 1.3040 | lr 4.90e-05 | ETA 265.8min
step 7810/11358 (68.8%) | loss 1.3386 | lr 4.88e-05 | ETA 262.2min
step 7820/11358 (68.9%) | loss 1.3588 | lr 4.85e-05 | ETA 261.6min
step 7830/11358 (68.9%) | loss 1.4524 | lr 4.83e-05 | ETA 261.4min
step 7840/11358 (69.0%) | loss 1.3371 | lr 4.80e-05 | ETA 262.0min
step 7850/11358 (69.1%) | loss 1.3585 | lr 4.78e-05 | ETA 260.8min
step 7860/11358 (69.2%) | loss 1.3915 | lr 4.75e-05 | ETA 260.4min
step 7870/11358 (69.3%) | loss 1.2573 | lr 4.73e-05 | ETA 259.0min
step 7880/11358 (69.4%) | loss 1.4753 | lr 4.70e-05 | ETA 258.6min
step 7890/11358 (69.5%) | loss 1.3452 | lr 4.68e-05 | ETA 256.7min
step 7900/11358 (69.6%) | loss 1.2302 | lr 4.65e-05 | ETA 257.1min
step 7910/11358 (69.6%) | loss 1.3501 | lr 4.63e-05 | ETA 257.4min
step 7920/11358 (69.7%) | loss 1.2494 | lr 4.60e-05 | ETA 255.2min
step 7930/11358 (69.8%) | loss 1.4621 | lr 4.58e-05 | ETA 253.5min
step 7940/11358 (69.9%) | loss 1.3301 | lr 4.56e-05 | ETA 253.9min
step 7950/11358 (70.0%) | loss 1.3224 | lr 4.53e-05 | ETA 253.0min
step 7960/11358 (70.1%) | loss 1.2554 | lr 4.51e-05 | ETA 251.4min
step 7970/11358 (70.2%) | loss 1.4057 | lr 4.48e-05 | ETA 252.4min
step 7980/11358 (70.3%) | loss 1.2309 | lr 4.46e-05 | ETA 250.0min
step 7990/11358 (70.3%) | loss 1.3720 | lr 4.43e-05 | ETA 249.3min
step 8000/11358 (70.4%) | loss 1.1930 | lr 4.41e-05 | ETA 249.1min
eval loss: 2.0234
no improvement (1/5)
step 8010/11358 (70.5%) | loss 1.4864 | lr 4.39e-05 | ETA 248.4min
step 8020/11358 (70.6%) | loss 1.3236 | lr 4.36e-05 | ETA 248.8min
step 8030/11358 (70.7%) | loss 1.3618 | lr 4.34e-05 | ETA 246.7min
step 8040/11358 (70.8%) | loss 1.2920 | lr 4.31e-05 | ETA 245.6min
step 8050/11358 (70.9%) | loss 1.3830 | lr 4.29e-05 | ETA 244.6min
step 8060/11358 (71.0%) | loss 1.3185 | lr 4.27e-05 | ETA 244.8min
step 8070/11358 (71.1%) | loss 1.2771 | lr 4.24e-05 | ETA 245.0min
step 8080/11358 (71.1%) | loss 1.2936 | lr 4.22e-05 | ETA 243.9min
step 8090/11358 (71.2%) | loss 1.1687 | lr 4.19e-05 | ETA 242.4min
step 8100/11358 (71.3%) | loss 1.1502 | lr 4.17e-05 | ETA 241.6min
step 8110/11358 (71.4%) | loss 1.2580 | lr 4.15e-05 | ETA 241.0min
step 8120/11358 (71.5%) | loss 1.2262 | lr 4.12e-05 | ETA 240.6min
step 8130/11358 (71.6%) | loss 1.3319 | lr 4.10e-05 | ETA 239.9min
step 8140/11358 (71.7%) | loss 1.3704 | lr 4.08e-05 | ETA 238.6min
step 8150/11358 (71.8%) | loss 1.3852 | lr 4.05e-05 | ETA 238.7min
step 8160/11358 (71.8%) | loss 1.3904 | lr 4.03e-05 | ETA 237.1min
step 8170/11358 (71.9%) | loss 1.2359 | lr 4.01e-05 | ETA 237.1min
step 8180/11358 (72.0%) | loss 1.4355 | lr 3.98e-05 | ETA 236.1min
step 8190/11358 (72.1%) | loss 1.4113 | lr 3.96e-05 | ETA 235.9min
step 8200/11358 (72.2%) | loss 1.2583 | lr 3.94e-05 | ETA 235.3min
step 8210/11358 (72.3%) | loss 1.2122 | lr 3.91e-05 | ETA 233.5min
step 8220/11358 (72.4%) | loss 1.4850 | lr 3.89e-05 | ETA 232.6min
step 8230/11358 (72.5%) | loss 1.2632 | lr 3.87e-05 | ETA 232.9min
step 8240/11358 (72.5%) | loss 1.2902 | lr 3.84e-05 | ETA 231.6min
step 8250/11358 (72.6%) | loss 1.2568 | lr 3.82e-05 | ETA 232.0min
step 8260/11358 (72.7%) | loss 1.3085 | lr 3.80e-05 | ETA 229.8min
step 8270/11358 (72.8%) | loss 1.4121 | lr 3.78e-05 | ETA 228.7min
step 8280/11358 (72.9%) | loss 1.1558 | lr 3.75e-05 | ETA 228.2min
step 8290/11358 (73.0%) | loss 1.3675 | lr 3.73e-05 | ETA 227.3min
step 8300/11358 (73.1%) | loss 1.2733 | lr 3.71e-05 | ETA 228.3min
step 8310/11358 (73.2%) | loss 1.3554 | lr 3.69e-05 | ETA 226.0min
step 8320/11358 (73.3%) | loss 1.3707 | lr 3.66e-05 | ETA 225.0min
step 8330/11358 (73.3%) | loss 1.1480 | lr 3.64e-05 | ETA 224.2min
step 8340/11358 (73.4%) | loss 1.3200 | lr 3.62e-05 | ETA 222.9min
step 8350/11358 (73.5%) | loss 1.3538 | lr 3.60e-05 | ETA 222.9min
step 8360/11358 (73.6%) | loss 1.4423 | lr 3.57e-05 | ETA 223.3min
step 8370/11358 (73.7%) | loss 1.3774 | lr 3.55e-05 | ETA 222.2min
step 8380/11358 (73.8%) | loss 1.4304 | lr 3.53e-05 | ETA 220.2min
step 8390/11358 (73.9%) | loss 1.3200 | lr 3.51e-05 | ETA 219.9min
step 8400/11358 (74.0%) | loss 1.2057 | lr 3.48e-05 | ETA 219.0min
step 8410/11358 (74.0%) | loss 1.3424 | lr 3.46e-05 | ETA 219.8min
step 8420/11358 (74.1%) | loss 1.2137 | lr 3.44e-05 | ETA 217.4min
step 8430/11358 (74.2%) | loss 1.5497 | lr 3.42e-05 | ETA 217.5min
step 8440/11358 (74.3%) | loss 1.5183 | lr 3.40e-05 | ETA 217.0min
step 8450/11358 (74.4%) | loss 1.5159 | lr 3.37e-05 | ETA 215.6min
step 8460/11358 (74.5%) | loss 1.4235 | lr 3.35e-05 | ETA 215.5min
step 8470/11358 (74.6%) | loss 1.3744 | lr 3.33e-05 | ETA 214.1min
step 8480/11358 (74.7%) | loss 1.4123 | lr 3.31e-05 | ETA 214.0min
step 8490/11358 (74.7%) | loss 1.3228 | lr 3.29e-05 | ETA 212.9min
step 8500/11358 (74.8%) | loss 1.2473 | lr 3.27e-05 | ETA 213.0min
eval loss: 2.0361
no improvement (2/5)
step 8510/11358 (74.9%) | loss 1.2147 | lr 3.24e-05 | ETA 211.5min
step 8520/11358 (75.0%) | loss 1.2988 | lr 3.22e-05 | ETA 210.2min
step 8530/11358 (75.1%) | loss 1.4151 | lr 3.20e-05 | ETA 210.6min
step 8540/11358 (75.2%) | loss 1.3366 | lr 3.18e-05 | ETA 209.1min
step 8550/11358 (75.3%) | loss 1.3400 | lr 3.16e-05 | ETA 208.6min
step 8560/11358 (75.4%) | loss 1.4035 | lr 3.14e-05 | ETA 207.9min
step 8570/11358 (75.5%) | loss 1.4015 | lr 3.12e-05 | ETA 206.8min
step 8580/11358 (75.5%) | loss 1.4473 | lr 3.10e-05 | ETA 207.9min
step 8590/11358 (75.6%) | loss 1.2123 | lr 3.08e-05 | ETA 205.4min
step 8600/11358 (75.7%) | loss 1.3074 | lr 3.05e-05 | ETA 204.0min
step 8610/11358 (75.8%) | loss 1.2842 | lr 3.03e-05 | ETA 203.8min
step 8620/11358 (75.9%) | loss 1.3992 | lr 3.01e-05 | ETA 203.3min
step 8630/11358 (76.0%) | loss 1.4049 | lr 2.99e-05 | ETA 203.1min
step 8640/11358 (76.1%) | loss 1.4861 | lr 2.97e-05 | ETA 202.0min
step 8650/11358 (76.2%) | loss 1.2700 | lr 2.95e-05 | ETA 201.2min
step 8660/11358 (76.2%) | loss 1.3738 | lr 2.93e-05 | ETA 200.5min
step 8670/11358 (76.3%) | loss 1.3500 | lr 2.91e-05 | ETA 200.3min
step 8680/11358 (76.4%) | loss 1.3713 | lr 2.89e-05 | ETA 198.8min
step 8690/11358 (76.5%) | loss 1.2592 | lr 2.87e-05 | ETA 198.9min
step 8700/11358 (76.6%) | loss 1.2131 | lr 2.85e-05 | ETA 197.3min
step 8710/11358 (76.7%) | loss 1.2088 | lr 2.83e-05 | ETA 196.6min
step 8720/11358 (76.8%) | loss 1.2354 | lr 2.81e-05 | ETA 196.1min
step 8730/11358 (76.9%) | loss 1.4827 | lr 2.79e-05 | ETA 195.0min
step 8740/11358 (77.0%) | loss 1.3857 | lr 2.77e-05 | ETA 195.6min
step 8750/11358 (77.0%) | loss 1.3290 | lr 2.75e-05 | ETA 193.9min
step 8760/11358 (77.1%) | loss 1.3013 | lr 2.73e-05 | ETA 193.3min
step 8770/11358 (77.2%) | loss 1.3525 | lr 2.71e-05 | ETA 191.5min
step 8780/11358 (77.3%) | loss 1.3305 | lr 2.69e-05 | ETA 191.1min
step 8790/11358 (77.4%) | loss 1.5376 | lr 2.67e-05 | ETA 190.7min
step 8800/11358 (77.5%) | loss 1.1903 | lr 2.65e-05 | ETA 191.0min
step 8810/11358 (77.6%) | loss 1.3923 | lr 2.63e-05 | ETA 188.8min
step 8820/11358 (77.7%) | loss 1.2044 | lr 2.61e-05 | ETA 188.0min
step 8830/11358 (77.7%) | loss 1.3972 | lr 2.59e-05 | ETA 187.7min
step 8840/11358 (77.8%) | loss 1.2961 | lr 2.57e-05 | ETA 186.8min
step 8850/11358 (77.9%) | loss 1.3539 | lr 2.55e-05 | ETA 185.3min
step 8860/11358 (78.0%) | loss 1.3145 | lr 2.53e-05 | ETA 186.3min
step 8870/11358 (78.1%) | loss 1.1499 | lr 2.51e-05 | ETA 185.0min
step 8880/11358 (78.2%) | loss 1.5039 | lr 2.49e-05 | ETA 184.3min
step 8890/11358 (78.3%) | loss 1.2674 | lr 2.47e-05 | ETA 183.1min
step 8900/11358 (78.4%) | loss 1.2591 | lr 2.45e-05 | ETA 182.6min
step 8910/11358 (78.4%) | loss 1.4077 | lr 2.43e-05 | ETA 182.7min
step 8920/11358 (78.5%) | loss 1.2811 | lr 2.41e-05 | ETA 180.6min
step 8930/11358 (78.6%) | loss 1.3691 | lr 2.40e-05 | ETA 180.1min
step 8940/11358 (78.7%) | loss 1.2671 | lr 2.38e-05 | ETA 179.4min
step 8950/11358 (78.8%) | loss 1.4327 | lr 2.36e-05 | ETA 178.9min
step 8960/11358 (78.9%) | loss 1.4567 | lr 2.34e-05 | ETA 178.5min
step 8970/11358 (79.0%) | loss 1.2314 | lr 2.32e-05 | ETA 178.6min
step 8980/11358 (79.1%) | loss 1.3981 | lr 2.30e-05 | ETA 176.2min
step 8990/11358 (79.2%) | loss 1.5186 | lr 2.28e-05 | ETA 175.9min
step 9000/11358 (79.2%) | loss 1.4949 | lr 2.27e-05 | ETA 175.3min
eval loss: 2.0461
no improvement (3/5)
step 9010/11358 (79.3%) | loss 1.2758 | lr 2.25e-05 | ETA 173.6min
step 9020/11358 (79.4%) | loss 1.1568 | lr 2.23e-05 | ETA 174.2min
step 9030/11358 (79.5%) | loss 1.4316 | lr 2.21e-05 | ETA 173.9min
step 9040/11358 (79.6%) | loss 1.3027 | lr 2.19e-05 | ETA 172.2min
step 9050/11358 (79.7%) | loss 1.2787 | lr 2.17e-05 | ETA 171.3min
step 9060/11358 (79.8%) | loss 1.2530 | lr 2.16e-05 | ETA 169.8min
step 9070/11358 (79.9%) | loss 1.3830 | lr 2.14e-05 | ETA 169.6min
step 9080/11358 (79.9%) | loss 1.3858 | lr 2.12e-05 | ETA 169.1min
step 9090/11358 (80.0%) | loss 1.3427 | lr 2.10e-05 | ETA 167.9min
step 9100/11358 (80.1%) | loss 1.3154 | lr 2.08e-05 | ETA 166.7min
step 9110/11358 (80.2%) | loss 1.3080 | lr 2.07e-05 | ETA 166.4min
step 9120/11358 (80.3%) | loss 1.3511 | lr 2.05e-05 | ETA 166.0min
step 9130/11358 (80.4%) | loss 1.4086 | lr 2.03e-05 | ETA 165.8min
step 9140/11358 (80.5%) | loss 1.2654 | lr 2.01e-05 | ETA 165.1min
step 9150/11358 (80.6%) | loss 1.4024 | lr 2.00e-05 | ETA 163.8min
step 9160/11358 (80.6%) | loss 1.4820 | lr 1.98e-05 | ETA 162.5min
step 9170/11358 (80.7%) | loss 1.4169 | lr 1.96e-05 | ETA 161.7min
step 9180/11358 (80.8%) | loss 1.4425 | lr 1.94e-05 | ETA 161.7min
step 9190/11358 (80.9%) | loss 1.2783 | lr 1.93e-05 | ETA 161.7min
step 9200/11358 (81.0%) | loss 1.2524 | lr 1.91e-05 | ETA 160.1min
step 9210/11358 (81.1%) | loss 1.3375 | lr 1.89e-05 | ETA 159.6min
step 9220/11358 (81.2%) | loss 1.4500 | lr 1.88e-05 | ETA 159.1min
step 9230/11358 (81.3%) | loss 1.2990 | lr 1.86e-05 | ETA 157.7min
step 9240/11358 (81.4%) | loss 1.4787 | lr 1.84e-05 | ETA 157.4min
step 9250/11358 (81.4%) | loss 1.2413 | lr 1.82e-05 | ETA 156.1min
step 9260/11358 (81.5%) | loss 1.3503 | lr 1.81e-05 | ETA 156.0min
step 9270/11358 (81.6%) | loss 1.3385 | lr 1.79e-05 | ETA 154.7min
step 9280/11358 (81.7%) | loss 1.3120 | lr 1.77e-05 | ETA 154.1min
step 9290/11358 (81.8%) | loss 1.3024 | lr 1.76e-05 | ETA 153.8min
step 9300/11358 (81.9%) | loss 1.3090 | lr 1.74e-05 | ETA 153.4min
step 9310/11358 (82.0%) | loss 1.1842 | lr 1.73e-05 | ETA 151.7min
step 9320/11358 (82.1%) | loss 1.4070 | lr 1.71e-05 | ETA 151.2min
step 9330/11358 (82.1%) | loss 1.3676 | lr 1.69e-05 | ETA 150.6min
step 9340/11358 (82.2%) | loss 1.1698 | lr 1.68e-05 | ETA 149.9min
step 9350/11358 (82.3%) | loss 1.1382 | lr 1.66e-05 | ETA 149.0min
step 9360/11358 (82.4%) | loss 1.2025 | lr 1.64e-05 | ETA 149.1min
step 9370/11358 (82.5%) | loss 1.3256 | lr 1.63e-05 | ETA 147.8min
step 9380/11358 (82.6%) | loss 1.1083 | lr 1.61e-05 | ETA 146.6min
step 9390/11358 (82.7%) | loss 1.2596 | lr 1.60e-05 | ETA 146.1min
step 9400/11358 (82.8%) | loss 1.3883 | lr 1.58e-05 | ETA 145.6min
step 9410/11358 (82.8%) | loss 1.2471 | lr 1.57e-05 | ETA 144.0min
step 9420/11358 (82.9%) | loss 1.3503 | lr 1.55e-05 | ETA 144.2min
step 9430/11358 (83.0%) | loss 1.4456 | lr 1.53e-05 | ETA 143.3min
step 9440/11358 (83.1%) | loss 1.1821 | lr 1.52e-05 | ETA 142.4min
step 9450/11358 (83.2%) | loss 1.2470 | lr 1.50e-05 | ETA 141.1min
step 9460/11358 (83.3%) | loss 1.4053 | lr 1.49e-05 | ETA 141.0min
step 9470/11358 (83.4%) | loss 1.5086 | lr 1.47e-05 | ETA 140.8min
step 9480/11358 (83.5%) | loss 1.3001 | lr 1.46e-05 | ETA 139.2min
step 9490/11358 (83.6%) | loss 1.2848 | lr 1.44e-05 | ETA 139.1min
step 9500/11358 (83.6%) | loss 1.2377 | lr 1.43e-05 | ETA 138.0min
eval loss: 2.0370
no improvement (4/5)
step 9510/11358 (83.7%) | loss 1.1938 | lr 1.41e-05 | ETA 137.5min
step 9520/11358 (83.8%) | loss 1.3917 | lr 1.40e-05 | ETA 137.0min
step 9530/11358 (83.9%) | loss 1.3878 | lr 1.38e-05 | ETA 136.2min
step 9540/11358 (84.0%) | loss 1.2446 | lr 1.37e-05 | ETA 135.3min
step 9550/11358 (84.1%) | loss 1.2787 | lr 1.35e-05 | ETA 135.2min
step 9560/11358 (84.2%) | loss 1.4896 | lr 1.34e-05 | ETA 134.3min
step 9570/11358 (84.3%) | loss 1.5337 | lr 1.32e-05 | ETA 133.8min
step 9580/11358 (84.3%) | loss 1.4582 | lr 1.31e-05 | ETA 132.6min
step 9590/11358 (84.4%) | loss 1.3211 | lr 1.30e-05 | ETA 131.2min
step 9600/11358 (84.5%) | loss 1.3539 | lr 1.28e-05 | ETA 130.8min
step 9610/11358 (84.6%) | loss 1.4151 | lr 1.27e-05 | ETA 130.3min
step 9620/11358 (84.7%) | loss 1.2462 | lr 1.25e-05 | ETA 129.8min
step 9630/11358 (84.8%) | loss 1.3696 | lr 1.24e-05 | ETA 129.3min
step 9640/11358 (84.9%) | loss 1.2721 | lr 1.22e-05 | ETA 127.7min
step 9650/11358 (85.0%) | loss 1.2995 | lr 1.21e-05 | ETA 126.7min
step 9660/11358 (85.1%) | loss 1.3647 | lr 1.20e-05 | ETA 126.3min
step 9670/11358 (85.1%) | loss 1.3019 | lr 1.18e-05 | ETA 125.4min
step 9680/11358 (85.2%) | loss 1.4129 | lr 1.17e-05 | ETA 124.4min
step 9690/11358 (85.3%) | loss 1.2380 | lr 1.16e-05 | ETA 123.9min
step 9700/11358 (85.4%) | loss 1.4753 | lr 1.14e-05 | ETA 122.9min
step 9710/11358 (85.5%) | loss 1.3529 | lr 1.13e-05 | ETA 122.0min
step 9720/11358 (85.6%) | loss 1.1860 | lr 1.12e-05 | ETA 121.6min
step 9730/11358 (85.7%) | loss 1.4001 | lr 1.10e-05 | ETA 120.8min
step 9740/11358 (85.8%) | loss 1.1371 | lr 1.09e-05 | ETA 120.0min
step 9750/11358 (85.8%) | loss 1.3388 | lr 1.08e-05 | ETA 119.0min
step 9760/11358 (85.9%) | loss 1.2721 | lr 1.06e-05 | ETA 118.4min
step 9770/11358 (86.0%) | loss 1.2816 | lr 1.05e-05 | ETA 117.5min
step 9780/11358 (86.1%) | loss 1.2487 | lr 1.04e-05 | ETA 117.1min
step 9790/11358 (86.2%) | loss 1.3816 | lr 1.02e-05 | ETA 116.4min
step 9800/11358 (86.3%) | loss 1.2476 | lr 1.01e-05 | ETA 116.2min
step 9810/11358 (86.4%) | loss 1.5903 | lr 9.98e-06 | ETA 114.7min
step 9820/11358 (86.5%) | loss 1.4497 | lr 9.86e-06 | ETA 113.8min
step 9830/11358 (86.5%) | loss 1.4448 | lr 9.73e-06 | ETA 113.2min
step 9840/11358 (86.6%) | loss 1.4616 | lr 9.61e-06 | ETA 112.6min
step 9850/11358 (86.7%) | loss 1.3175 | lr 9.48e-06 | ETA 112.0min
step 9860/11358 (86.8%) | loss 1.4850 | lr 9.36e-06 | ETA 111.6min
step 9870/11358 (86.9%) | loss 1.4370 | lr 9.24e-06 | ETA 110.7min
step 9880/11358 (87.0%) | loss 1.2872 | lr 9.12e-06 | ETA 109.8min
step 9890/11358 (87.1%) | loss 1.4639 | lr 8.99e-06 | ETA 108.6min
step 9900/11358 (87.2%) | loss 1.3540 | lr 8.87e-06 | ETA 108.3min
step 9910/11358 (87.3%) | loss 1.2028 | lr 8.75e-06 | ETA 107.1min
step 9920/11358 (87.3%) | loss 1.4399 | lr 8.64e-06 | ETA 106.9min
step 9930/11358 (87.4%) | loss 1.2561 | lr 8.52e-06 | ETA 105.9min
step 9940/11358 (87.5%) | loss 1.2908 | lr 8.40e-06 | ETA 105.5min
step 9950/11358 (87.6%) | loss 1.2855 | lr 8.28e-06 | ETA 104.7min
step 9960/11358 (87.7%) | loss 1.4103 | lr 8.17e-06 | ETA 104.4min
step 9970/11358 (87.8%) | loss 1.3953 | lr 8.05e-06 | ETA 103.0min
step 9980/11358 (87.9%) | loss 1.2863 | lr 7.94e-06 | ETA 102.2min
step 9990/11358 (88.0%) | loss 1.1501 | lr 7.83e-06 | ETA 101.7min
step 10000/11358 (88.0%) | loss 1.4557 | lr 7.71e-06 | ETA 100.9min
eval loss: 2.0412
no improvement (5/5)
early stopping triggered — stopping training.

final eval loss: 2.0412
training complete.
